Sep 24 17:03:12 da12fb1ecfde sysmon: <Event><System><Provider Name="Linux-Sysmon" Guid="{ff032593-a8d3-4f13-b0d6-01fc615a0f97}"/><EventID>1</EventID><Version>5</Version><Level>4</Level><Task>1</Task><Opcode>0</Opcode><Keywords>0x8000000000000000</Keywords><TimeCreated SystemTime="2022-09-24T17:03:12.462318000Z"/><EventRecordID>358</EventRecordID><Correlation/><Execution ProcessID="132" ThreadID="132"/><Channel>Linux-Sysmon/Operational</Channel><Computer>da12fb1ecfde</Computer><Security UserId="0"/></System><EventData><Data Name="RuleName">-</Data><Data Name="UtcTime">2022-09-24 13:57:16.357</Data><Data Name="ProcessGuid">{3c0b761a-0cbc-632f-0000-000000000000}</Data><Data Name="ProcessId">151713</Data><Data Name="Image">-</Data><Data Name="FileVersion">-</Data><Data Name="Description">-</Data><Data Name="Product">-</Data><Data Name="Company">-</Data><Data Name="OriginalFileName">-</Data><Data Name="CommandLine">-</Data><Data Name="CurrentDirectory">-</Data><Data Name="User">-</Data><Data Name="LogonGuid">{3c0b761a-0000-0000-ffff-ffffffffffff}</Data><Data Name="LogonId">65535</Data><Data Name="TerminalSessionId">0</Data><Data Name="IntegrityLevel">no level</Data><Data Name="Hashes">-</Data><Data Name="ParentProcessGuid">{00000000-0000-0000-0000-000000000000}</Data><Data Name="ParentProcessId">0</Data><Data Name="ParentImage">-</Data><Data Name="ParentCommandLine">-</Data><Data Name="ParentUser">-</Data></EventData></Event>
Sep 24 17:03:12 da12fb1ecfde sysmon: <Event><System><Provider Name="Linux-Sysmon" Guid="{ff032593-a8d3-4f13-b0d6-01fc615a0f97}"/><EventID>5</EventID><Version>3</Version><Level>4</Level><Task>5</Task><Opcode>0</Opcode><Keywords>0x8000000000000000</Keywords><TimeCreated SystemTime="2022-09-24T17:03:12.462465000Z"/><EventRecordID>359</EventRecordID><Correlation/><Execution ProcessID="132" ThreadID="132"/><Channel>Linux-Sysmon/Operational</Channel><Computer>da12fb1ecfde</Computer><Security UserId="0"/></System><EventData><Data Name="RuleName">-</Data><Data Name="UtcTime">2022-09-24 17:03:12.468</Data><Data Name="ProcessGuid">{3c0b761a-0cbc-632f-0000-000000000000}</Data><Data Name="ProcessId">151713</Data><Data Name="Image">(null)</Data><Data Name="User">-</Data></EventData></Event>
Sep 24 17:03:12 da12fb1ecfde sysmon: <Event><System><Provider Name="Linux-Sysmon" Guid="{ff032593-a8d3-4f13-b0d6-01fc615a0f97}"/><EventID>5</EventID><Version>3</Version><Level>4</Level><Task>5</Task><Opcode>0</Opcode><Keywords>0x8000000000000000</Keywords><TimeCreated SystemTime="2022-09-24T17:03:12.465915000Z"/><EventRecordID>360</EventRecordID><Correlation/><Execution ProcessID="132" ThreadID="132"/><Channel>Linux-Sysmon/Operational</Channel><Computer>da12fb1ecfde</Computer><Security UserId="0"/></System><EventData><Data Name="RuleName">-</Data><Data Name="UtcTime">2022-09-24 17:03:12.472</Data><Data Name="ProcessGuid">{00000000-0000-0000-0000-000000000000}</Data><Data Name="ProcessId">149681</Data><Data Name="Image">&lt;unknown process&gt;</Data><Data Name="User">-</Data></EventData></Event>
Sep 24 17:03:12 da12fb1ecfde sysmon: <Event><System><Provider Name="Linux-Sysmon" Guid="{ff032593-a8d3-4f13-b0d6-01fc615a0f97}"/><EventID>5</EventID><Version>3</Version><Level>4</Level><Task>5</Task><Opcode>0</Opcode><Keywords>0x8000000000000000</Keywords><TimeCreated SystemTime="2022-09-24T17:03:12.465990000Z"/><EventRecordID>361</EventRecordID><Correlation/><Execution ProcessID="132" ThreadID="132"/><Channel>Linux-Sysmon/Operational</Channel><Computer>da12fb1ecfde</Computer><Security UserId="0"/></System><EventData><Data Name="RuleName">-</Data><Data Name="UtcTime">2022-09-24 17:03:12.472</Data><Data Name="ProcessGuid">{00000000-0000-0000-0000-000000000000}</Data><Data Name="ProcessId">149682</Data><Data Name="Image">&lt;unknown process&gt;</Data><Data Name="User">-</Data></EventData></Event>
Sep 24 17:03:12 da12fb1ecfde sysmon: <Event><System><Provider Name="Linux-Sysmon" Guid="{ff032593-a8d3-4f13-b0d6-01fc615a0f97}"/><EventID>5</EventID><Version>3</Version><Level>4</Level><Task>5</Task><Opcode>0</Opcode><Keywords>0x8000000000000000</Keywords><TimeCreated SystemTime="2022-09-24T17:03:12.466023000Z"/><EventRecordID>362</EventRecordID><Correlation/><Execution ProcessID="132" ThreadID="132"/><Channel>Linux-Sysmon/Operational</Channel><Computer>da12fb1ecfde</Computer><Security UserId="0"/></System><EventData><Data Name="RuleName">-</Data><Data Name="UtcTime">2022-09-24 17:03:12.472</Data><Data Name="ProcessGuid">{00000000-0000-0000-0000-000000000000}</Data><Data Name="ProcessId">140804</Data><Data Name="Image">&lt;unknown process&gt;</Data><Data Name="User">-</Data></EventData></Event>
Sep 24 17:03:12 da12fb1ecfde sysmon: <Event><System><Provider Name="Linux-Sysmon" Guid="{ff032593-a8d3-4f13-b0d6-01fc615a0f97}"/><EventID>5</EventID><Version>3</Version><Level>4</Level><Task>5</Task><Opcode>0</Opcode><Keywords>0x8000000000000000</Keywords><TimeCreated SystemTime="2022-09-24T17:03:12.466048000Z"/><EventRecordID>363</EventRecordID><Correlation/><Execution ProcessID="132" ThreadID="132"/><Channel>Linux-Sysmon/Operational</Channel><Computer>da12fb1ecfde</Computer><Security UserId="0"/></System><EventData><Data Name="RuleName">-</Data><Data Name="UtcTime">2022-09-24 17:03:12.472</Data><Data Name="ProcessGuid">{00000000-0000-0000-0000-000000000000}</Data><Data Name="ProcessId">141459</Data><Data Name="Image">&lt;unknown process&gt;</Data><Data Name="User">-</Data></EventData></Event>
Sep 24 17:03:12 da12fb1ecfde sysmon: <Event><System><Provider Name="Linux-Sysmon" Guid="{ff032593-a8d3-4f13-b0d6-01fc615a0f97}"/><EventID>5</EventID><Version>3</Version><Level>4</Level><Task>5</Task><Opcode>0</Opcode><Keywords>0x8000000000000000</Keywords><TimeCreated SystemTime="2022-09-24T17:03:12.466074000Z"/><EventRecordID>364</EventRecordID><Correlation/><Execution ProcessID="132" ThreadID="132"/><Channel>Linux-Sysmon/Operational</Channel><Computer>da12fb1ecfde</Computer><Security UserId="0"/></System><EventData><Data Name="RuleName">-</Data><Data Name="UtcTime">2022-09-24 17:03:12.472</Data><Data Name="ProcessGuid">{00000000-0000-0000-0000-000000000000}</Data><Data Name="ProcessId">143153</Data><Data Name="Image">&lt;unknown process&gt;</Data><Data Name="User">-</Data></EventData></Event>
Sep 24 17:03:12 da12fb1ecfde sysmon: <Event><System><Provider Name="Linux-Sysmon" Guid="{ff032593-a8d3-4f13-b0d6-01fc615a0f97}"/><EventID>5</EventID><Version>3</Version><Level>4</Level><Task>5</Task><Opcode>0</Opcode><Keywords>0x8000000000000000</Keywords><TimeCreated SystemTime="2022-09-24T17:03:12.466101000Z"/><EventRecordID>365</EventRecordID><Correlation/><Execution ProcessID="132" ThreadID="132"/><Channel>Linux-Sysmon/Operational</Channel><Computer>da12fb1ecfde</Computer><Security UserId="0"/></System><EventData><Data Name="RuleName">-</Data><Data Name="UtcTime">2022-09-24 17:03:12.472</Data><Data Name="ProcessGuid">{00000000-0000-0000-0000-000000000000}</Data><Data Name="ProcessId">149668</Data><Data Name="Image">&lt;unknown process&gt;</Data><Data Name="User">-</Data></EventData></Event>
Sep 24 17:03:12 da12fb1ecfde sysmon: <Event><System><Provider Name="Linux-Sysmon" Guid="{ff032593-a8d3-4f13-b0d6-01fc615a0f97}"/><EventID>5</EventID><Version>3</Version><Level>4</Level><Task>5</Task><Opcode>0</Opcode><Keywords>0x8000000000000000</Keywords><TimeCreated SystemTime="2022-09-24T17:03:12.466127000Z"/><EventRecordID>366</EventRecordID><Correlation/><Execution ProcessID="132" ThreadID="132"/><Channel>Linux-Sysmon/Operational</Channel><Computer>da12fb1ecfde</Computer><Security UserId="0"/></System><EventData><Data Name="RuleName">-</Data><Data Name="UtcTime">2022-09-24 17:03:12.472</Data><Data Name="ProcessGuid">{00000000-0000-0000-0000-000000000000}</Data><Data Name="ProcessId">149669</Data><Data Name="Image">&lt;unknown process&gt;</Data><Data Name="User">-</Data></EventData></Event>
Sep 24 17:03:12 da12fb1ecfde sysmon: <Event><System><Provider Name="Linux-Sysmon" Guid="{ff032593-a8d3-4f13-b0d6-01fc615a0f97}"/><EventID>5</EventID><Version>3</Version><Level>4</Level><Task>5</Task><Opcode>0</Opcode><Keywords>0x8000000000000000</Keywords><TimeCreated SystemTime="2022-09-24T17:03:12.466153000Z"/><EventRecordID>367</EventRecordID><Correlation/><Execution ProcessID="132" ThreadID="132"/><Channel>Linux-Sysmon/Operational</Channel><Computer>da12fb1ecfde</Computer><Security UserId="0"/></System><EventData><Data Name="RuleName">-</Data><Data Name="UtcTime">2022-09-24 17:03:12.472</Data><Data Name="ProcessGuid">{00000000-0000-0000-0000-000000000000}</Data><Data Name="ProcessId">149670</Data><Data Name="Image">&lt;unknown process&gt;</Data><Data Name="User">-</Data></EventData></Event>
Sep 24 17:03:12 da12fb1ecfde sysmon: <Event><System><Provider Name="Linux-Sysmon" Guid="{ff032593-a8d3-4f13-b0d6-01fc615a0f97}"/><EventID>5</EventID><Version>3</Version><Level>4</Level><Task>5</Task><Opcode>0</Opcode><Keywords>0x8000000000000000</Keywords><TimeCreated SystemTime="2022-09-24T17:03:12.466179000Z"/><EventRecordID>368</EventRecordID><Correlation/><Execution ProcessID="132" ThreadID="132"/><Channel>Linux-Sysmon/Operational</Channel><Computer>da12fb1ecfde</Computer><Security UserId="0"/></System><EventData><Data Name="RuleName">-</Data><Data Name="UtcTime">2022-09-24 17:03:12.472</Data><Data Name="ProcessGuid">{00000000-0000-0000-0000-000000000000}</Data><Data Name="ProcessId">149671</Data><Data Name="Image">&lt;unknown process&gt;</Data><Data Name="User">-</Data></EventData></Event>
Sep 24 17:03:12 da12fb1ecfde sysmon: <Event><System><Provider Name="Linux-Sysmon" Guid="{ff032593-a8d3-4f13-b0d6-01fc615a0f97}"/><EventID>5</EventID><Version>3</Version><Level>4</Level><Task>5</Task><Opcode>0</Opcode><Keywords>0x8000000000000000</Keywords><TimeCreated SystemTime="2022-09-24T17:03:12.466208000Z"/><EventRecordID>369</EventRecordID><Correlation/><Execution ProcessID="132" ThreadID="132"/><Channel>Linux-Sysmon/Operational</Channel><Computer>da12fb1ecfde</Computer><Security UserId="0"/></System><EventData><Data Name="RuleName">-</Data><Data Name="UtcTime">2022-09-24 17:03:12.472</Data><Data Name="ProcessGuid">{00000000-0000-0000-0000-000000000000}</Data><Data Name="ProcessId">149672</Data><Data Name="Image">&lt;unknown process&gt;</Data><Data Name="User">-</Data></EventData></Event>
Sep 24 17:03:12 da12fb1ecfde sysmon: <Event><System><Provider Name="Linux-Sysmon" Guid="{ff032593-a8d3-4f13-b0d6-01fc615a0f97}"/><EventID>5</EventID><Version>3</Version><Level>4</Level><Task>5</Task><Opcode>0</Opcode><Keywords>0x8000000000000000</Keywords><TimeCreated SystemTime="2022-09-24T17:03:12.466233000Z"/><EventRecordID>370</EventRecordID><Correlation/><Execution ProcessID="132" ThreadID="132"/><Channel>Linux-Sysmon/Operational</Channel><Computer>da12fb1ecfde</Computer><Security UserId="0"/></System><EventData><Data Name="RuleName">-</Data><Data Name="UtcTime">2022-09-24 17:03:12.472</Data><Data Name="ProcessGuid">{00000000-0000-0000-0000-000000000000}</Data><Data Name="ProcessId">149673</Data><Data Name="Image">&lt;unknown process&gt;</Data><Data Name="User">-</Data></EventData></Event>
Sep 24 17:03:12 da12fb1ecfde sysmon: <Event><System><Provider Name="Linux-Sysmon" Guid="{ff032593-a8d3-4f13-b0d6-01fc615a0f97}"/><EventID>5</EventID><Version>3</Version><Level>4</Level><Task>5</Task><Opcode>0</Opcode><Keywords>0x8000000000000000</Keywords><TimeCreated SystemTime="2022-09-24T17:03:12.466259000Z"/><EventRecordID>371</EventRecordID><Correlation/><Execution ProcessID="132" ThreadID="132"/><Channel>Linux-Sysmon/Operational</Channel><Computer>da12fb1ecfde</Computer><Security UserId="0"/></System><EventData><Data Name="RuleName">-</Data><Data Name="UtcTime">2022-09-24 17:03:12.472</Data><Data Name="ProcessGuid">{00000000-0000-0000-0000-000000000000}</Data><Data Name="ProcessId">149674</Data><Data Name="Image">&lt;unknown process&gt;</Data><Data Name="User">-</Data></EventData></Event>
Sep 24 17:03:12 da12fb1ecfde sysmon: <Event><System><Provider Name="Linux-Sysmon" Guid="{ff032593-a8d3-4f13-b0d6-01fc615a0f97}"/><EventID>5</EventID><Version>3</Version><Level>4</Level><Task>5</Task><Opcode>0</Opcode><Keywords>0x8000000000000000</Keywords><TimeCreated SystemTime="2022-09-24T17:03:12.466284000Z"/><EventRecordID>372</EventRecordID><Correlation/><Execution ProcessID="132" ThreadID="132"/><Channel>Linux-Sysmon/Operational</Channel><Computer>da12fb1ecfde</Computer><Security UserId="0"/></System><EventData><Data Name="RuleName">-</Data><Data Name="UtcTime">2022-09-24 17:03:12.472</Data><Data Name="ProcessGuid">{00000000-0000-0000-0000-000000000000}</Data><Data Name="ProcessId">149675</Data><Data Name="Image">&lt;unknown process&gt;</Data><Data Name="User">-</Data></EventData></Event>
Sep 24 17:03:12 da12fb1ecfde sysmon: <Event><System><Provider Name="Linux-Sysmon" Guid="{ff032593-a8d3-4f13-b0d6-01fc615a0f97}"/><EventID>5</EventID><Version>3</Version><Level>4</Level><Task>5</Task><Opcode>0</Opcode><Keywords>0x8000000000000000</Keywords><TimeCreated SystemTime="2022-09-24T17:03:12.466309000Z"/><EventRecordID>373</EventRecordID><Correlation/><Execution ProcessID="132" ThreadID="132"/><Channel>Linux-Sysmon/Operational</Channel><Computer>da12fb1ecfde</Computer><Security UserId="0"/></System><EventData><Data Name="RuleName">-</Data><Data Name="UtcTime">2022-09-24 17:03:12.472</Data><Data Name="ProcessGuid">{00000000-0000-0000-0000-000000000000}</Data><Data Name="ProcessId">149676</Data><Data Name="Image">&lt;unknown process&gt;</Data><Data Name="User">-</Data></EventData></Event>
Sep 24 17:03:12 da12fb1ecfde sysmon: <Event><System><Provider Name="Linux-Sysmon" Guid="{ff032593-a8d3-4f13-b0d6-01fc615a0f97}"/><EventID>5</EventID><Version>3</Version><Level>4</Level><Task>5</Task><Opcode>0</Opcode><Keywords>0x8000000000000000</Keywords><TimeCreated SystemTime="2022-09-24T17:03:12.466334000Z"/><EventRecordID>374</EventRecordID><Correlation/><Execution ProcessID="132" ThreadID="132"/><Channel>Linux-Sysmon/Operational</Channel><Computer>da12fb1ecfde</Computer><Security UserId="0"/></System><EventData><Data Name="RuleName">-</Data><Data Name="UtcTime">2022-09-24 17:03:12.472</Data><Data Name="ProcessGuid">{00000000-0000-0000-0000-000000000000}</Data><Data Name="ProcessId">149677</Data><Data Name="Image">&lt;unknown process&gt;</Data><Data Name="User">-</Data></EventData></Event>
Sep 24 17:03:12 da12fb1ecfde sysmon: <Event><System><Provider Name="Linux-Sysmon" Guid="{ff032593-a8d3-4f13-b0d6-01fc615a0f97}"/><EventID>5</EventID><Version>3</Version><Level>4</Level><Task>5</Task><Opcode>0</Opcode><Keywords>0x8000000000000000</Keywords><TimeCreated SystemTime="2022-09-24T17:03:12.466359000Z"/><EventRecordID>375</EventRecordID><Correlation/><Execution ProcessID="132" ThreadID="132"/><Channel>Linux-Sysmon/Operational</Channel><Computer>da12fb1ecfde</Computer><Security UserId="0"/></System><EventData><Data Name="RuleName">-</Data><Data Name="UtcTime">2022-09-24 17:03:12.472</Data><Data Name="ProcessGuid">{00000000-0000-0000-0000-000000000000}</Data><Data Name="ProcessId">149678</Data><Data Name="Image">&lt;unknown process&gt;</Data><Data Name="User">-</Data></EventData></Event>
Sep 24 17:03:12 da12fb1ecfde sysmon: <Event><System><Provider Name="Linux-Sysmon" Guid="{ff032593-a8d3-4f13-b0d6-01fc615a0f97}"/><EventID>5</EventID><Version>3</Version><Level>4</Level><Task>5</Task><Opcode>0</Opcode><Keywords>0x8000000000000000</Keywords><TimeCreated SystemTime="2022-09-24T17:03:12.498192000Z"/><EventRecordID>376</EventRecordID><Correlation/><Execution ProcessID="132" ThreadID="132"/><Channel>Linux-Sysmon/Operational</Channel><Computer>da12fb1ecfde</Computer><Security UserId="0"/></System><EventData><Data Name="RuleName">-</Data><Data Name="UtcTime">2022-09-24 17:03:12.504</Data><Data Name="ProcessGuid">{00000000-0000-0000-0000-000000000000}</Data><Data Name="ProcessId">151712</Data><Data Name="Image">&lt;unknown process&gt;</Data><Data Name="User">root</Data></EventData></Event>
Sep 24 17:03:12 da12fb1ecfde sysmon: <Event><System><Provider Name="Linux-Sysmon" Guid="{ff032593-a8d3-4f13-b0d6-01fc615a0f97}"/><EventID>5</EventID><Version>3</Version><Level>4</Level><Task>5</Task><Opcode>0</Opcode><Keywords>0x8000000000000000</Keywords><TimeCreated SystemTime="2022-09-24T17:03:12.500707000Z"/><EventRecordID>377</EventRecordID><Correlation/><Execution ProcessID="132" ThreadID="132"/><Channel>Linux-Sysmon/Operational</Channel><Computer>da12fb1ecfde</Computer><Security UserId="0"/></System><EventData><Data Name="RuleName">-</Data><Data Name="UtcTime">2022-09-24 17:03:12.506</Data><Data Name="ProcessGuid">{00000000-0000-0000-0000-000000000000}</Data><Data Name="ProcessId">151711</Data><Data Name="Image">&lt;unknown process&gt;</Data><Data Name="User">-</Data></EventData></Event>
Sep 24 17:03:13 da12fb1ecfde sysmon: <Event><System><Provider Name="Linux-Sysmon" Guid="{ff032593-a8d3-4f13-b0d6-01fc615a0f97}"/><EventID>1</EventID><Version>5</Version><Level>4</Level><Task>1</Task><Opcode>0</Opcode><Keywords>0x8000000000000000</Keywords><TimeCreated SystemTime="2022-09-24T17:03:13.535746000Z"/><EventRecordID>378</EventRecordID><Correlation/><Execution ProcessID="132" ThreadID="132"/><Channel>Linux-Sysmon/Operational</Channel><Computer>da12fb1ecfde</Computer><Security UserId="0"/></System><EventData><Data Name="RuleName">-</Data><Data Name="UtcTime">2022-09-24 13:57:16.357</Data><Data Name="ProcessGuid">{3c0b761a-0cbc-632f-0000-000000000000}</Data><Data Name="ProcessId">151716</Data><Data Name="Image">-</Data><Data Name="FileVersion">-</Data><Data Name="Description">-</Data><Data Name="Product">-</Data><Data Name="Company">-</Data><Data Name="OriginalFileName">-</Data><Data Name="CommandLine">-</Data><Data Name="CurrentDirectory">-</Data><Data Name="User">-</Data><Data Name="LogonGuid">{3c0b761a-0000-0000-ffff-ffffffffffff}</Data><Data Name="LogonId">65535</Data><Data Name="TerminalSessionId">0</Data><Data Name="IntegrityLevel">no level</Data><Data Name="Hashes">-</Data><Data Name="ParentProcessGuid">{00000000-0000-0000-0000-000000000000}</Data><Data Name="ParentProcessId">0</Data><Data Name="ParentImage">-</Data><Data Name="ParentCommandLine">-</Data><Data Name="ParentUser">-</Data></EventData></Event>
Sep 24 17:03:13 da12fb1ecfde sysmon: <Event><System><Provider Name="Linux-Sysmon" Guid="{ff032593-a8d3-4f13-b0d6-01fc615a0f97}"/><EventID>1</EventID><Version>5</Version><Level>4</Level><Task>1</Task><Opcode>0</Opcode><Keywords>0x8000000000000000</Keywords><TimeCreated SystemTime="2022-09-24T17:03:13.535943000Z"/><EventRecordID>379</EventRecordID><Correlation/><Execution ProcessID="132" ThreadID="132"/><Channel>Linux-Sysmon/Operational</Channel><Computer>da12fb1ecfde</Computer><Security UserId="0"/></System><EventData><Data Name="RuleName">-</Data><Data Name="UtcTime">2022-09-24 13:57:16.357</Data><Data Name="ProcessGuid">{3c0b761a-0cbc-632f-0000-000000000000}</Data><Data Name="ProcessId">151716</Data><Data Name="Image">-</Data><Data Name="FileVersion">-</Data><Data Name="Description">-</Data><Data Name="Product">-</Data><Data Name="Company">-</Data><Data Name="OriginalFileName">-</Data><Data Name="CommandLine">-</Data><Data Name="CurrentDirectory">-</Data><Data Name="User">-</Data><Data Name="LogonGuid">{3c0b761a-0000-0000-ffff-ffffffffffff}</Data><Data Name="LogonId">65535</Data><Data Name="TerminalSessionId">0</Data><Data Name="IntegrityLevel">no level</Data><Data Name="Hashes">-</Data><Data Name="ParentProcessGuid">{00000000-0000-0000-0000-000000000000}</Data><Data Name="ParentProcessId">0</Data><Data Name="ParentImage">-</Data><Data Name="ParentCommandLine">-</Data><Data Name="ParentUser">-</Data></EventData></Event>
Sep 24 17:03:13 da12fb1ecfde sysmon: <Event><System><Provider Name="Linux-Sysmon" Guid="{ff032593-a8d3-4f13-b0d6-01fc615a0f97}"/><EventID>5</EventID><Version>3</Version><Level>4</Level><Task>5</Task><Opcode>0</Opcode><Keywords>0x8000000000000000</Keywords><TimeCreated SystemTime="2022-09-24T17:03:13.536138000Z"/><EventRecordID>380</EventRecordID><Correlation/><Execution ProcessID="132" ThreadID="132"/><Channel>Linux-Sysmon/Operational</Channel><Computer>da12fb1ecfde</Computer><Security UserId="0"/></System><EventData><Data Name="RuleName">-</Data><Data Name="UtcTime">2022-09-24 17:03:13.542</Data><Data Name="ProcessGuid">{3c0b761a-0cbc-632f-0000-000000000000}</Data><Data Name="ProcessId">151716</Data><Data Name="Image">(null)</Data><Data Name="User">-</Data></EventData></Event>
Sep 24 17:03:13 da12fb1ecfde sysmon: <Event><System><Provider Name="Linux-Sysmon" Guid="{ff032593-a8d3-4f13-b0d6-01fc615a0f97}"/><EventID>5</EventID><Version>3</Version><Level>4</Level><Task>5</Task><Opcode>0</Opcode><Keywords>0x8000000000000000</Keywords><TimeCreated SystemTime="2022-09-24T17:03:13.573040000Z"/><EventRecordID>381</EventRecordID><Correlation/><Execution ProcessID="132" ThreadID="132"/><Channel>Linux-Sysmon/Operational</Channel><Computer>da12fb1ecfde</Computer><Security UserId="0"/></System><EventData><Data Name="RuleName">-</Data><Data Name="UtcTime">2022-09-24 17:03:13.579</Data><Data Name="ProcessGuid">{00000000-0000-0000-0000-000000000000}</Data><Data Name="ProcessId">151715</Data><Data Name="Image">&lt;unknown process&gt;</Data><Data Name="User">root</Data></EventData></Event>
Sep 24 17:03:13 da12fb1ecfde sysmon: <Event><System><Provider Name="Linux-Sysmon" Guid="{ff032593-a8d3-4f13-b0d6-01fc615a0f97}"/><EventID>5</EventID><Version>3</Version><Level>4</Level><Task>5</Task><Opcode>0</Opcode><Keywords>0x8000000000000000</Keywords><TimeCreated SystemTime="2022-09-24T17:03:13.575956000Z"/><EventRecordID>382</EventRecordID><Correlation/><Execution ProcessID="132" ThreadID="132"/><Channel>Linux-Sysmon/Operational</Channel><Computer>da12fb1ecfde</Computer><Security UserId="0"/></System><EventData><Data Name="RuleName">-</Data><Data Name="UtcTime">2022-09-24 17:03:13.582</Data><Data Name="ProcessGuid">{00000000-0000-0000-0000-000000000000}</Data><Data Name="ProcessId">151714</Data><Data Name="Image">&lt;unknown process&gt;</Data><Data Name="User">root</Data></EventData></Event>
Sep 24 17:03:17 da12fb1ecfde sysmon: <Event><System><Provider Name="Linux-Sysmon" Guid="{ff032593-a8d3-4f13-b0d6-01fc615a0f97}"/><EventID>1</EventID><Version>5</Version><Level>4</Level><Task>1</Task><Opcode>0</Opcode><Keywords>0x8000000000000000</Keywords><TimeCreated SystemTime="2022-09-24T17:03:17.391461000Z"/><EventRecordID>383</EventRecordID><Correlation/><Execution ProcessID="132" ThreadID="132"/><Channel>Linux-Sysmon/Operational</Channel><Computer>da12fb1ecfde</Computer><Security UserId="0"/></System><EventData><Data Name="RuleName">-</Data><Data Name="UtcTime">2022-09-24 13:57:16.357</Data><Data Name="ProcessGuid">{3c0b761a-0cbc-632f-0000-000000000000}</Data><Data Name="ProcessId">151719</Data><Data Name="Image">-</Data><Data Name="FileVersion">-</Data><Data Name="Description">-</Data><Data Name="Product">-</Data><Data Name="Company">-</Data><Data Name="OriginalFileName">-</Data><Data Name="CommandLine">-</Data><Data Name="CurrentDirectory">-</Data><Data Name="User">-</Data><Data Name="LogonGuid">{3c0b761a-0000-0000-ffff-ffffffffffff}</Data><Data Name="LogonId">65535</Data><Data Name="TerminalSessionId">0</Data><Data Name="IntegrityLevel">no level</Data><Data Name="Hashes">-</Data><Data Name="ParentProcessGuid">{00000000-0000-0000-0000-000000000000}</Data><Data Name="ParentProcessId">0</Data><Data Name="ParentImage">-</Data><Data Name="ParentCommandLine">-</Data><Data Name="ParentUser">-</Data></EventData></Event>
Sep 24 17:03:17 da12fb1ecfde sysmon: <Event><System><Provider Name="Linux-Sysmon" Guid="{ff032593-a8d3-4f13-b0d6-01fc615a0f97}"/><EventID>1</EventID><Version>5</Version><Level>4</Level><Task>1</Task><Opcode>0</Opcode><Keywords>0x8000000000000000</Keywords><TimeCreated SystemTime="2022-09-24T17:03:17.391678000Z"/><EventRecordID>384</EventRecordID><Correlation/><Execution ProcessID="132" ThreadID="132"/><Channel>Linux-Sysmon/Operational</Channel><Computer>da12fb1ecfde</Computer><Security UserId="0"/></System><EventData><Data Name="RuleName">-</Data><Data Name="UtcTime">2022-09-24 13:57:16.357</Data><Data Name="ProcessGuid">{3c0b761a-0cbc-632f-0000-000000000000}</Data><Data Name="ProcessId">151719</Data><Data Name="Image">-</Data><Data Name="FileVersion">-</Data><Data Name="Description">-</Data><Data Name="Product">-</Data><Data Name="Company">-</Data><Data Name="OriginalFileName">-</Data><Data Name="CommandLine">-</Data><Data Name="CurrentDirectory">-</Data><Data Name="User">-</Data><Data Name="LogonGuid">{3c0b761a-0000-0000-ffff-ffffffffffff}</Data><Data Name="LogonId">65535</Data><Data Name="TerminalSessionId">0</Data><Data Name="IntegrityLevel">no level</Data><Data Name="Hashes">-</Data><Data Name="ParentProcessGuid">{00000000-0000-0000-0000-000000000000}</Data><Data Name="ParentProcessId">0</Data><Data Name="ParentImage">-</Data><Data Name="ParentCommandLine">-</Data><Data Name="ParentUser">-</Data></EventData></Event>
Sep 24 17:03:17 da12fb1ecfde sysmon: <Event><System><Provider Name="Linux-Sysmon" Guid="{ff032593-a8d3-4f13-b0d6-01fc615a0f97}"/><EventID>5</EventID><Version>3</Version><Level>4</Level><Task>5</Task><Opcode>0</Opcode><Keywords>0x8000000000000000</Keywords><TimeCreated SystemTime="2022-09-24T17:03:17.391839000Z"/><EventRecordID>385</EventRecordID><Correlation/><Execution ProcessID="132" ThreadID="132"/><Channel>Linux-Sysmon/Operational</Channel><Computer>da12fb1ecfde</Computer><Security UserId="0"/></System><EventData><Data Name="RuleName">-</Data><Data Name="UtcTime">2022-09-24 17:03:17.398</Data><Data Name="ProcessGuid">{3c0b761a-0cbc-632f-0000-000000000000}</Data><Data Name="ProcessId">151719</Data><Data Name="Image">(null)</Data><Data Name="User">-</Data></EventData></Event>
Sep 24 17:03:17 da12fb1ecfde sysmon: <Event><System><Provider Name="Linux-Sysmon" Guid="{ff032593-a8d3-4f13-b0d6-01fc615a0f97}"/><EventID>5</EventID><Version>3</Version><Level>4</Level><Task>5</Task><Opcode>0</Opcode><Keywords>0x8000000000000000</Keywords><TimeCreated SystemTime="2022-09-24T17:03:17.427312000Z"/><EventRecordID>386</EventRecordID><Correlation/><Execution ProcessID="132" ThreadID="132"/><Channel>Linux-Sysmon/Operational</Channel><Computer>da12fb1ecfde</Computer><Security UserId="0"/></System><EventData><Data Name="RuleName">-</Data><Data Name="UtcTime">2022-09-24 17:03:17.433</Data><Data Name="ProcessGuid">{00000000-0000-0000-0000-000000000000}</Data><Data Name="ProcessId">151718</Data><Data Name="Image">&lt;unknown process&gt;</Data><Data Name="User">root</Data></EventData></Event>
Sep 24 17:03:17 da12fb1ecfde sysmon: <Event><System><Provider Name="Linux-Sysmon" Guid="{ff032593-a8d3-4f13-b0d6-01fc615a0f97}"/><EventID>5</EventID><Version>3</Version><Level>4</Level><Task>5</Task><Opcode>0</Opcode><Keywords>0x8000000000000000</Keywords><TimeCreated SystemTime="2022-09-24T17:03:17.429951000Z"/><EventRecordID>387</EventRecordID><Correlation/><Execution ProcessID="132" ThreadID="132"/><Channel>Linux-Sysmon/Operational</Channel><Computer>da12fb1ecfde</Computer><Security UserId="0"/></System><EventData><Data Name="RuleName">-</Data><Data Name="UtcTime">2022-09-24 17:03:17.436</Data><Data Name="ProcessGuid">{00000000-0000-0000-0000-000000000000}</Data><Data Name="ProcessId">151717</Data><Data Name="Image">&lt;unknown process&gt;</Data><Data Name="User">-</Data></EventData></Event>
Sep 24 17:03:17 da12fb1ecfde sysmon: <Event><System><Provider Name="Linux-Sysmon" Guid="{ff032593-a8d3-4f13-b0d6-01fc615a0f97}"/><EventID>1</EventID><Version>5</Version><Level>4</Level><Task>1</Task><Opcode>0</Opcode><Keywords>0x8000000000000000</Keywords><TimeCreated SystemTime="2022-09-24T17:03:17.457350000Z"/><EventRecordID>388</EventRecordID><Correlation/><Execution ProcessID="132" ThreadID="132"/><Channel>Linux-Sysmon/Operational</Channel><Computer>da12fb1ecfde</Computer><Security UserId="0"/></System><EventData><Data Name="RuleName">-</Data><Data Name="UtcTime">2022-09-24 13:57:16.357</Data><Data Name="ProcessGuid">{3c0b761a-0cbc-632f-0000-000000000000}</Data><Data Name="ProcessId">151722</Data><Data Name="Image">-</Data><Data Name="FileVersion">-</Data><Data Name="Description">-</Data><Data Name="Product">-</Data><Data Name="Company">-</Data><Data Name="OriginalFileName">-</Data><Data Name="CommandLine">-</Data><Data Name="CurrentDirectory">-</Data><Data Name="User">-</Data><Data Name="LogonGuid">{3c0b761a-0000-0000-ffff-ffffffffffff}</Data><Data Name="LogonId">65535</Data><Data Name="TerminalSessionId">0</Data><Data Name="IntegrityLevel">no level</Data><Data Name="Hashes">-</Data><Data Name="ParentProcessGuid">{00000000-0000-0000-0000-000000000000}</Data><Data Name="ParentProcessId">0</Data><Data Name="ParentImage">-</Data><Data Name="ParentCommandLine">-</Data><Data Name="ParentUser">-</Data></EventData></Event>
Sep 24 17:03:17 da12fb1ecfde sysmon: <Event><System><Provider Name="Linux-Sysmon" Guid="{ff032593-a8d3-4f13-b0d6-01fc615a0f97}"/><EventID>1</EventID><Version>5</Version><Level>4</Level><Task>1</Task><Opcode>0</Opcode><Keywords>0x8000000000000000</Keywords><TimeCreated SystemTime="2022-09-24T17:03:17.457608000Z"/><EventRecordID>389</EventRecordID><Correlation/><Execution ProcessID="132" ThreadID="132"/><Channel>Linux-Sysmon/Operational</Channel><Computer>da12fb1ecfde</Computer><Security UserId="0"/></System><EventData><Data Name="RuleName">-</Data><Data Name="UtcTime">2022-09-24 13:57:16.357</Data><Data Name="ProcessGuid">{3c0b761a-0cbc-632f-0000-000000000000}</Data><Data Name="ProcessId">151722</Data><Data Name="Image">-</Data><Data Name="FileVersion">-</Data><Data Name="Description">-</Data><Data Name="Product">-</Data><Data Name="Company">-</Data><Data Name="OriginalFileName">-</Data><Data Name="CommandLine">-</Data><Data Name="CurrentDirectory">-</Data><Data Name="User">-</Data><Data Name="LogonGuid">{3c0b761a-0000-0000-ffff-ffffffffffff}</Data><Data Name="LogonId">65535</Data><Data Name="TerminalSessionId">0</Data><Data Name="IntegrityLevel">no level</Data><Data Name="Hashes">-</Data><Data Name="ParentProcessGuid">{00000000-0000-0000-0000-000000000000}</Data><Data Name="ParentProcessId">0</Data><Data Name="ParentImage">-</Data><Data Name="ParentCommandLine">-</Data><Data Name="ParentUser">-</Data></EventData></Event>
Sep 24 17:03:17 da12fb1ecfde sysmon: <Event><System><Provider Name="Linux-Sysmon" Guid="{ff032593-a8d3-4f13-b0d6-01fc615a0f97}"/><EventID>5</EventID><Version>3</Version><Level>4</Level><Task>5</Task><Opcode>0</Opcode><Keywords>0x8000000000000000</Keywords><TimeCreated SystemTime="2022-09-24T17:03:17.457694000Z"/><EventRecordID>390</EventRecordID><Correlation/><Execution ProcessID="132" ThreadID="132"/><Channel>Linux-Sysmon/Operational</Channel><Computer>da12fb1ecfde</Computer><Security UserId="0"/></System><EventData><Data Name="RuleName">-</Data><Data Name="UtcTime">2022-09-24 17:03:17.463</Data><Data Name="ProcessGuid">{3c0b761a-0cbc-632f-0000-000000000000}</Data><Data Name="ProcessId">151722</Data><Data Name="Image">(null)</Data><Data Name="User">-</Data></EventData></Event>
Sep 24 17:03:17 da12fb1ecfde sysmon: <Event><System><Provider Name="Linux-Sysmon" Guid="{ff032593-a8d3-4f13-b0d6-01fc615a0f97}"/><EventID>5</EventID><Version>3</Version><Level>4</Level><Task>5</Task><Opcode>0</Opcode><Keywords>0x8000000000000000</Keywords><TimeCreated SystemTime="2022-09-24T17:03:17.492219000Z"/><EventRecordID>391</EventRecordID><Correlation/><Execution ProcessID="132" ThreadID="132"/><Channel>Linux-Sysmon/Operational</Channel><Computer>da12fb1ecfde</Computer><Security UserId="0"/></System><EventData><Data Name="RuleName">-</Data><Data Name="UtcTime">2022-09-24 17:03:17.498</Data><Data Name="ProcessGuid">{00000000-0000-0000-0000-000000000000}</Data><Data Name="ProcessId">151721</Data><Data Name="Image">&lt;unknown process&gt;</Data><Data Name="User">root</Data></EventData></Event>
Sep 24 17:03:17 da12fb1ecfde sysmon: <Event><System><Provider Name="Linux-Sysmon" Guid="{ff032593-a8d3-4f13-b0d6-01fc615a0f97}"/><EventID>5</EventID><Version>3</Version><Level>4</Level><Task>5</Task><Opcode>0</Opcode><Keywords>0x8000000000000000</Keywords><TimeCreated SystemTime="2022-09-24T17:03:17.494737000Z"/><EventRecordID>392</EventRecordID><Correlation/><Execution ProcessID="132" ThreadID="132"/><Channel>Linux-Sysmon/Operational</Channel><Computer>da12fb1ecfde</Computer><Security UserId="0"/></System><EventData><Data Name="RuleName">-</Data><Data Name="UtcTime">2022-09-24 17:03:17.500</Data><Data Name="ProcessGuid">{00000000-0000-0000-0000-000000000000}</Data><Data Name="ProcessId">151720</Data><Data Name="Image">&lt;unknown process&gt;</Data><Data Name="User">-</Data></EventData></Event>
Sep 24 17:03:18 da12fb1ecfde sysmon: <Event><System><Provider Name="Linux-Sysmon" Guid="{ff032593-a8d3-4f13-b0d6-01fc615a0f97}"/><EventID>1</EventID><Version>5</Version><Level>4</Level><Task>1</Task><Opcode>0</Opcode><Keywords>0x8000000000000000</Keywords><TimeCreated SystemTime="2022-09-24T17:03:18.536639000Z"/><EventRecordID>393</EventRecordID><Correlation/><Execution ProcessID="132" ThreadID="132"/><Channel>Linux-Sysmon/Operational</Channel><Computer>da12fb1ecfde</Computer><Security UserId="0"/></System><EventData><Data Name="RuleName">-</Data><Data Name="UtcTime">2022-09-24 13:57:16.357</Data><Data Name="ProcessGuid">{3c0b761a-0cbc-632f-0000-000000000000}</Data><Data Name="ProcessId">151725</Data><Data Name="Image">-</Data><Data Name="FileVersion">-</Data><Data Name="Description">-</Data><Data Name="Product">-</Data><Data Name="Company">-</Data><Data Name="OriginalFileName">-</Data><Data Name="CommandLine">-</Data><Data Name="CurrentDirectory">-</Data><Data Name="User">-</Data><Data Name="LogonGuid">{3c0b761a-0000-0000-ffff-ffffffffffff}</Data><Data Name="LogonId">65535</Data><Data Name="TerminalSessionId">0</Data><Data Name="IntegrityLevel">no level</Data><Data Name="Hashes">-</Data><Data Name="ParentProcessGuid">{00000000-0000-0000-0000-000000000000}</Data><Data Name="ParentProcessId">0</Data><Data Name="ParentImage">-</Data><Data Name="ParentCommandLine">-</Data><Data Name="ParentUser">-</Data></EventData></Event>
Sep 24 17:03:18 da12fb1ecfde sysmon: <Event><System><Provider Name="Linux-Sysmon" Guid="{ff032593-a8d3-4f13-b0d6-01fc615a0f97}"/><EventID>1</EventID><Version>5</Version><Level>4</Level><Task>1</Task><Opcode>0</Opcode><Keywords>0x8000000000000000</Keywords><TimeCreated SystemTime="2022-09-24T17:03:18.536770000Z"/><EventRecordID>394</EventRecordID><Correlation/><Execution ProcessID="132" ThreadID="132"/><Channel>Linux-Sysmon/Operational</Channel><Computer>da12fb1ecfde</Computer><Security UserId="0"/></System><EventData><Data Name="RuleName">-</Data><Data Name="UtcTime">2022-09-24 13:57:16.357</Data><Data Name="ProcessGuid">{3c0b761a-0cbc-632f-0000-000000000000}</Data><Data Name="ProcessId">151725</Data><Data Name="Image">-</Data><Data Name="FileVersion">-</Data><Data Name="Description">-</Data><Data Name="Product">-</Data><Data Name="Company">-</Data><Data Name="OriginalFileName">-</Data><Data Name="CommandLine">-</Data><Data Name="CurrentDirectory">-</Data><Data Name="User">-</Data><Data Name="LogonGuid">{3c0b761a-0000-0000-ffff-ffffffffffff}</Data><Data Name="LogonId">65535</Data><Data Name="TerminalSessionId">0</Data><Data Name="IntegrityLevel">no level</Data><Data Name="Hashes">-</Data><Data Name="ParentProcessGuid">{00000000-0000-0000-0000-000000000000}</Data><Data Name="ParentProcessId">0</Data><Data Name="ParentImage">-</Data><Data Name="ParentCommandLine">-</Data><Data Name="ParentUser">-</Data></EventData></Event>
Sep 24 17:03:18 da12fb1ecfde sysmon: <Event><System><Provider Name="Linux-Sysmon" Guid="{ff032593-a8d3-4f13-b0d6-01fc615a0f97}"/><EventID>5</EventID><Version>3</Version><Level>4</Level><Task>5</Task><Opcode>0</Opcode><Keywords>0x8000000000000000</Keywords><TimeCreated SystemTime="2022-09-24T17:03:18.536935000Z"/><EventRecordID>395</EventRecordID><Correlation/><Execution ProcessID="132" ThreadID="132"/><Channel>Linux-Sysmon/Operational</Channel><Computer>da12fb1ecfde</Computer><Security UserId="0"/></System><EventData><Data Name="RuleName">-</Data><Data Name="UtcTime">2022-09-24 17:03:18.543</Data><Data Name="ProcessGuid">{3c0b761a-0cbc-632f-0000-000000000000}</Data><Data Name="ProcessId">151725</Data><Data Name="Image">(null)</Data><Data Name="User">-</Data></EventData></Event>
Sep 24 17:03:18 da12fb1ecfde sysmon: <Event><System><Provider Name="Linux-Sysmon" Guid="{ff032593-a8d3-4f13-b0d6-01fc615a0f97}"/><EventID>5</EventID><Version>3</Version><Level>4</Level><Task>5</Task><Opcode>0</Opcode><Keywords>0x8000000000000000</Keywords><TimeCreated SystemTime="2022-09-24T17:03:18.573420000Z"/><EventRecordID>396</EventRecordID><Correlation/><Execution ProcessID="132" ThreadID="132"/><Channel>Linux-Sysmon/Operational</Channel><Computer>da12fb1ecfde</Computer><Security UserId="0"/></System><EventData><Data Name="RuleName">-</Data><Data Name="UtcTime">2022-09-24 17:03:18.579</Data><Data Name="ProcessGuid">{00000000-0000-0000-0000-000000000000}</Data><Data Name="ProcessId">151724</Data><Data Name="Image">&lt;unknown process&gt;</Data><Data Name="User">root</Data></EventData></Event>
Sep 24 17:03:18 da12fb1ecfde sysmon: <Event><System><Provider Name="Linux-Sysmon" Guid="{ff032593-a8d3-4f13-b0d6-01fc615a0f97}"/><EventID>5</EventID><Version>3</Version><Level>4</Level><Task>5</Task><Opcode>0</Opcode><Keywords>0x8000000000000000</Keywords><TimeCreated SystemTime="2022-09-24T17:03:18.575823000Z"/><EventRecordID>397</EventRecordID><Correlation/><Execution ProcessID="132" ThreadID="132"/><Channel>Linux-Sysmon/Operational</Channel><Computer>da12fb1ecfde</Computer><Security UserId="0"/></System><EventData><Data Name="RuleName">-</Data><Data Name="UtcTime">2022-09-24 17:03:18.582</Data><Data Name="ProcessGuid">{00000000-0000-0000-0000-000000000000}</Data><Data Name="ProcessId">151723</Data><Data Name="Image">&lt;unknown process&gt;</Data><Data Name="User">-</Data></EventData></Event>
Sep 24 17:03:21 da12fb1ecfde sysmon: <Event><System><Provider Name="Linux-Sysmon" Guid="{ff032593-a8d3-4f13-b0d6-01fc615a0f97}"/><EventID>1</EventID><Version>5</Version><Level>4</Level><Task>1</Task><Opcode>0</Opcode><Keywords>0x8000000000000000</Keywords><TimeCreated SystemTime="2022-09-24T17:03:21.130296000Z"/><EventRecordID>398</EventRecordID><Correlation/><Execution ProcessID="132" ThreadID="132"/><Channel>Linux-Sysmon/Operational</Channel><Computer>da12fb1ecfde</Computer><Security UserId="0"/></System><EventData><Data Name="RuleName">-</Data><Data Name="UtcTime">2022-09-24 13:57:16.357</Data><Data Name="ProcessGuid">{3c0b761a-0cbc-632f-0000-000000000000}</Data><Data Name="ProcessId">151726</Data><Data Name="Image">-</Data><Data Name="FileVersion">-</Data><Data Name="Description">-</Data><Data Name="Product">-</Data><Data Name="Company">-</Data><Data Name="OriginalFileName">-</Data><Data Name="CommandLine">-</Data><Data Name="CurrentDirectory">-</Data><Data Name="User">-</Data><Data Name="LogonGuid">{3c0b761a-0000-0000-ffff-ffffffffffff}</Data><Data Name="LogonId">65535</Data><Data Name="TerminalSessionId">0</Data><Data Name="IntegrityLevel">no level</Data><Data Name="Hashes">-</Data><Data Name="ParentProcessGuid">{00000000-0000-0000-0000-000000000000}</Data><Data Name="ParentProcessId">0</Data><Data Name="ParentImage">-</Data><Data Name="ParentCommandLine">-</Data><Data Name="ParentUser">-</Data></EventData></Event>
Sep 24 17:03:21 da12fb1ecfde sysmon: <Event><System><Provider Name="Linux-Sysmon" Guid="{ff032593-a8d3-4f13-b0d6-01fc615a0f97}"/><EventID>5</EventID><Version>3</Version><Level>4</Level><Task>5</Task><Opcode>0</Opcode><Keywords>0x8000000000000000</Keywords><TimeCreated SystemTime="2022-09-24T17:03:21.130626000Z"/><EventRecordID>399</EventRecordID><Correlation/><Execution ProcessID="132" ThreadID="132"/><Channel>Linux-Sysmon/Operational</Channel><Computer>da12fb1ecfde</Computer><Security UserId="0"/></System><EventData><Data Name="RuleName">-</Data><Data Name="UtcTime">2022-09-24 17:03:21.136</Data><Data Name="ProcessGuid">{3c0b761a-0cbc-632f-0000-000000000000}</Data><Data Name="ProcessId">151726</Data><Data Name="Image">(null)</Data><Data Name="User">root</Data></EventData></Event>
Sep 24 17:03:22 da12fb1ecfde sysmon: <Event><System><Provider Name="Linux-Sysmon" Guid="{ff032593-a8d3-4f13-b0d6-01fc615a0f97}"/><EventID>1</EventID><Version>5</Version><Level>4</Level><Task>1</Task><Opcode>0</Opcode><Keywords>0x8000000000000000</Keywords><TimeCreated SystemTime="2022-09-24T17:03:22.392754000Z"/><EventRecordID>400</EventRecordID><Correlation/><Execution ProcessID="132" ThreadID="132"/><Channel>Linux-Sysmon/Operational</Channel><Computer>da12fb1ecfde</Computer><Security UserId="0"/></System><EventData><Data Name="RuleName">-</Data><Data Name="UtcTime">2022-09-24 13:57:16.357</Data><Data Name="ProcessGuid">{3c0b761a-0cbc-632f-0000-000000000000}</Data><Data Name="ProcessId">151729</Data><Data Name="Image">-</Data><Data Name="FileVersion">-</Data><Data Name="Description">-</Data><Data Name="Product">-</Data><Data Name="Company">-</Data><Data Name="OriginalFileName">-</Data><Data Name="CommandLine">-</Data><Data Name="CurrentDirectory">-</Data><Data Name="User">-</Data><Data Name="LogonGuid">{3c0b761a-0000-0000-ffff-ffffffffffff}</Data><Data Name="LogonId">65535</Data><Data Name="TerminalSessionId">0</Data><Data Name="IntegrityLevel">no level</Data><Data Name="Hashes">-</Data><Data Name="ParentProcessGuid">{00000000-0000-0000-0000-000000000000}</Data><Data Name="ParentProcessId">0</Data><Data Name="ParentImage">-</Data><Data Name="ParentCommandLine">-</Data><Data Name="ParentUser">-</Data></EventData></Event>
Sep 24 17:03:22 da12fb1ecfde sysmon: <Event><System><Provider Name="Linux-Sysmon" Guid="{ff032593-a8d3-4f13-b0d6-01fc615a0f97}"/><EventID>1</EventID><Version>5</Version><Level>4</Level><Task>1</Task><Opcode>0</Opcode><Keywords>0x8000000000000000</Keywords><TimeCreated SystemTime="2022-09-24T17:03:22.392967000Z"/><EventRecordID>401</EventRecordID><Correlation/><Execution ProcessID="132" ThreadID="132"/><Channel>Linux-Sysmon/Operational</Channel><Computer>da12fb1ecfde</Computer><Security UserId="0"/></System><EventData><Data Name="RuleName">-</Data><Data Name="UtcTime">2022-09-24 13:57:16.357</Data><Data Name="ProcessGuid">{3c0b761a-0cbc-632f-0000-000000000000}</Data><Data Name="ProcessId">151729</Data><Data Name="Image">-</Data><Data Name="FileVersion">-</Data><Data Name="Description">-</Data><Data Name="Product">-</Data><Data Name="Company">-</Data><Data Name="OriginalFileName">-</Data><Data Name="CommandLine">-</Data><Data Name="CurrentDirectory">-</Data><Data Name="User">-</Data><Data Name="LogonGuid">{3c0b761a-0000-0000-ffff-ffffffffffff}</Data><Data Name="LogonId">65535</Data><Data Name="TerminalSessionId">0</Data><Data Name="IntegrityLevel">no level</Data><Data Name="Hashes">-</Data><Data Name="ParentProcessGuid">{00000000-0000-0000-0000-000000000000}</Data><Data Name="ParentProcessId">0</Data><Data Name="ParentImage">-</Data><Data Name="ParentCommandLine">-</Data><Data Name="ParentUser">-</Data></EventData></Event>
Sep 24 17:03:22 da12fb1ecfde sysmon: <Event><System><Provider Name="Linux-Sysmon" Guid="{ff032593-a8d3-4f13-b0d6-01fc615a0f97}"/><EventID>5</EventID><Version>3</Version><Level>4</Level><Task>5</Task><Opcode>0</Opcode><Keywords>0x8000000000000000</Keywords><TimeCreated SystemTime="2022-09-24T17:03:22.393101000Z"/><EventRecordID>402</EventRecordID><Correlation/><Execution ProcessID="132" ThreadID="132"/><Channel>Linux-Sysmon/Operational</Channel><Computer>da12fb1ecfde</Computer><Security UserId="0"/></System><EventData><Data Name="RuleName">-</Data><Data Name="UtcTime">2022-09-24 17:03:22.399</Data><Data Name="ProcessGuid">{3c0b761a-0cbc-632f-0000-000000000000}</Data><Data Name="ProcessId">151729</Data><Data Name="Image">(null)</Data><Data Name="User">-</Data></EventData></Event>
Sep 24 17:03:22 da12fb1ecfde sysmon: <Event><System><Provider Name="Linux-Sysmon" Guid="{ff032593-a8d3-4f13-b0d6-01fc615a0f97}"/><EventID>5</EventID><Version>3</Version><Level>4</Level><Task>5</Task><Opcode>0</Opcode><Keywords>0x8000000000000000</Keywords><TimeCreated SystemTime="2022-09-24T17:03:22.430294000Z"/><EventRecordID>403</EventRecordID><Correlation/><Execution ProcessID="132" ThreadID="132"/><Channel>Linux-Sysmon/Operational</Channel><Computer>da12fb1ecfde</Computer><Security UserId="0"/></System><EventData><Data Name="RuleName">-</Data><Data Name="UtcTime">2022-09-24 17:03:22.436</Data><Data Name="ProcessGuid">{00000000-0000-0000-0000-000000000000}</Data><Data Name="ProcessId">151728</Data><Data Name="Image">&lt;unknown process&gt;</Data><Data Name="User">root</Data></EventData></Event>
Sep 24 17:03:22 da12fb1ecfde sysmon: <Event><System><Provider Name="Linux-Sysmon" Guid="{ff032593-a8d3-4f13-b0d6-01fc615a0f97}"/><EventID>5</EventID><Version>3</Version><Level>4</Level><Task>5</Task><Opcode>0</Opcode><Keywords>0x8000000000000000</Keywords><TimeCreated SystemTime="2022-09-24T17:03:22.433082000Z"/><EventRecordID>404</EventRecordID><Correlation/><Execution ProcessID="132" ThreadID="132"/><Channel>Linux-Sysmon/Operational</Channel><Computer>da12fb1ecfde</Computer><Security UserId="0"/></System><EventData><Data Name="RuleName">-</Data><Data Name="UtcTime">2022-09-24 17:03:22.439</Data><Data Name="ProcessGuid">{00000000-0000-0000-0000-000000000000}</Data><Data Name="ProcessId">151727</Data><Data Name="Image">&lt;unknown process&gt;</Data><Data Name="User">-</Data></EventData></Event>
Sep 24 17:03:22 da12fb1ecfde sysmon: <Event><System><Provider Name="Linux-Sysmon" Guid="{ff032593-a8d3-4f13-b0d6-01fc615a0f97}"/><EventID>1</EventID><Version>5</Version><Level>4</Level><Task>1</Task><Opcode>0</Opcode><Keywords>0x8000000000000000</Keywords><TimeCreated SystemTime="2022-09-24T17:03:22.461854000Z"/><EventRecordID>405</EventRecordID><Correlation/><Execution ProcessID="132" ThreadID="132"/><Channel>Linux-Sysmon/Operational</Channel><Computer>da12fb1ecfde</Computer><Security UserId="0"/></System><EventData><Data Name="RuleName">-</Data><Data Name="UtcTime">2022-09-24 13:57:16.357</Data><Data Name="ProcessGuid">{3c0b761a-0cbc-632f-0000-000000000000}</Data><Data Name="ProcessId">151732</Data><Data Name="Image">-</Data><Data Name="FileVersion">-</Data><Data Name="Description">-</Data><Data Name="Product">-</Data><Data Name="Company">-</Data><Data Name="OriginalFileName">-</Data><Data Name="CommandLine">-</Data><Data Name="CurrentDirectory">-</Data><Data Name="User">-</Data><Data Name="LogonGuid">{3c0b761a-0000-0000-ffff-ffffffffffff}</Data><Data Name="LogonId">65535</Data><Data Name="TerminalSessionId">0</Data><Data Name="IntegrityLevel">no level</Data><Data Name="Hashes">-</Data><Data Name="ParentProcessGuid">{00000000-0000-0000-0000-000000000000}</Data><Data Name="ParentProcessId">0</Data><Data Name="ParentImage">-</Data><Data Name="ParentCommandLine">-</Data><Data Name="ParentUser">-</Data></EventData></Event>
Sep 24 17:03:22 da12fb1ecfde sysmon: <Event><System><Provider Name="Linux-Sysmon" Guid="{ff032593-a8d3-4f13-b0d6-01fc615a0f97}"/><EventID>1</EventID><Version>5</Version><Level>4</Level><Task>1</Task><Opcode>0</Opcode><Keywords>0x8000000000000000</Keywords><TimeCreated SystemTime="2022-09-24T17:03:22.461989000Z"/><EventRecordID>406</EventRecordID><Correlation/><Execution ProcessID="132" ThreadID="132"/><Channel>Linux-Sysmon/Operational</Channel><Computer>da12fb1ecfde</Computer><Security UserId="0"/></System><EventData><Data Name="RuleName">-</Data><Data Name="UtcTime">2022-09-24 13:57:16.357</Data><Data Name="ProcessGuid">{3c0b761a-0cbc-632f-0000-000000000000}</Data><Data Name="ProcessId">151732</Data><Data Name="Image">-</Data><Data Name="FileVersion">-</Data><Data Name="Description">-</Data><Data Name="Product">-</Data><Data Name="Company">-</Data><Data Name="OriginalFileName">-</Data><Data Name="CommandLine">-</Data><Data Name="CurrentDirectory">-</Data><Data Name="User">-</Data><Data Name="LogonGuid">{3c0b761a-0000-0000-ffff-ffffffffffff}</Data><Data Name="LogonId">65535</Data><Data Name="TerminalSessionId">0</Data><Data Name="IntegrityLevel">no level</Data><Data Name="Hashes">-</Data><Data Name="ParentProcessGuid">{00000000-0000-0000-0000-000000000000}</Data><Data Name="ParentProcessId">0</Data><Data Name="ParentImage">-</Data><Data Name="ParentCommandLine">-</Data><Data Name="ParentUser">-</Data></EventData></Event>
Sep 24 17:03:22 da12fb1ecfde sysmon: <Event><System><Provider Name="Linux-Sysmon" Guid="{ff032593-a8d3-4f13-b0d6-01fc615a0f97}"/><EventID>5</EventID><Version>3</Version><Level>4</Level><Task>5</Task><Opcode>0</Opcode><Keywords>0x8000000000000000</Keywords><TimeCreated SystemTime="2022-09-24T17:03:22.462158000Z"/><EventRecordID>407</EventRecordID><Correlation/><Execution ProcessID="132" ThreadID="132"/><Channel>Linux-Sysmon/Operational</Channel><Computer>da12fb1ecfde</Computer><Security UserId="0"/></System><EventData><Data Name="RuleName">-</Data><Data Name="UtcTime">2022-09-24 17:03:22.468</Data><Data Name="ProcessGuid">{3c0b761a-0cbc-632f-0000-000000000000}</Data><Data Name="ProcessId">151732</Data><Data Name="Image">(null)</Data><Data Name="User">-</Data></EventData></Event>
Sep 24 17:03:22 da12fb1ecfde sysmon: <Event><System><Provider Name="Linux-Sysmon" Guid="{ff032593-a8d3-4f13-b0d6-01fc615a0f97}"/><EventID>5</EventID><Version>3</Version><Level>4</Level><Task>5</Task><Opcode>0</Opcode><Keywords>0x8000000000000000</Keywords><TimeCreated SystemTime="2022-09-24T17:03:22.497710000Z"/><EventRecordID>408</EventRecordID><Correlation/><Execution ProcessID="132" ThreadID="132"/><Channel>Linux-Sysmon/Operational</Channel><Computer>da12fb1ecfde</Computer><Security UserId="0"/></System><EventData><Data Name="RuleName">-</Data><Data Name="UtcTime">2022-09-24 17:03:22.503</Data><Data Name="ProcessGuid">{00000000-0000-0000-0000-000000000000}</Data><Data Name="ProcessId">151731</Data><Data Name="Image">&lt;unknown process&gt;</Data><Data Name="User">root</Data></EventData></Event>
