Sep 24 17:05:02 da12fb1ecfde sysmon: <Event><System><Provider Name="Linux-Sysmon" Guid="{ff032593-a8d3-4f13-b0d6-01fc615a0f97}"/><EventID>5</EventID><Version>3</Version><Level>4</Level><Task>5</Task><Opcode>0</Opcode><Keywords>0x8000000000000000</Keywords><TimeCreated SystemTime="2022-09-24T17:05:02.434169000Z"/><EventRecordID>741</EventRecordID><Correlation/><Execution ProcessID="132" ThreadID="132"/><Channel>Linux-Sysmon/Operational</Channel><Computer>da12fb1ecfde</Computer><Security UserId="0"/></System><EventData><Data Name="RuleName">-</Data><Data Name="UtcTime">2022-09-24 17:05:02.440</Data><Data Name="ProcessGuid">{00000000-0000-0000-0000-000000000000}</Data><Data Name="ProcessId">151913</Data><Data Name="Image">&lt;unknown process&gt;</Data><Data Name="User">root</Data></EventData></Event>
Sep 24 17:05:02 da12fb1ecfde sysmon: <Event><System><Provider Name="Linux-Sysmon" Guid="{ff032593-a8d3-4f13-b0d6-01fc615a0f97}"/><EventID>5</EventID><Version>3</Version><Level>4</Level><Task>5</Task><Opcode>0</Opcode><Keywords>0x8000000000000000</Keywords><TimeCreated SystemTime="2022-09-24T17:05:02.437068000Z"/><EventRecordID>742</EventRecordID><Correlation/><Execution ProcessID="132" ThreadID="132"/><Channel>Linux-Sysmon/Operational</Channel><Computer>da12fb1ecfde</Computer><Security UserId="0"/></System><EventData><Data Name="RuleName">-</Data><Data Name="UtcTime">2022-09-24 17:05:02.443</Data><Data Name="ProcessGuid">{00000000-0000-0000-0000-000000000000}</Data><Data Name="ProcessId">151912</Data><Data Name="Image">&lt;unknown process&gt;</Data><Data Name="User">root</Data></EventData></Event>
Sep 24 17:05:02 da12fb1ecfde sysmon: <Event><System><Provider Name="Linux-Sysmon" Guid="{ff032593-a8d3-4f13-b0d6-01fc615a0f97}"/><EventID>1</EventID><Version>5</Version><Level>4</Level><Task>1</Task><Opcode>0</Opcode><Keywords>0x8000000000000000</Keywords><TimeCreated SystemTime="2022-09-24T17:05:02.464999000Z"/><EventRecordID>743</EventRecordID><Correlation/><Execution ProcessID="132" ThreadID="132"/><Channel>Linux-Sysmon/Operational</Channel><Computer>da12fb1ecfde</Computer><Security UserId="0"/></System><EventData><Data Name="RuleName">-</Data><Data Name="UtcTime">2022-09-24 13:57:16.357</Data><Data Name="ProcessGuid">{3c0b761a-0cbc-632f-0000-000000000000}</Data><Data Name="ProcessId">151917</Data><Data Name="Image">-</Data><Data Name="FileVersion">-</Data><Data Name="Description">-</Data><Data Name="Product">-</Data><Data Name="Company">-</Data><Data Name="OriginalFileName">-</Data><Data Name="CommandLine">-</Data><Data Name="CurrentDirectory">-</Data><Data Name="User">-</Data><Data Name="LogonGuid">{3c0b761a-0000-0000-ffff-ffffffffffff}</Data><Data Name="LogonId">65535</Data><Data Name="TerminalSessionId">0</Data><Data Name="IntegrityLevel">no level</Data><Data Name="Hashes">-</Data><Data Name="ParentProcessGuid">{00000000-0000-0000-0000-000000000000}</Data><Data Name="ParentProcessId">0</Data><Data Name="ParentImage">-</Data><Data Name="ParentCommandLine">-</Data><Data Name="ParentUser">-</Data></EventData></Event>
Sep 24 17:05:02 da12fb1ecfde sysmon: <Event><System><Provider Name="Linux-Sysmon" Guid="{ff032593-a8d3-4f13-b0d6-01fc615a0f97}"/><EventID>1</EventID><Version>5</Version><Level>4</Level><Task>1</Task><Opcode>0</Opcode><Keywords>0x8000000000000000</Keywords><TimeCreated SystemTime="2022-09-24T17:05:02.465200000Z"/><EventRecordID>744</EventRecordID><Correlation/><Execution ProcessID="132" ThreadID="132"/><Channel>Linux-Sysmon/Operational</Channel><Computer>da12fb1ecfde</Computer><Security UserId="0"/></System><EventData><Data Name="RuleName">-</Data><Data Name="UtcTime">2022-09-24 13:57:16.357</Data><Data Name="ProcessGuid">{3c0b761a-0cbc-632f-0000-000000000000}</Data><Data Name="ProcessId">151917</Data><Data Name="Image">-</Data><Data Name="FileVersion">-</Data><Data Name="Description">-</Data><Data Name="Product">-</Data><Data Name="Company">-</Data><Data Name="OriginalFileName">-</Data><Data Name="CommandLine">-</Data><Data Name="CurrentDirectory">-</Data><Data Name="User">-</Data><Data Name="LogonGuid">{3c0b761a-0000-0000-ffff-ffffffffffff}</Data><Data Name="LogonId">65535</Data><Data Name="TerminalSessionId">0</Data><Data Name="IntegrityLevel">no level</Data><Data Name="Hashes">-</Data><Data Name="ParentProcessGuid">{00000000-0000-0000-0000-000000000000}</Data><Data Name="ParentProcessId">0</Data><Data Name="ParentImage">-</Data><Data Name="ParentCommandLine">-</Data><Data Name="ParentUser">-</Data></EventData></Event>
Sep 24 17:05:02 da12fb1ecfde sysmon: <Event><System><Provider Name="Linux-Sysmon" Guid="{ff032593-a8d3-4f13-b0d6-01fc615a0f97}"/><EventID>5</EventID><Version>3</Version><Level>4</Level><Task>5</Task><Opcode>0</Opcode><Keywords>0x8000000000000000</Keywords><TimeCreated SystemTime="2022-09-24T17:05:02.465873000Z"/><EventRecordID>745</EventRecordID><Correlation/><Execution ProcessID="132" ThreadID="132"/><Channel>Linux-Sysmon/Operational</Channel><Computer>da12fb1ecfde</Computer><Security UserId="0"/></System><EventData><Data Name="RuleName">-</Data><Data Name="UtcTime">2022-09-24 17:05:02.471</Data><Data Name="ProcessGuid">{3c0b761a-0cbc-632f-0000-000000000000}</Data><Data Name="ProcessId">151917</Data><Data Name="Image">(null)</Data><Data Name="User">-</Data></EventData></Event>
Sep 24 17:05:02 da12fb1ecfde sysmon: <Event><System><Provider Name="Linux-Sysmon" Guid="{ff032593-a8d3-4f13-b0d6-01fc615a0f97}"/><EventID>5</EventID><Version>3</Version><Level>4</Level><Task>5</Task><Opcode>0</Opcode><Keywords>0x8000000000000000</Keywords><TimeCreated SystemTime="2022-09-24T17:05:02.499931000Z"/><EventRecordID>746</EventRecordID><Correlation/><Execution ProcessID="132" ThreadID="132"/><Channel>Linux-Sysmon/Operational</Channel><Computer>da12fb1ecfde</Computer><Security UserId="0"/></System><EventData><Data Name="RuleName">-</Data><Data Name="UtcTime">2022-09-24 17:05:02.506</Data><Data Name="ProcessGuid">{00000000-0000-0000-0000-000000000000}</Data><Data Name="ProcessId">151916</Data><Data Name="Image">&lt;unknown process&gt;</Data><Data Name="User">root</Data></EventData></Event>
Sep 24 17:05:02 da12fb1ecfde sysmon: <Event><System><Provider Name="Linux-Sysmon" Guid="{ff032593-a8d3-4f13-b0d6-01fc615a0f97}"/><EventID>5</EventID><Version>3</Version><Level>4</Level><Task>5</Task><Opcode>0</Opcode><Keywords>0x8000000000000000</Keywords><TimeCreated SystemTime="2022-09-24T17:05:02.502602000Z"/><EventRecordID>747</EventRecordID><Correlation/><Execution ProcessID="132" ThreadID="132"/><Channel>Linux-Sysmon/Operational</Channel><Computer>da12fb1ecfde</Computer><Security UserId="0"/></System><EventData><Data Name="RuleName">-</Data><Data Name="UtcTime">2022-09-24 17:05:02.508</Data><Data Name="ProcessGuid">{00000000-0000-0000-0000-000000000000}</Data><Data Name="ProcessId">151915</Data><Data Name="Image">&lt;unknown process&gt;</Data><Data Name="User">root</Data></EventData></Event>
Sep 24 17:05:03 da12fb1ecfde sysmon: <Event><System><Provider Name="Linux-Sysmon" Guid="{ff032593-a8d3-4f13-b0d6-01fc615a0f97}"/><EventID>1</EventID><Version>5</Version><Level>4</Level><Task>1</Task><Opcode>0</Opcode><Keywords>0x8000000000000000</Keywords><TimeCreated SystemTime="2022-09-24T17:05:03.546327000Z"/><EventRecordID>748</EventRecordID><Correlation/><Execution ProcessID="132" ThreadID="132"/><Channel>Linux-Sysmon/Operational</Channel><Computer>da12fb1ecfde</Computer><Security UserId="0"/></System><EventData><Data Name="RuleName">-</Data><Data Name="UtcTime">2022-09-24 13:57:16.357</Data><Data Name="ProcessGuid">{3c0b761a-0cbc-632f-0000-000000000000}</Data><Data Name="ProcessId">151920</Data><Data Name="Image">-</Data><Data Name="FileVersion">-</Data><Data Name="Description">-</Data><Data Name="Product">-</Data><Data Name="Company">-</Data><Data Name="OriginalFileName">-</Data><Data Name="CommandLine">-</Data><Data Name="CurrentDirectory">-</Data><Data Name="User">-</Data><Data Name="LogonGuid">{3c0b761a-0000-0000-ffff-ffffffffffff}</Data><Data Name="LogonId">65535</Data><Data Name="TerminalSessionId">0</Data><Data Name="IntegrityLevel">no level</Data><Data Name="Hashes">-</Data><Data Name="ParentProcessGuid">{00000000-0000-0000-0000-000000000000}</Data><Data Name="ParentProcessId">0</Data><Data Name="ParentImage">-</Data><Data Name="ParentCommandLine">-</Data><Data Name="ParentUser">-</Data></EventData></Event>
Sep 24 17:05:03 da12fb1ecfde sysmon: <Event><System><Provider Name="Linux-Sysmon" Guid="{ff032593-a8d3-4f13-b0d6-01fc615a0f97}"/><EventID>1</EventID><Version>5</Version><Level>4</Level><Task>1</Task><Opcode>0</Opcode><Keywords>0x8000000000000000</Keywords><TimeCreated SystemTime="2022-09-24T17:05:03.546645000Z"/><EventRecordID>749</EventRecordID><Correlation/><Execution ProcessID="132" ThreadID="132"/><Channel>Linux-Sysmon/Operational</Channel><Computer>da12fb1ecfde</Computer><Security UserId="0"/></System><EventData><Data Name="RuleName">-</Data><Data Name="UtcTime">2022-09-24 13:57:16.357</Data><Data Name="ProcessGuid">{3c0b761a-0cbc-632f-0000-000000000000}</Data><Data Name="ProcessId">151920</Data><Data Name="Image">-</Data><Data Name="FileVersion">-</Data><Data Name="Description">-</Data><Data Name="Product">-</Data><Data Name="Company">-</Data><Data Name="OriginalFileName">-</Data><Data Name="CommandLine">-</Data><Data Name="CurrentDirectory">-</Data><Data Name="User">-</Data><Data Name="LogonGuid">{3c0b761a-0000-0000-ffff-ffffffffffff}</Data><Data Name="LogonId">65535</Data><Data Name="TerminalSessionId">0</Data><Data Name="IntegrityLevel">no level</Data><Data Name="Hashes">-</Data><Data Name="ParentProcessGuid">{00000000-0000-0000-0000-000000000000}</Data><Data Name="ParentProcessId">0</Data><Data Name="ParentImage">-</Data><Data Name="ParentCommandLine">-</Data><Data Name="ParentUser">-</Data></EventData></Event>
Sep 24 17:05:03 da12fb1ecfde sysmon: <Event><System><Provider Name="Linux-Sysmon" Guid="{ff032593-a8d3-4f13-b0d6-01fc615a0f97}"/><EventID>5</EventID><Version>3</Version><Level>4</Level><Task>5</Task><Opcode>0</Opcode><Keywords>0x8000000000000000</Keywords><TimeCreated SystemTime="2022-09-24T17:05:03.546713000Z"/><EventRecordID>750</EventRecordID><Correlation/><Execution ProcessID="132" ThreadID="132"/><Channel>Linux-Sysmon/Operational</Channel><Computer>da12fb1ecfde</Computer><Security UserId="0"/></System><EventData><Data Name="RuleName">-</Data><Data Name="UtcTime">2022-09-24 17:05:03.553</Data><Data Name="ProcessGuid">{3c0b761a-0cbc-632f-0000-000000000000}</Data><Data Name="ProcessId">151920</Data><Data Name="Image">(null)</Data><Data Name="User">-</Data></EventData></Event>
Sep 24 17:05:03 da12fb1ecfde sysmon: <Event><System><Provider Name="Linux-Sysmon" Guid="{ff032593-a8d3-4f13-b0d6-01fc615a0f97}"/><EventID>5</EventID><Version>3</Version><Level>4</Level><Task>5</Task><Opcode>0</Opcode><Keywords>0x8000000000000000</Keywords><TimeCreated SystemTime="2022-09-24T17:05:03.584871000Z"/><EventRecordID>751</EventRecordID><Correlation/><Execution ProcessID="132" ThreadID="132"/><Channel>Linux-Sysmon/Operational</Channel><Computer>da12fb1ecfde</Computer><Security UserId="0"/></System><EventData><Data Name="RuleName">-</Data><Data Name="UtcTime">2022-09-24 17:05:03.591</Data><Data Name="ProcessGuid">{00000000-0000-0000-0000-000000000000}</Data><Data Name="ProcessId">151919</Data><Data Name="Image">&lt;unknown process&gt;</Data><Data Name="User">root</Data></EventData></Event>
Sep 24 17:05:03 da12fb1ecfde sysmon: <Event><System><Provider Name="Linux-Sysmon" Guid="{ff032593-a8d3-4f13-b0d6-01fc615a0f97}"/><EventID>5</EventID><Version>3</Version><Level>4</Level><Task>5</Task><Opcode>0</Opcode><Keywords>0x8000000000000000</Keywords><TimeCreated SystemTime="2022-09-24T17:05:03.587550000Z"/><EventRecordID>752</EventRecordID><Correlation/><Execution ProcessID="132" ThreadID="132"/><Channel>Linux-Sysmon/Operational</Channel><Computer>da12fb1ecfde</Computer><Security UserId="0"/></System><EventData><Data Name="RuleName">-</Data><Data Name="UtcTime">2022-09-24 17:05:03.593</Data><Data Name="ProcessGuid">{00000000-0000-0000-0000-000000000000}</Data><Data Name="ProcessId">151918</Data><Data Name="Image">&lt;unknown process&gt;</Data><Data Name="User">root</Data></EventData></Event>
Sep 24 17:05:07 da12fb1ecfde sysmon: <Event><System><Provider Name="Linux-Sysmon" Guid="{ff032593-a8d3-4f13-b0d6-01fc615a0f97}"/><EventID>1</EventID><Version>5</Version><Level>4</Level><Task>1</Task><Opcode>0</Opcode><Keywords>0x8000000000000000</Keywords><TimeCreated SystemTime="2022-09-24T17:05:07.385952000Z"/><EventRecordID>753</EventRecordID><Correlation/><Execution ProcessID="132" ThreadID="132"/><Channel>Linux-Sysmon/Operational</Channel><Computer>da12fb1ecfde</Computer><Security UserId="0"/></System><EventData><Data Name="RuleName">-</Data><Data Name="UtcTime">2022-09-24 13:57:16.357</Data><Data Name="ProcessGuid">{3c0b761a-0cbc-632f-0000-000000000000}</Data><Data Name="ProcessId">151923</Data><Data Name="Image">-</Data><Data Name="FileVersion">-</Data><Data Name="Description">-</Data><Data Name="Product">-</Data><Data Name="Company">-</Data><Data Name="OriginalFileName">-</Data><Data Name="CommandLine">-</Data><Data Name="CurrentDirectory">-</Data><Data Name="User">-</Data><Data Name="LogonGuid">{3c0b761a-0000-0000-ffff-ffffffffffff}</Data><Data Name="LogonId">65535</Data><Data Name="TerminalSessionId">0</Data><Data Name="IntegrityLevel">no level</Data><Data Name="Hashes">-</Data><Data Name="ParentProcessGuid">{00000000-0000-0000-0000-000000000000}</Data><Data Name="ParentProcessId">0</Data><Data Name="ParentImage">-</Data><Data Name="ParentCommandLine">-</Data><Data Name="ParentUser">-</Data></EventData></Event>
Sep 24 17:05:07 da12fb1ecfde sysmon: <Event><System><Provider Name="Linux-Sysmon" Guid="{ff032593-a8d3-4f13-b0d6-01fc615a0f97}"/><EventID>1</EventID><Version>5</Version><Level>4</Level><Task>1</Task><Opcode>0</Opcode><Keywords>0x8000000000000000</Keywords><TimeCreated SystemTime="2022-09-24T17:05:07.386121000Z"/><EventRecordID>754</EventRecordID><Correlation/><Execution ProcessID="132" ThreadID="132"/><Channel>Linux-Sysmon/Operational</Channel><Computer>da12fb1ecfde</Computer><Security UserId="0"/></System><EventData><Data Name="RuleName">-</Data><Data Name="UtcTime">2022-09-24 13:57:16.357</Data><Data Name="ProcessGuid">{3c0b761a-0cbc-632f-0000-000000000000}</Data><Data Name="ProcessId">151923</Data><Data Name="Image">-</Data><Data Name="FileVersion">-</Data><Data Name="Description">-</Data><Data Name="Product">-</Data><Data Name="Company">-</Data><Data Name="OriginalFileName">-</Data><Data Name="CommandLine">-</Data><Data Name="CurrentDirectory">-</Data><Data Name="User">-</Data><Data Name="LogonGuid">{3c0b761a-0000-0000-ffff-ffffffffffff}</Data><Data Name="LogonId">65535</Data><Data Name="TerminalSessionId">0</Data><Data Name="IntegrityLevel">no level</Data><Data Name="Hashes">-</Data><Data Name="ParentProcessGuid">{00000000-0000-0000-0000-000000000000}</Data><Data Name="ParentProcessId">0</Data><Data Name="ParentImage">-</Data><Data Name="ParentCommandLine">-</Data><Data Name="ParentUser">-</Data></EventData></Event>
Sep 24 17:05:07 da12fb1ecfde sysmon: <Event><System><Provider Name="Linux-Sysmon" Guid="{ff032593-a8d3-4f13-b0d6-01fc615a0f97}"/><EventID>5</EventID><Version>3</Version><Level>4</Level><Task>5</Task><Opcode>0</Opcode><Keywords>0x8000000000000000</Keywords><TimeCreated SystemTime="2022-09-24T17:05:07.386162000Z"/><EventRecordID>755</EventRecordID><Correlation/><Execution ProcessID="132" ThreadID="132"/><Channel>Linux-Sysmon/Operational</Channel><Computer>da12fb1ecfde</Computer><Security UserId="0"/></System><EventData><Data Name="RuleName">-</Data><Data Name="UtcTime">2022-09-24 17:05:07.392</Data><Data Name="ProcessGuid">{3c0b761a-0cbc-632f-0000-000000000000}</Data><Data Name="ProcessId">151923</Data><Data Name="Image">(null)</Data><Data Name="User">-</Data></EventData></Event>
Sep 24 17:05:07 da12fb1ecfde sysmon: <Event><System><Provider Name="Linux-Sysmon" Guid="{ff032593-a8d3-4f13-b0d6-01fc615a0f97}"/><EventID>5</EventID><Version>3</Version><Level>4</Level><Task>5</Task><Opcode>0</Opcode><Keywords>0x8000000000000000</Keywords><TimeCreated SystemTime="2022-09-24T17:05:07.422895000Z"/><EventRecordID>756</EventRecordID><Correlation/><Execution ProcessID="132" ThreadID="132"/><Channel>Linux-Sysmon/Operational</Channel><Computer>da12fb1ecfde</Computer><Security UserId="0"/></System><EventData><Data Name="RuleName">-</Data><Data Name="UtcTime">2022-09-24 17:05:07.429</Data><Data Name="ProcessGuid">{00000000-0000-0000-0000-000000000000}</Data><Data Name="ProcessId">151922</Data><Data Name="Image">&lt;unknown process&gt;</Data><Data Name="User">root</Data></EventData></Event>
Sep 24 17:05:07 da12fb1ecfde sysmon: <Event><System><Provider Name="Linux-Sysmon" Guid="{ff032593-a8d3-4f13-b0d6-01fc615a0f97}"/><EventID>5</EventID><Version>3</Version><Level>4</Level><Task>5</Task><Opcode>0</Opcode><Keywords>0x8000000000000000</Keywords><TimeCreated SystemTime="2022-09-24T17:05:07.425283000Z"/><EventRecordID>757</EventRecordID><Correlation/><Execution ProcessID="132" ThreadID="132"/><Channel>Linux-Sysmon/Operational</Channel><Computer>da12fb1ecfde</Computer><Security UserId="0"/></System><EventData><Data Name="RuleName">-</Data><Data Name="UtcTime">2022-09-24 17:05:07.431</Data><Data Name="ProcessGuid">{00000000-0000-0000-0000-000000000000}</Data><Data Name="ProcessId">151921</Data><Data Name="Image">&lt;unknown process&gt;</Data><Data Name="User">root</Data></EventData></Event>
Sep 24 17:05:07 da12fb1ecfde sysmon: <Event><System><Provider Name="Linux-Sysmon" Guid="{ff032593-a8d3-4f13-b0d6-01fc615a0f97}"/><EventID>1</EventID><Version>5</Version><Level>4</Level><Task>1</Task><Opcode>0</Opcode><Keywords>0x8000000000000000</Keywords><TimeCreated SystemTime="2022-09-24T17:05:07.454123000Z"/><EventRecordID>758</EventRecordID><Correlation/><Execution ProcessID="132" ThreadID="132"/><Channel>Linux-Sysmon/Operational</Channel><Computer>da12fb1ecfde</Computer><Security UserId="0"/></System><EventData><Data Name="RuleName">-</Data><Data Name="UtcTime">2022-09-24 13:57:16.357</Data><Data Name="ProcessGuid">{3c0b761a-0cbc-632f-0000-000000000000}</Data><Data Name="ProcessId">151926</Data><Data Name="Image">-</Data><Data Name="FileVersion">-</Data><Data Name="Description">-</Data><Data Name="Product">-</Data><Data Name="Company">-</Data><Data Name="OriginalFileName">-</Data><Data Name="CommandLine">-</Data><Data Name="CurrentDirectory">-</Data><Data Name="User">-</Data><Data Name="LogonGuid">{3c0b761a-0000-0000-ffff-ffffffffffff}</Data><Data Name="LogonId">65535</Data><Data Name="TerminalSessionId">0</Data><Data Name="IntegrityLevel">no level</Data><Data Name="Hashes">-</Data><Data Name="ParentProcessGuid">{00000000-0000-0000-0000-000000000000}</Data><Data Name="ParentProcessId">0</Data><Data Name="ParentImage">-</Data><Data Name="ParentCommandLine">-</Data><Data Name="ParentUser">-</Data></EventData></Event>
Sep 24 17:05:07 da12fb1ecfde sysmon: <Event><System><Provider Name="Linux-Sysmon" Guid="{ff032593-a8d3-4f13-b0d6-01fc615a0f97}"/><EventID>1</EventID><Version>5</Version><Level>4</Level><Task>1</Task><Opcode>0</Opcode><Keywords>0x8000000000000000</Keywords><TimeCreated SystemTime="2022-09-24T17:05:07.454364000Z"/><EventRecordID>759</EventRecordID><Correlation/><Execution ProcessID="132" ThreadID="132"/><Channel>Linux-Sysmon/Operational</Channel><Computer>da12fb1ecfde</Computer><Security UserId="0"/></System><EventData><Data Name="RuleName">-</Data><Data Name="UtcTime">2022-09-24 13:57:16.357</Data><Data Name="ProcessGuid">{3c0b761a-0cbc-632f-0000-000000000000}</Data><Data Name="ProcessId">151926</Data><Data Name="Image">-</Data><Data Name="FileVersion">-</Data><Data Name="Description">-</Data><Data Name="Product">-</Data><Data Name="Company">-</Data><Data Name="OriginalFileName">-</Data><Data Name="CommandLine">-</Data><Data Name="CurrentDirectory">-</Data><Data Name="User">-</Data><Data Name="LogonGuid">{3c0b761a-0000-0000-ffff-ffffffffffff}</Data><Data Name="LogonId">65535</Data><Data Name="TerminalSessionId">0</Data><Data Name="IntegrityLevel">no level</Data><Data Name="Hashes">-</Data><Data Name="ParentProcessGuid">{00000000-0000-0000-0000-000000000000}</Data><Data Name="ParentProcessId">0</Data><Data Name="ParentImage">-</Data><Data Name="ParentCommandLine">-</Data><Data Name="ParentUser">-</Data></EventData></Event>
Sep 24 17:05:07 da12fb1ecfde sysmon: <Event><System><Provider Name="Linux-Sysmon" Guid="{ff032593-a8d3-4f13-b0d6-01fc615a0f97}"/><EventID>5</EventID><Version>3</Version><Level>4</Level><Task>5</Task><Opcode>0</Opcode><Keywords>0x8000000000000000</Keywords><TimeCreated SystemTime="2022-09-24T17:05:07.454452000Z"/><EventRecordID>760</EventRecordID><Correlation/><Execution ProcessID="132" ThreadID="132"/><Channel>Linux-Sysmon/Operational</Channel><Computer>da12fb1ecfde</Computer><Security UserId="0"/></System><EventData><Data Name="RuleName">-</Data><Data Name="UtcTime">2022-09-24 17:05:07.460</Data><Data Name="ProcessGuid">{3c0b761a-0cbc-632f-0000-000000000000}</Data><Data Name="ProcessId">151926</Data><Data Name="Image">(null)</Data><Data Name="User">-</Data></EventData></Event>
Sep 24 17:05:07 da12fb1ecfde sysmon: <Event><System><Provider Name="Linux-Sysmon" Guid="{ff032593-a8d3-4f13-b0d6-01fc615a0f97}"/><EventID>5</EventID><Version>3</Version><Level>4</Level><Task>5</Task><Opcode>0</Opcode><Keywords>0x8000000000000000</Keywords><TimeCreated SystemTime="2022-09-24T17:05:07.489926000Z"/><EventRecordID>761</EventRecordID><Correlation/><Execution ProcessID="132" ThreadID="132"/><Channel>Linux-Sysmon/Operational</Channel><Computer>da12fb1ecfde</Computer><Security UserId="0"/></System><EventData><Data Name="RuleName">-</Data><Data Name="UtcTime">2022-09-24 17:05:07.496</Data><Data Name="ProcessGuid">{00000000-0000-0000-0000-000000000000}</Data><Data Name="ProcessId">151925</Data><Data Name="Image">&lt;unknown process&gt;</Data><Data Name="User">root</Data></EventData></Event>
Sep 24 17:05:07 da12fb1ecfde sysmon: <Event><System><Provider Name="Linux-Sysmon" Guid="{ff032593-a8d3-4f13-b0d6-01fc615a0f97}"/><EventID>5</EventID><Version>3</Version><Level>4</Level><Task>5</Task><Opcode>0</Opcode><Keywords>0x8000000000000000</Keywords><TimeCreated SystemTime="2022-09-24T17:05:07.492603000Z"/><EventRecordID>762</EventRecordID><Correlation/><Execution ProcessID="132" ThreadID="132"/><Channel>Linux-Sysmon/Operational</Channel><Computer>da12fb1ecfde</Computer><Security UserId="0"/></System><EventData><Data Name="RuleName">-</Data><Data Name="UtcTime">2022-09-24 17:05:07.498</Data><Data Name="ProcessGuid">{00000000-0000-0000-0000-000000000000}</Data><Data Name="ProcessId">151924</Data><Data Name="Image">&lt;unknown process&gt;</Data><Data Name="User">root</Data></EventData></Event>
Sep 24 17:05:08 da12fb1ecfde sysmon: <Event><System><Provider Name="Linux-Sysmon" Guid="{ff032593-a8d3-4f13-b0d6-01fc615a0f97}"/><EventID>1</EventID><Version>5</Version><Level>4</Level><Task>1</Task><Opcode>0</Opcode><Keywords>0x8000000000000000</Keywords><TimeCreated SystemTime="2022-09-24T17:05:08.530478000Z"/><EventRecordID>763</EventRecordID><Correlation/><Execution ProcessID="132" ThreadID="132"/><Channel>Linux-Sysmon/Operational</Channel><Computer>da12fb1ecfde</Computer><Security UserId="0"/></System><EventData><Data Name="RuleName">-</Data><Data Name="UtcTime">2022-09-24 13:57:16.357</Data><Data Name="ProcessGuid">{3c0b761a-0cbc-632f-0000-000000000000}</Data><Data Name="ProcessId">151929</Data><Data Name="Image">-</Data><Data Name="FileVersion">-</Data><Data Name="Description">-</Data><Data Name="Product">-</Data><Data Name="Company">-</Data><Data Name="OriginalFileName">-</Data><Data Name="CommandLine">-</Data><Data Name="CurrentDirectory">-</Data><Data Name="User">-</Data><Data Name="LogonGuid">{3c0b761a-0000-0000-ffff-ffffffffffff}</Data><Data Name="LogonId">65535</Data><Data Name="TerminalSessionId">0</Data><Data Name="IntegrityLevel">no level</Data><Data Name="Hashes">-</Data><Data Name="ParentProcessGuid">{00000000-0000-0000-0000-000000000000}</Data><Data Name="ParentProcessId">0</Data><Data Name="ParentImage">-</Data><Data Name="ParentCommandLine">-</Data><Data Name="ParentUser">-</Data></EventData></Event>
Sep 24 17:05:08 da12fb1ecfde sysmon: <Event><System><Provider Name="Linux-Sysmon" Guid="{ff032593-a8d3-4f13-b0d6-01fc615a0f97}"/><EventID>1</EventID><Version>5</Version><Level>4</Level><Task>1</Task><Opcode>0</Opcode><Keywords>0x8000000000000000</Keywords><TimeCreated SystemTime="2022-09-24T17:05:08.530701000Z"/><EventRecordID>764</EventRecordID><Correlation/><Execution ProcessID="132" ThreadID="132"/><Channel>Linux-Sysmon/Operational</Channel><Computer>da12fb1ecfde</Computer><Security UserId="0"/></System><EventData><Data Name="RuleName">-</Data><Data Name="UtcTime">2022-09-24 13:57:16.357</Data><Data Name="ProcessGuid">{3c0b761a-0cbc-632f-0000-000000000000}</Data><Data Name="ProcessId">151929</Data><Data Name="Image">-</Data><Data Name="FileVersion">-</Data><Data Name="Description">-</Data><Data Name="Product">-</Data><Data Name="Company">-</Data><Data Name="OriginalFileName">-</Data><Data Name="CommandLine">-</Data><Data Name="CurrentDirectory">-</Data><Data Name="User">-</Data><Data Name="LogonGuid">{3c0b761a-0000-0000-ffff-ffffffffffff}</Data><Data Name="LogonId">65535</Data><Data Name="TerminalSessionId">0</Data><Data Name="IntegrityLevel">no level</Data><Data Name="Hashes">-</Data><Data Name="ParentProcessGuid">{00000000-0000-0000-0000-000000000000}</Data><Data Name="ParentProcessId">0</Data><Data Name="ParentImage">-</Data><Data Name="ParentCommandLine">-</Data><Data Name="ParentUser">-</Data></EventData></Event>
Sep 24 17:05:08 da12fb1ecfde sysmon: <Event><System><Provider Name="Linux-Sysmon" Guid="{ff032593-a8d3-4f13-b0d6-01fc615a0f97}"/><EventID>5</EventID><Version>3</Version><Level>4</Level><Task>5</Task><Opcode>0</Opcode><Keywords>0x8000000000000000</Keywords><TimeCreated SystemTime="2022-09-24T17:05:08.530852000Z"/><EventRecordID>765</EventRecordID><Correlation/><Execution ProcessID="132" ThreadID="132"/><Channel>Linux-Sysmon/Operational</Channel><Computer>da12fb1ecfde</Computer><Security UserId="0"/></System><EventData><Data Name="RuleName">-</Data><Data Name="UtcTime">2022-09-24 17:05:08.537</Data><Data Name="ProcessGuid">{3c0b761a-0cbc-632f-0000-000000000000}</Data><Data Name="ProcessId">151929</Data><Data Name="Image">(null)</Data><Data Name="User">-</Data></EventData></Event>
Sep 24 17:05:08 da12fb1ecfde sysmon: <Event><System><Provider Name="Linux-Sysmon" Guid="{ff032593-a8d3-4f13-b0d6-01fc615a0f97}"/><EventID>5</EventID><Version>3</Version><Level>4</Level><Task>5</Task><Opcode>0</Opcode><Keywords>0x8000000000000000</Keywords><TimeCreated SystemTime="2022-09-24T17:05:08.567303000Z"/><EventRecordID>766</EventRecordID><Correlation/><Execution ProcessID="132" ThreadID="132"/><Channel>Linux-Sysmon/Operational</Channel><Computer>da12fb1ecfde</Computer><Security UserId="0"/></System><EventData><Data Name="RuleName">-</Data><Data Name="UtcTime">2022-09-24 17:05:08.573</Data><Data Name="ProcessGuid">{00000000-0000-0000-0000-000000000000}</Data><Data Name="ProcessId">151928</Data><Data Name="Image">&lt;unknown process&gt;</Data><Data Name="User">root</Data></EventData></Event>
Sep 24 17:05:08 da12fb1ecfde sysmon: <Event><System><Provider Name="Linux-Sysmon" Guid="{ff032593-a8d3-4f13-b0d6-01fc615a0f97}"/><EventID>5</EventID><Version>3</Version><Level>4</Level><Task>5</Task><Opcode>0</Opcode><Keywords>0x8000000000000000</Keywords><TimeCreated SystemTime="2022-09-24T17:05:08.570284000Z"/><EventRecordID>767</EventRecordID><Correlation/><Execution ProcessID="132" ThreadID="132"/><Channel>Linux-Sysmon/Operational</Channel><Computer>da12fb1ecfde</Computer><Security UserId="0"/></System><EventData><Data Name="RuleName">-</Data><Data Name="UtcTime">2022-09-24 17:05:08.576</Data><Data Name="ProcessGuid">{00000000-0000-0000-0000-000000000000}</Data><Data Name="ProcessId">151927</Data><Data Name="Image">&lt;unknown process&gt;</Data><Data Name="User">root</Data></EventData></Event>
Sep 24 17:05:12 da12fb1ecfde sysmon: <Event><System><Provider Name="Linux-Sysmon" Guid="{ff032593-a8d3-4f13-b0d6-01fc615a0f97}"/><EventID>1</EventID><Version>5</Version><Level>4</Level><Task>1</Task><Opcode>0</Opcode><Keywords>0x8000000000000000</Keywords><TimeCreated SystemTime="2022-09-24T17:05:12.390409000Z"/><EventRecordID>768</EventRecordID><Correlation/><Execution ProcessID="132" ThreadID="132"/><Channel>Linux-Sysmon/Operational</Channel><Computer>da12fb1ecfde</Computer><Security UserId="0"/></System><EventData><Data Name="RuleName">-</Data><Data Name="UtcTime">2022-09-24 13:57:16.357</Data><Data Name="ProcessGuid">{3c0b761a-0cbc-632f-0000-000000000000}</Data><Data Name="ProcessId">151932</Data><Data Name="Image">-</Data><Data Name="FileVersion">-</Data><Data Name="Description">-</Data><Data Name="Product">-</Data><Data Name="Company">-</Data><Data Name="OriginalFileName">-</Data><Data Name="CommandLine">-</Data><Data Name="CurrentDirectory">-</Data><Data Name="User">-</Data><Data Name="LogonGuid">{3c0b761a-0000-0000-ffff-ffffffffffff}</Data><Data Name="LogonId">65535</Data><Data Name="TerminalSessionId">0</Data><Data Name="IntegrityLevel">no level</Data><Data Name="Hashes">-</Data><Data Name="ParentProcessGuid">{00000000-0000-0000-0000-000000000000}</Data><Data Name="ParentProcessId">0</Data><Data Name="ParentImage">-</Data><Data Name="ParentCommandLine">-</Data><Data Name="ParentUser">-</Data></EventData></Event>
Sep 24 17:05:12 da12fb1ecfde sysmon: <Event><System><Provider Name="Linux-Sysmon" Guid="{ff032593-a8d3-4f13-b0d6-01fc615a0f97}"/><EventID>1</EventID><Version>5</Version><Level>4</Level><Task>1</Task><Opcode>0</Opcode><Keywords>0x8000000000000000</Keywords><TimeCreated SystemTime="2022-09-24T17:05:12.391238000Z"/><EventRecordID>769</EventRecordID><Correlation/><Execution ProcessID="132" ThreadID="132"/><Channel>Linux-Sysmon/Operational</Channel><Computer>da12fb1ecfde</Computer><Security UserId="0"/></System><EventData><Data Name="RuleName">-</Data><Data Name="UtcTime">2022-09-24 13:57:16.357</Data><Data Name="ProcessGuid">{3c0b761a-0cbc-632f-0000-000000000000}</Data><Data Name="ProcessId">151932</Data><Data Name="Image">-</Data><Data Name="FileVersion">-</Data><Data Name="Description">-</Data><Data Name="Product">-</Data><Data Name="Company">-</Data><Data Name="OriginalFileName">-</Data><Data Name="CommandLine">-</Data><Data Name="CurrentDirectory">-</Data><Data Name="User">-</Data><Data Name="LogonGuid">{3c0b761a-0000-0000-ffff-ffffffffffff}</Data><Data Name="LogonId">65535</Data><Data Name="TerminalSessionId">0</Data><Data Name="IntegrityLevel">no level</Data><Data Name="Hashes">-</Data><Data Name="ParentProcessGuid">{00000000-0000-0000-0000-000000000000}</Data><Data Name="ParentProcessId">0</Data><Data Name="ParentImage">-</Data><Data Name="ParentCommandLine">-</Data><Data Name="ParentUser">-</Data></EventData></Event>
Sep 24 17:05:12 da12fb1ecfde sysmon: <Event><System><Provider Name="Linux-Sysmon" Guid="{ff032593-a8d3-4f13-b0d6-01fc615a0f97}"/><EventID>5</EventID><Version>3</Version><Level>4</Level><Task>5</Task><Opcode>0</Opcode><Keywords>0x8000000000000000</Keywords><TimeCreated SystemTime="2022-09-24T17:05:12.391326000Z"/><EventRecordID>770</EventRecordID><Correlation/><Execution ProcessID="132" ThreadID="132"/><Channel>Linux-Sysmon/Operational</Channel><Computer>da12fb1ecfde</Computer><Security UserId="0"/></System><EventData><Data Name="RuleName">-</Data><Data Name="UtcTime">2022-09-24 17:05:12.397</Data><Data Name="ProcessGuid">{3c0b761a-0cbc-632f-0000-000000000000}</Data><Data Name="ProcessId">151932</Data><Data Name="Image">(null)</Data><Data Name="User">-</Data></EventData></Event>
Sep 24 17:05:12 da12fb1ecfde sysmon: <Event><System><Provider Name="Linux-Sysmon" Guid="{ff032593-a8d3-4f13-b0d6-01fc615a0f97}"/><EventID>5</EventID><Version>3</Version><Level>4</Level><Task>5</Task><Opcode>0</Opcode><Keywords>0x8000000000000000</Keywords><TimeCreated SystemTime="2022-09-24T17:05:12.432632000Z"/><EventRecordID>771</EventRecordID><Correlation/><Execution ProcessID="132" ThreadID="132"/><Channel>Linux-Sysmon/Operational</Channel><Computer>da12fb1ecfde</Computer><Security UserId="0"/></System><EventData><Data Name="RuleName">-</Data><Data Name="UtcTime">2022-09-24 17:05:12.438</Data><Data Name="ProcessGuid">{00000000-0000-0000-0000-000000000000}</Data><Data Name="ProcessId">151931</Data><Data Name="Image">&lt;unknown process&gt;</Data><Data Name="User">root</Data></EventData></Event>
Sep 24 17:05:12 da12fb1ecfde sysmon: <Event><System><Provider Name="Linux-Sysmon" Guid="{ff032593-a8d3-4f13-b0d6-01fc615a0f97}"/><EventID>5</EventID><Version>3</Version><Level>4</Level><Task>5</Task><Opcode>0</Opcode><Keywords>0x8000000000000000</Keywords><TimeCreated SystemTime="2022-09-24T17:05:12.436173000Z"/><EventRecordID>772</EventRecordID><Correlation/><Execution ProcessID="132" ThreadID="132"/><Channel>Linux-Sysmon/Operational</Channel><Computer>da12fb1ecfde</Computer><Security UserId="0"/></System><EventData><Data Name="RuleName">-</Data><Data Name="UtcTime">2022-09-24 17:05:12.442</Data><Data Name="ProcessGuid">{00000000-0000-0000-0000-000000000000}</Data><Data Name="ProcessId">151930</Data><Data Name="Image">&lt;unknown process&gt;</Data><Data Name="User">root</Data></EventData></Event>
Sep 24 17:05:12 da12fb1ecfde sysmon: <Event><System><Provider Name="Linux-Sysmon" Guid="{ff032593-a8d3-4f13-b0d6-01fc615a0f97}"/><EventID>1</EventID><Version>5</Version><Level>4</Level><Task>1</Task><Opcode>0</Opcode><Keywords>0x8000000000000000</Keywords><TimeCreated SystemTime="2022-09-24T17:05:12.466896000Z"/><EventRecordID>773</EventRecordID><Correlation/><Execution ProcessID="132" ThreadID="132"/><Channel>Linux-Sysmon/Operational</Channel><Computer>da12fb1ecfde</Computer><Security UserId="0"/></System><EventData><Data Name="RuleName">-</Data><Data Name="UtcTime">2022-09-24 13:57:16.357</Data><Data Name="ProcessGuid">{3c0b761a-0cbc-632f-0000-000000000000}</Data><Data Name="ProcessId">151935</Data><Data Name="Image">-</Data><Data Name="FileVersion">-</Data><Data Name="Description">-</Data><Data Name="Product">-</Data><Data Name="Company">-</Data><Data Name="OriginalFileName">-</Data><Data Name="CommandLine">-</Data><Data Name="CurrentDirectory">-</Data><Data Name="User">-</Data><Data Name="LogonGuid">{3c0b761a-0000-0000-ffff-ffffffffffff}</Data><Data Name="LogonId">65535</Data><Data Name="TerminalSessionId">0</Data><Data Name="IntegrityLevel">no level</Data><Data Name="Hashes">-</Data><Data Name="ParentProcessGuid">{00000000-0000-0000-0000-000000000000}</Data><Data Name="ParentProcessId">0</Data><Data Name="ParentImage">-</Data><Data Name="ParentCommandLine">-</Data><Data Name="ParentUser">-</Data></EventData></Event>
Sep 24 17:05:12 da12fb1ecfde sysmon: <Event><System><Provider Name="Linux-Sysmon" Guid="{ff032593-a8d3-4f13-b0d6-01fc615a0f97}"/><EventID>1</EventID><Version>5</Version><Level>4</Level><Task>1</Task><Opcode>0</Opcode><Keywords>0x8000000000000000</Keywords><TimeCreated SystemTime="2022-09-24T17:05:12.467118000Z"/><EventRecordID>774</EventRecordID><Correlation/><Execution ProcessID="132" ThreadID="132"/><Channel>Linux-Sysmon/Operational</Channel><Computer>da12fb1ecfde</Computer><Security UserId="0"/></System><EventData><Data Name="RuleName">-</Data><Data Name="UtcTime">2022-09-24 13:57:16.357</Data><Data Name="ProcessGuid">{3c0b761a-0cbc-632f-0000-000000000000}</Data><Data Name="ProcessId">151935</Data><Data Name="Image">-</Data><Data Name="FileVersion">-</Data><Data Name="Description">-</Data><Data Name="Product">-</Data><Data Name="Company">-</Data><Data Name="OriginalFileName">-</Data><Data Name="CommandLine">-</Data><Data Name="CurrentDirectory">-</Data><Data Name="User">-</Data><Data Name="LogonGuid">{3c0b761a-0000-0000-ffff-ffffffffffff}</Data><Data Name="LogonId">65535</Data><Data Name="TerminalSessionId">0</Data><Data Name="IntegrityLevel">no level</Data><Data Name="Hashes">-</Data><Data Name="ParentProcessGuid">{00000000-0000-0000-0000-000000000000}</Data><Data Name="ParentProcessId">0</Data><Data Name="ParentImage">-</Data><Data Name="ParentCommandLine">-</Data><Data Name="ParentUser">-</Data></EventData></Event>
Sep 24 17:05:12 da12fb1ecfde sysmon: <Event><System><Provider Name="Linux-Sysmon" Guid="{ff032593-a8d3-4f13-b0d6-01fc615a0f97}"/><EventID>5</EventID><Version>3</Version><Level>4</Level><Task>5</Task><Opcode>0</Opcode><Keywords>0x8000000000000000</Keywords><TimeCreated SystemTime="2022-09-24T17:05:12.467290000Z"/><EventRecordID>775</EventRecordID><Correlation/><Execution ProcessID="132" ThreadID="132"/><Channel>Linux-Sysmon/Operational</Channel><Computer>da12fb1ecfde</Computer><Security UserId="0"/></System><EventData><Data Name="RuleName">-</Data><Data Name="UtcTime">2022-09-24 17:05:12.473</Data><Data Name="ProcessGuid">{3c0b761a-0cbc-632f-0000-000000000000}</Data><Data Name="ProcessId">151935</Data><Data Name="Image">(null)</Data><Data Name="User">-</Data></EventData></Event>
Sep 24 17:05:12 da12fb1ecfde sysmon: <Event><System><Provider Name="Linux-Sysmon" Guid="{ff032593-a8d3-4f13-b0d6-01fc615a0f97}"/><EventID>5</EventID><Version>3</Version><Level>4</Level><Task>5</Task><Opcode>0</Opcode><Keywords>0x8000000000000000</Keywords><TimeCreated SystemTime="2022-09-24T17:05:12.506164000Z"/><EventRecordID>776</EventRecordID><Correlation/><Execution ProcessID="132" ThreadID="132"/><Channel>Linux-Sysmon/Operational</Channel><Computer>da12fb1ecfde</Computer><Security UserId="0"/></System><EventData><Data Name="RuleName">-</Data><Data Name="UtcTime">2022-09-24 17:05:12.512</Data><Data Name="ProcessGuid">{00000000-0000-0000-0000-000000000000}</Data><Data Name="ProcessId">151934</Data><Data Name="Image">&lt;unknown process&gt;</Data><Data Name="User">root</Data></EventData></Event>
Sep 24 17:05:12 da12fb1ecfde sysmon: <Event><System><Provider Name="Linux-Sysmon" Guid="{ff032593-a8d3-4f13-b0d6-01fc615a0f97}"/><EventID>5</EventID><Version>3</Version><Level>4</Level><Task>5</Task><Opcode>0</Opcode><Keywords>0x8000000000000000</Keywords><TimeCreated SystemTime="2022-09-24T17:05:12.508918000Z"/><EventRecordID>777</EventRecordID><Correlation/><Execution ProcessID="132" ThreadID="132"/><Channel>Linux-Sysmon/Operational</Channel><Computer>da12fb1ecfde</Computer><Security UserId="0"/></System><EventData><Data Name="RuleName">-</Data><Data Name="UtcTime">2022-09-24 17:05:12.515</Data><Data Name="ProcessGuid">{00000000-0000-0000-0000-000000000000}</Data><Data Name="ProcessId">151933</Data><Data Name="Image">&lt;unknown process&gt;</Data><Data Name="User">root</Data></EventData></Event>
Sep 24 17:05:13 da12fb1ecfde sysmon: <Event><System><Provider Name="Linux-Sysmon" Guid="{ff032593-a8d3-4f13-b0d6-01fc615a0f97}"/><EventID>1</EventID><Version>5</Version><Level>4</Level><Task>1</Task><Opcode>0</Opcode><Keywords>0x8000000000000000</Keywords><TimeCreated SystemTime="2022-09-24T17:05:13.550644000Z"/><EventRecordID>778</EventRecordID><Correlation/><Execution ProcessID="132" ThreadID="132"/><Channel>Linux-Sysmon/Operational</Channel><Computer>da12fb1ecfde</Computer><Security UserId="0"/></System><EventData><Data Name="RuleName">-</Data><Data Name="UtcTime">2022-09-24 13:57:16.357</Data><Data Name="ProcessGuid">{3c0b761a-0cbc-632f-0000-000000000000}</Data><Data Name="ProcessId">151938</Data><Data Name="Image">-</Data><Data Name="FileVersion">-</Data><Data Name="Description">-</Data><Data Name="Product">-</Data><Data Name="Company">-</Data><Data Name="OriginalFileName">-</Data><Data Name="CommandLine">-</Data><Data Name="CurrentDirectory">-</Data><Data Name="User">-</Data><Data Name="LogonGuid">{3c0b761a-0000-0000-ffff-ffffffffffff}</Data><Data Name="LogonId">65535</Data><Data Name="TerminalSessionId">0</Data><Data Name="IntegrityLevel">no level</Data><Data Name="Hashes">-</Data><Data Name="ParentProcessGuid">{00000000-0000-0000-0000-000000000000}</Data><Data Name="ParentProcessId">0</Data><Data Name="ParentImage">-</Data><Data Name="ParentCommandLine">-</Data><Data Name="ParentUser">-</Data></EventData></Event>
Sep 24 17:05:13 da12fb1ecfde sysmon: <Event><System><Provider Name="Linux-Sysmon" Guid="{ff032593-a8d3-4f13-b0d6-01fc615a0f97}"/><EventID>1</EventID><Version>5</Version><Level>4</Level><Task>1</Task><Opcode>0</Opcode><Keywords>0x8000000000000000</Keywords><TimeCreated SystemTime="2022-09-24T17:05:13.551070000Z"/><EventRecordID>779</EventRecordID><Correlation/><Execution ProcessID="132" ThreadID="132"/><Channel>Linux-Sysmon/Operational</Channel><Computer>da12fb1ecfde</Computer><Security UserId="0"/></System><EventData><Data Name="RuleName">-</Data><Data Name="UtcTime">2022-09-24 13:57:16.357</Data><Data Name="ProcessGuid">{3c0b761a-0cbc-632f-0000-000000000000}</Data><Data Name="ProcessId">151938</Data><Data Name="Image">-</Data><Data Name="FileVersion">-</Data><Data Name="Description">-</Data><Data Name="Product">-</Data><Data Name="Company">-</Data><Data Name="OriginalFileName">-</Data><Data Name="CommandLine">-</Data><Data Name="CurrentDirectory">-</Data><Data Name="User">-</Data><Data Name="LogonGuid">{3c0b761a-0000-0000-ffff-ffffffffffff}</Data><Data Name="LogonId">65535</Data><Data Name="TerminalSessionId">0</Data><Data Name="IntegrityLevel">no level</Data><Data Name="Hashes">-</Data><Data Name="ParentProcessGuid">{00000000-0000-0000-0000-000000000000}</Data><Data Name="ParentProcessId">0</Data><Data Name="ParentImage">-</Data><Data Name="ParentCommandLine">-</Data><Data Name="ParentUser">-</Data></EventData></Event>
Sep 24 17:05:13 da12fb1ecfde sysmon: <Event><System><Provider Name="Linux-Sysmon" Guid="{ff032593-a8d3-4f13-b0d6-01fc615a0f97}"/><EventID>5</EventID><Version>3</Version><Level>4</Level><Task>5</Task><Opcode>0</Opcode><Keywords>0x8000000000000000</Keywords><TimeCreated SystemTime="2022-09-24T17:05:13.551203000Z"/><EventRecordID>780</EventRecordID><Correlation/><Execution ProcessID="132" ThreadID="132"/><Channel>Linux-Sysmon/Operational</Channel><Computer>da12fb1ecfde</Computer><Security UserId="0"/></System><EventData><Data Name="RuleName">-</Data><Data Name="UtcTime">2022-09-24 17:05:13.557</Data><Data Name="ProcessGuid">{3c0b761a-0cbc-632f-0000-000000000000}</Data><Data Name="ProcessId">151938</Data><Data Name="Image">(null)</Data><Data Name="User">-</Data></EventData></Event>
Sep 24 17:05:13 da12fb1ecfde sysmon: <Event><System><Provider Name="Linux-Sysmon" Guid="{ff032593-a8d3-4f13-b0d6-01fc615a0f97}"/><EventID>5</EventID><Version>3</Version><Level>4</Level><Task>5</Task><Opcode>0</Opcode><Keywords>0x8000000000000000</Keywords><TimeCreated SystemTime="2022-09-24T17:05:13.586883000Z"/><EventRecordID>781</EventRecordID><Correlation/><Execution ProcessID="132" ThreadID="132"/><Channel>Linux-Sysmon/Operational</Channel><Computer>da12fb1ecfde</Computer><Security UserId="0"/></System><EventData><Data Name="RuleName">-</Data><Data Name="UtcTime">2022-09-24 17:05:13.593</Data><Data Name="ProcessGuid">{00000000-0000-0000-0000-000000000000}</Data><Data Name="ProcessId">151937</Data><Data Name="Image">&lt;unknown process&gt;</Data><Data Name="User">root</Data></EventData></Event>
Sep 24 17:05:13 da12fb1ecfde sysmon: <Event><System><Provider Name="Linux-Sysmon" Guid="{ff032593-a8d3-4f13-b0d6-01fc615a0f97}"/><EventID>5</EventID><Version>3</Version><Level>4</Level><Task>5</Task><Opcode>0</Opcode><Keywords>0x8000000000000000</Keywords><TimeCreated SystemTime="2022-09-24T17:05:13.589709000Z"/><EventRecordID>782</EventRecordID><Correlation/><Execution ProcessID="132" ThreadID="132"/><Channel>Linux-Sysmon/Operational</Channel><Computer>da12fb1ecfde</Computer><Security UserId="0"/></System><EventData><Data Name="RuleName">-</Data><Data Name="UtcTime">2022-09-24 17:05:13.596</Data><Data Name="ProcessGuid">{00000000-0000-0000-0000-000000000000}</Data><Data Name="ProcessId">151936</Data><Data Name="Image">&lt;unknown process&gt;</Data><Data Name="User">root</Data></EventData></Event>
Sep 24 17:05:17 da12fb1ecfde sysmon: <Event><System><Provider Name="Linux-Sysmon" Guid="{ff032593-a8d3-4f13-b0d6-01fc615a0f97}"/><EventID>1</EventID><Version>5</Version><Level>4</Level><Task>1</Task><Opcode>0</Opcode><Keywords>0x8000000000000000</Keywords><TimeCreated SystemTime="2022-09-24T17:05:17.398297000Z"/><EventRecordID>783</EventRecordID><Correlation/><Execution ProcessID="132" ThreadID="132"/><Channel>Linux-Sysmon/Operational</Channel><Computer>da12fb1ecfde</Computer><Security UserId="0"/></System><EventData><Data Name="RuleName">-</Data><Data Name="UtcTime">2022-09-24 13:57:16.357</Data><Data Name="ProcessGuid">{3c0b761a-0cbc-632f-0000-000000000000}</Data><Data Name="ProcessId">151941</Data><Data Name="Image">-</Data><Data Name="FileVersion">-</Data><Data Name="Description">-</Data><Data Name="Product">-</Data><Data Name="Company">-</Data><Data Name="OriginalFileName">-</Data><Data Name="CommandLine">-</Data><Data Name="CurrentDirectory">-</Data><Data Name="User">-</Data><Data Name="LogonGuid">{3c0b761a-0000-0000-ffff-ffffffffffff}</Data><Data Name="LogonId">65535</Data><Data Name="TerminalSessionId">0</Data><Data Name="IntegrityLevel">no level</Data><Data Name="Hashes">-</Data><Data Name="ParentProcessGuid">{00000000-0000-0000-0000-000000000000}</Data><Data Name="ParentProcessId">0</Data><Data Name="ParentImage">-</Data><Data Name="ParentCommandLine">-</Data><Data Name="ParentUser">-</Data></EventData></Event>
Sep 24 17:05:17 da12fb1ecfde sysmon: <Event><System><Provider Name="Linux-Sysmon" Guid="{ff032593-a8d3-4f13-b0d6-01fc615a0f97}"/><EventID>1</EventID><Version>5</Version><Level>4</Level><Task>1</Task><Opcode>0</Opcode><Keywords>0x8000000000000000</Keywords><TimeCreated SystemTime="2022-09-24T17:05:17.398471000Z"/><EventRecordID>784</EventRecordID><Correlation/><Execution ProcessID="132" ThreadID="132"/><Channel>Linux-Sysmon/Operational</Channel><Computer>da12fb1ecfde</Computer><Security UserId="0"/></System><EventData><Data Name="RuleName">-</Data><Data Name="UtcTime">2022-09-24 13:57:16.357</Data><Data Name="ProcessGuid">{3c0b761a-0cbc-632f-0000-000000000000}</Data><Data Name="ProcessId">151941</Data><Data Name="Image">-</Data><Data Name="FileVersion">-</Data><Data Name="Description">-</Data><Data Name="Product">-</Data><Data Name="Company">-</Data><Data Name="OriginalFileName">-</Data><Data Name="CommandLine">-</Data><Data Name="CurrentDirectory">-</Data><Data Name="User">-</Data><Data Name="LogonGuid">{3c0b761a-0000-0000-ffff-ffffffffffff}</Data><Data Name="LogonId">65535</Data><Data Name="TerminalSessionId">0</Data><Data Name="IntegrityLevel">no level</Data><Data Name="Hashes">-</Data><Data Name="ParentProcessGuid">{00000000-0000-0000-0000-000000000000}</Data><Data Name="ParentProcessId">0</Data><Data Name="ParentImage">-</Data><Data Name="ParentCommandLine">-</Data><Data Name="ParentUser">-</Data></EventData></Event>
Sep 24 17:05:17 da12fb1ecfde sysmon: <Event><System><Provider Name="Linux-Sysmon" Guid="{ff032593-a8d3-4f13-b0d6-01fc615a0f97}"/><EventID>5</EventID><Version>3</Version><Level>4</Level><Task>5</Task><Opcode>0</Opcode><Keywords>0x8000000000000000</Keywords><TimeCreated SystemTime="2022-09-24T17:05:17.398591000Z"/><EventRecordID>785</EventRecordID><Correlation/><Execution ProcessID="132" ThreadID="132"/><Channel>Linux-Sysmon/Operational</Channel><Computer>da12fb1ecfde</Computer><Security UserId="0"/></System><EventData><Data Name="RuleName">-</Data><Data Name="UtcTime">2022-09-24 17:05:17.404</Data><Data Name="ProcessGuid">{3c0b761a-0cbc-632f-0000-000000000000}</Data><Data Name="ProcessId">151941</Data><Data Name="Image">(null)</Data><Data Name="User">-</Data></EventData></Event>
Sep 24 17:05:17 da12fb1ecfde sysmon: <Event><System><Provider Name="Linux-Sysmon" Guid="{ff032593-a8d3-4f13-b0d6-01fc615a0f97}"/><EventID>5</EventID><Version>3</Version><Level>4</Level><Task>5</Task><Opcode>0</Opcode><Keywords>0x8000000000000000</Keywords><TimeCreated SystemTime="2022-09-24T17:05:17.433479000Z"/><EventRecordID>786</EventRecordID><Correlation/><Execution ProcessID="132" ThreadID="132"/><Channel>Linux-Sysmon/Operational</Channel><Computer>da12fb1ecfde</Computer><Security UserId="0"/></System><EventData><Data Name="RuleName">-</Data><Data Name="UtcTime">2022-09-24 17:05:17.439</Data><Data Name="ProcessGuid">{00000000-0000-0000-0000-000000000000}</Data><Data Name="ProcessId">151940</Data><Data Name="Image">&lt;unknown process&gt;</Data><Data Name="User">root</Data></EventData></Event>
Sep 24 17:05:17 da12fb1ecfde sysmon: <Event><System><Provider Name="Linux-Sysmon" Guid="{ff032593-a8d3-4f13-b0d6-01fc615a0f97}"/><EventID>5</EventID><Version>3</Version><Level>4</Level><Task>5</Task><Opcode>0</Opcode><Keywords>0x8000000000000000</Keywords><TimeCreated SystemTime="2022-09-24T17:05:17.435889000Z"/><EventRecordID>787</EventRecordID><Correlation/><Execution ProcessID="132" ThreadID="132"/><Channel>Linux-Sysmon/Operational</Channel><Computer>da12fb1ecfde</Computer><Security UserId="0"/></System><EventData><Data Name="RuleName">-</Data><Data Name="UtcTime">2022-09-24 17:05:17.442</Data><Data Name="ProcessGuid">{00000000-0000-0000-0000-000000000000}</Data><Data Name="ProcessId">151939</Data><Data Name="Image">&lt;unknown process&gt;</Data><Data Name="User">-</Data></EventData></Event>
