Sep 24 17:06:58 da12fb1ecfde sysmon: <Event><System><Provider Name="Linux-Sysmon" Guid="{ff032593-a8d3-4f13-b0d6-01fc615a0f97}"/><EventID>1</EventID><Version>5</Version><Level>4</Level><Task>1</Task><Opcode>0</Opcode><Keywords>0x8000000000000000</Keywords><TimeCreated SystemTime="2022-09-24T17:06:58.549460000Z"/><EventRecordID>1119</EventRecordID><Correlation/><Execution ProcessID="132" ThreadID="132"/><Channel>Linux-Sysmon/Operational</Channel><Computer>da12fb1ecfde</Computer><Security UserId="0"/></System><EventData><Data Name="RuleName">-</Data><Data Name="UtcTime">2022-09-24 13:57:16.357</Data><Data Name="ProcessGuid">{3c0b761a-0cbc-632f-0000-000000000000}</Data><Data Name="ProcessId">152135</Data><Data Name="Image">-</Data><Data Name="FileVersion">-</Data><Data Name="Description">-</Data><Data Name="Product">-</Data><Data Name="Company">-</Data><Data Name="OriginalFileName">-</Data><Data Name="CommandLine">-</Data><Data Name="CurrentDirectory">-</Data><Data Name="User">-</Data><Data Name="LogonGuid">{3c0b761a-0000-0000-ffff-ffffffffffff}</Data><Data Name="LogonId">65535</Data><Data Name="TerminalSessionId">0</Data><Data Name="IntegrityLevel">no level</Data><Data Name="Hashes">-</Data><Data Name="ParentProcessGuid">{00000000-0000-0000-0000-000000000000}</Data><Data Name="ParentProcessId">0</Data><Data Name="ParentImage">-</Data><Data Name="ParentCommandLine">-</Data><Data Name="ParentUser">-</Data></EventData></Event>
Sep 24 17:06:58 da12fb1ecfde sysmon: <Event><System><Provider Name="Linux-Sysmon" Guid="{ff032593-a8d3-4f13-b0d6-01fc615a0f97}"/><EventID>5</EventID><Version>3</Version><Level>4</Level><Task>5</Task><Opcode>0</Opcode><Keywords>0x8000000000000000</Keywords><TimeCreated SystemTime="2022-09-24T17:06:58.549612000Z"/><EventRecordID>1120</EventRecordID><Correlation/><Execution ProcessID="132" ThreadID="132"/><Channel>Linux-Sysmon/Operational</Channel><Computer>da12fb1ecfde</Computer><Security UserId="0"/></System><EventData><Data Name="RuleName">-</Data><Data Name="UtcTime">2022-09-24 17:06:58.556</Data><Data Name="ProcessGuid">{3c0b761a-0cbc-632f-0000-000000000000}</Data><Data Name="ProcessId">152135</Data><Data Name="Image">(null)</Data><Data Name="User">-</Data></EventData></Event>
Sep 24 17:06:58 da12fb1ecfde sysmon: <Event><System><Provider Name="Linux-Sysmon" Guid="{ff032593-a8d3-4f13-b0d6-01fc615a0f97}"/><EventID>5</EventID><Version>3</Version><Level>4</Level><Task>5</Task><Opcode>0</Opcode><Keywords>0x8000000000000000</Keywords><TimeCreated SystemTime="2022-09-24T17:06:58.589355000Z"/><EventRecordID>1121</EventRecordID><Correlation/><Execution ProcessID="132" ThreadID="132"/><Channel>Linux-Sysmon/Operational</Channel><Computer>da12fb1ecfde</Computer><Security UserId="0"/></System><EventData><Data Name="RuleName">-</Data><Data Name="UtcTime">2022-09-24 17:06:58.595</Data><Data Name="ProcessGuid">{00000000-0000-0000-0000-000000000000}</Data><Data Name="ProcessId">152134</Data><Data Name="Image">&lt;unknown process&gt;</Data><Data Name="User">root</Data></EventData></Event>
Sep 24 17:06:58 da12fb1ecfde sysmon: <Event><System><Provider Name="Linux-Sysmon" Guid="{ff032593-a8d3-4f13-b0d6-01fc615a0f97}"/><EventID>5</EventID><Version>3</Version><Level>4</Level><Task>5</Task><Opcode>0</Opcode><Keywords>0x8000000000000000</Keywords><TimeCreated SystemTime="2022-09-24T17:06:58.592305000Z"/><EventRecordID>1122</EventRecordID><Correlation/><Execution ProcessID="132" ThreadID="132"/><Channel>Linux-Sysmon/Operational</Channel><Computer>da12fb1ecfde</Computer><Security UserId="0"/></System><EventData><Data Name="RuleName">-</Data><Data Name="UtcTime">2022-09-24 17:06:58.598</Data><Data Name="ProcessGuid">{00000000-0000-0000-0000-000000000000}</Data><Data Name="ProcessId">152133</Data><Data Name="Image">&lt;unknown process&gt;</Data><Data Name="User">-</Data></EventData></Event>
Sep 24 17:07:02 da12fb1ecfde sysmon: <Event><System><Provider Name="Linux-Sysmon" Guid="{ff032593-a8d3-4f13-b0d6-01fc615a0f97}"/><EventID>1</EventID><Version>5</Version><Level>4</Level><Task>1</Task><Opcode>0</Opcode><Keywords>0x8000000000000000</Keywords><TimeCreated SystemTime="2022-09-24T17:07:02.395105000Z"/><EventRecordID>1123</EventRecordID><Correlation/><Execution ProcessID="132" ThreadID="132"/><Channel>Linux-Sysmon/Operational</Channel><Computer>da12fb1ecfde</Computer><Security UserId="0"/></System><EventData><Data Name="RuleName">-</Data><Data Name="UtcTime">2022-09-24 13:57:16.357</Data><Data Name="ProcessGuid">{3c0b761a-0cbc-632f-0000-000000000000}</Data><Data Name="ProcessId">152138</Data><Data Name="Image">-</Data><Data Name="FileVersion">-</Data><Data Name="Description">-</Data><Data Name="Product">-</Data><Data Name="Company">-</Data><Data Name="OriginalFileName">-</Data><Data Name="CommandLine">-</Data><Data Name="CurrentDirectory">-</Data><Data Name="User">-</Data><Data Name="LogonGuid">{3c0b761a-0000-0000-ffff-ffffffffffff}</Data><Data Name="LogonId">65535</Data><Data Name="TerminalSessionId">0</Data><Data Name="IntegrityLevel">no level</Data><Data Name="Hashes">-</Data><Data Name="ParentProcessGuid">{00000000-0000-0000-0000-000000000000}</Data><Data Name="ParentProcessId">0</Data><Data Name="ParentImage">-</Data><Data Name="ParentCommandLine">-</Data><Data Name="ParentUser">-</Data></EventData></Event>
Sep 24 17:07:02 da12fb1ecfde sysmon: <Event><System><Provider Name="Linux-Sysmon" Guid="{ff032593-a8d3-4f13-b0d6-01fc615a0f97}"/><EventID>1</EventID><Version>5</Version><Level>4</Level><Task>1</Task><Opcode>0</Opcode><Keywords>0x8000000000000000</Keywords><TimeCreated SystemTime="2022-09-24T17:07:02.395235000Z"/><EventRecordID>1124</EventRecordID><Correlation/><Execution ProcessID="132" ThreadID="132"/><Channel>Linux-Sysmon/Operational</Channel><Computer>da12fb1ecfde</Computer><Security UserId="0"/></System><EventData><Data Name="RuleName">-</Data><Data Name="UtcTime">2022-09-24 13:57:16.357</Data><Data Name="ProcessGuid">{3c0b761a-0cbc-632f-0000-000000000000}</Data><Data Name="ProcessId">152138</Data><Data Name="Image">-</Data><Data Name="FileVersion">-</Data><Data Name="Description">-</Data><Data Name="Product">-</Data><Data Name="Company">-</Data><Data Name="OriginalFileName">-</Data><Data Name="CommandLine">-</Data><Data Name="CurrentDirectory">-</Data><Data Name="User">-</Data><Data Name="LogonGuid">{3c0b761a-0000-0000-ffff-ffffffffffff}</Data><Data Name="LogonId">65535</Data><Data Name="TerminalSessionId">0</Data><Data Name="IntegrityLevel">no level</Data><Data Name="Hashes">-</Data><Data Name="ParentProcessGuid">{00000000-0000-0000-0000-000000000000}</Data><Data Name="ParentProcessId">0</Data><Data Name="ParentImage">-</Data><Data Name="ParentCommandLine">-</Data><Data Name="ParentUser">-</Data></EventData></Event>
Sep 24 17:07:02 da12fb1ecfde sysmon: <Event><System><Provider Name="Linux-Sysmon" Guid="{ff032593-a8d3-4f13-b0d6-01fc615a0f97}"/><EventID>5</EventID><Version>3</Version><Level>4</Level><Task>5</Task><Opcode>0</Opcode><Keywords>0x8000000000000000</Keywords><TimeCreated SystemTime="2022-09-24T17:07:02.395435000Z"/><EventRecordID>1125</EventRecordID><Correlation/><Execution ProcessID="132" ThreadID="132"/><Channel>Linux-Sysmon/Operational</Channel><Computer>da12fb1ecfde</Computer><Security UserId="0"/></System><EventData><Data Name="RuleName">-</Data><Data Name="UtcTime">2022-09-24 17:07:02.401</Data><Data Name="ProcessGuid">{3c0b761a-0cbc-632f-0000-000000000000}</Data><Data Name="ProcessId">152138</Data><Data Name="Image">(null)</Data><Data Name="User">-</Data></EventData></Event>
Sep 24 17:07:02 da12fb1ecfde sysmon: <Event><System><Provider Name="Linux-Sysmon" Guid="{ff032593-a8d3-4f13-b0d6-01fc615a0f97}"/><EventID>5</EventID><Version>3</Version><Level>4</Level><Task>5</Task><Opcode>0</Opcode><Keywords>0x8000000000000000</Keywords><TimeCreated SystemTime="2022-09-24T17:07:02.435363000Z"/><EventRecordID>1126</EventRecordID><Correlation/><Execution ProcessID="132" ThreadID="132"/><Channel>Linux-Sysmon/Operational</Channel><Computer>da12fb1ecfde</Computer><Security UserId="0"/></System><EventData><Data Name="RuleName">-</Data><Data Name="UtcTime">2022-09-24 17:07:02.441</Data><Data Name="ProcessGuid">{00000000-0000-0000-0000-000000000000}</Data><Data Name="ProcessId">152137</Data><Data Name="Image">&lt;unknown process&gt;</Data><Data Name="User">-</Data></EventData></Event>
Sep 24 17:07:02 da12fb1ecfde sysmon: <Event><System><Provider Name="Linux-Sysmon" Guid="{ff032593-a8d3-4f13-b0d6-01fc615a0f97}"/><EventID>5</EventID><Version>3</Version><Level>4</Level><Task>5</Task><Opcode>0</Opcode><Keywords>0x8000000000000000</Keywords><TimeCreated SystemTime="2022-09-24T17:07:02.437965000Z"/><EventRecordID>1127</EventRecordID><Correlation/><Execution ProcessID="132" ThreadID="132"/><Channel>Linux-Sysmon/Operational</Channel><Computer>da12fb1ecfde</Computer><Security UserId="0"/></System><EventData><Data Name="RuleName">-</Data><Data Name="UtcTime">2022-09-24 17:07:02.444</Data><Data Name="ProcessGuid">{00000000-0000-0000-0000-000000000000}</Data><Data Name="ProcessId">152136</Data><Data Name="Image">&lt;unknown process&gt;</Data><Data Name="User">-</Data></EventData></Event>
Sep 24 17:07:02 da12fb1ecfde sysmon: <Event><System><Provider Name="Linux-Sysmon" Guid="{ff032593-a8d3-4f13-b0d6-01fc615a0f97}"/><EventID>1</EventID><Version>5</Version><Level>4</Level><Task>1</Task><Opcode>0</Opcode><Keywords>0x8000000000000000</Keywords><TimeCreated SystemTime="2022-09-24T17:07:02.469711000Z"/><EventRecordID>1128</EventRecordID><Correlation/><Execution ProcessID="132" ThreadID="132"/><Channel>Linux-Sysmon/Operational</Channel><Computer>da12fb1ecfde</Computer><Security UserId="0"/></System><EventData><Data Name="RuleName">-</Data><Data Name="UtcTime">2022-09-24 13:57:16.357</Data><Data Name="ProcessGuid">{3c0b761a-0cbc-632f-0000-000000000000}</Data><Data Name="ProcessId">152141</Data><Data Name="Image">-</Data><Data Name="FileVersion">-</Data><Data Name="Description">-</Data><Data Name="Product">-</Data><Data Name="Company">-</Data><Data Name="OriginalFileName">-</Data><Data Name="CommandLine">-</Data><Data Name="CurrentDirectory">-</Data><Data Name="User">-</Data><Data Name="LogonGuid">{3c0b761a-0000-0000-ffff-ffffffffffff}</Data><Data Name="LogonId">65535</Data><Data Name="TerminalSessionId">0</Data><Data Name="IntegrityLevel">no level</Data><Data Name="Hashes">-</Data><Data Name="ParentProcessGuid">{00000000-0000-0000-0000-000000000000}</Data><Data Name="ParentProcessId">0</Data><Data Name="ParentImage">-</Data><Data Name="ParentCommandLine">-</Data><Data Name="ParentUser">-</Data></EventData></Event>
Sep 24 17:07:02 da12fb1ecfde sysmon: <Event><System><Provider Name="Linux-Sysmon" Guid="{ff032593-a8d3-4f13-b0d6-01fc615a0f97}"/><EventID>1</EventID><Version>5</Version><Level>4</Level><Task>1</Task><Opcode>0</Opcode><Keywords>0x8000000000000000</Keywords><TimeCreated SystemTime="2022-09-24T17:07:02.469914000Z"/><EventRecordID>1129</EventRecordID><Correlation/><Execution ProcessID="132" ThreadID="132"/><Channel>Linux-Sysmon/Operational</Channel><Computer>da12fb1ecfde</Computer><Security UserId="0"/></System><EventData><Data Name="RuleName">-</Data><Data Name="UtcTime">2022-09-24 13:57:16.357</Data><Data Name="ProcessGuid">{3c0b761a-0cbc-632f-0000-000000000000}</Data><Data Name="ProcessId">152141</Data><Data Name="Image">-</Data><Data Name="FileVersion">-</Data><Data Name="Description">-</Data><Data Name="Product">-</Data><Data Name="Company">-</Data><Data Name="OriginalFileName">-</Data><Data Name="CommandLine">-</Data><Data Name="CurrentDirectory">-</Data><Data Name="User">-</Data><Data Name="LogonGuid">{3c0b761a-0000-0000-ffff-ffffffffffff}</Data><Data Name="LogonId">65535</Data><Data Name="TerminalSessionId">0</Data><Data Name="IntegrityLevel">no level</Data><Data Name="Hashes">-</Data><Data Name="ParentProcessGuid">{00000000-0000-0000-0000-000000000000}</Data><Data Name="ParentProcessId">0</Data><Data Name="ParentImage">-</Data><Data Name="ParentCommandLine">-</Data><Data Name="ParentUser">-</Data></EventData></Event>
Sep 24 17:07:02 da12fb1ecfde sysmon: <Event><System><Provider Name="Linux-Sysmon" Guid="{ff032593-a8d3-4f13-b0d6-01fc615a0f97}"/><EventID>5</EventID><Version>3</Version><Level>4</Level><Task>5</Task><Opcode>0</Opcode><Keywords>0x8000000000000000</Keywords><TimeCreated SystemTime="2022-09-24T17:07:02.470121000Z"/><EventRecordID>1130</EventRecordID><Correlation/><Execution ProcessID="132" ThreadID="132"/><Channel>Linux-Sysmon/Operational</Channel><Computer>da12fb1ecfde</Computer><Security UserId="0"/></System><EventData><Data Name="RuleName">-</Data><Data Name="UtcTime">2022-09-24 17:07:02.476</Data><Data Name="ProcessGuid">{3c0b761a-0cbc-632f-0000-000000000000}</Data><Data Name="ProcessId">152141</Data><Data Name="Image">(null)</Data><Data Name="User">-</Data></EventData></Event>
Sep 24 17:07:02 da12fb1ecfde sysmon: <Event><System><Provider Name="Linux-Sysmon" Guid="{ff032593-a8d3-4f13-b0d6-01fc615a0f97}"/><EventID>5</EventID><Version>3</Version><Level>4</Level><Task>5</Task><Opcode>0</Opcode><Keywords>0x8000000000000000</Keywords><TimeCreated SystemTime="2022-09-24T17:07:02.509195000Z"/><EventRecordID>1131</EventRecordID><Correlation/><Execution ProcessID="132" ThreadID="132"/><Channel>Linux-Sysmon/Operational</Channel><Computer>da12fb1ecfde</Computer><Security UserId="0"/></System><EventData><Data Name="RuleName">-</Data><Data Name="UtcTime">2022-09-24 17:07:02.515</Data><Data Name="ProcessGuid">{00000000-0000-0000-0000-000000000000}</Data><Data Name="ProcessId">152140</Data><Data Name="Image">&lt;unknown process&gt;</Data><Data Name="User">root</Data></EventData></Event>
Sep 24 17:07:02 da12fb1ecfde sysmon: <Event><System><Provider Name="Linux-Sysmon" Guid="{ff032593-a8d3-4f13-b0d6-01fc615a0f97}"/><EventID>5</EventID><Version>3</Version><Level>4</Level><Task>5</Task><Opcode>0</Opcode><Keywords>0x8000000000000000</Keywords><TimeCreated SystemTime="2022-09-24T17:07:02.511728000Z"/><EventRecordID>1132</EventRecordID><Correlation/><Execution ProcessID="132" ThreadID="132"/><Channel>Linux-Sysmon/Operational</Channel><Computer>da12fb1ecfde</Computer><Security UserId="0"/></System><EventData><Data Name="RuleName">-</Data><Data Name="UtcTime">2022-09-24 17:07:02.518</Data><Data Name="ProcessGuid">{00000000-0000-0000-0000-000000000000}</Data><Data Name="ProcessId">152139</Data><Data Name="Image">&lt;unknown process&gt;</Data><Data Name="User">-</Data></EventData></Event>
Sep 24 17:07:03 da12fb1ecfde sysmon: <Event><System><Provider Name="Linux-Sysmon" Guid="{ff032593-a8d3-4f13-b0d6-01fc615a0f97}"/><EventID>1</EventID><Version>5</Version><Level>4</Level><Task>1</Task><Opcode>0</Opcode><Keywords>0x8000000000000000</Keywords><TimeCreated SystemTime="2022-09-24T17:07:03.552122000Z"/><EventRecordID>1133</EventRecordID><Correlation/><Execution ProcessID="132" ThreadID="132"/><Channel>Linux-Sysmon/Operational</Channel><Computer>da12fb1ecfde</Computer><Security UserId="0"/></System><EventData><Data Name="RuleName">-</Data><Data Name="UtcTime">2022-09-24 13:57:16.357</Data><Data Name="ProcessGuid">{3c0b761a-0cbc-632f-0000-000000000000}</Data><Data Name="ProcessId">152144</Data><Data Name="Image">-</Data><Data Name="FileVersion">-</Data><Data Name="Description">-</Data><Data Name="Product">-</Data><Data Name="Company">-</Data><Data Name="OriginalFileName">-</Data><Data Name="CommandLine">-</Data><Data Name="CurrentDirectory">-</Data><Data Name="User">-</Data><Data Name="LogonGuid">{3c0b761a-0000-0000-ffff-ffffffffffff}</Data><Data Name="LogonId">65535</Data><Data Name="TerminalSessionId">0</Data><Data Name="IntegrityLevel">no level</Data><Data Name="Hashes">-</Data><Data Name="ParentProcessGuid">{00000000-0000-0000-0000-000000000000}</Data><Data Name="ParentProcessId">0</Data><Data Name="ParentImage">-</Data><Data Name="ParentCommandLine">-</Data><Data Name="ParentUser">-</Data></EventData></Event>
Sep 24 17:07:03 da12fb1ecfde sysmon: <Event><System><Provider Name="Linux-Sysmon" Guid="{ff032593-a8d3-4f13-b0d6-01fc615a0f97}"/><EventID>1</EventID><Version>5</Version><Level>4</Level><Task>1</Task><Opcode>0</Opcode><Keywords>0x8000000000000000</Keywords><TimeCreated SystemTime="2022-09-24T17:07:03.552342000Z"/><EventRecordID>1134</EventRecordID><Correlation/><Execution ProcessID="132" ThreadID="132"/><Channel>Linux-Sysmon/Operational</Channel><Computer>da12fb1ecfde</Computer><Security UserId="0"/></System><EventData><Data Name="RuleName">-</Data><Data Name="UtcTime">2022-09-24 13:57:16.357</Data><Data Name="ProcessGuid">{3c0b761a-0cbc-632f-0000-000000000000}</Data><Data Name="ProcessId">152144</Data><Data Name="Image">-</Data><Data Name="FileVersion">-</Data><Data Name="Description">-</Data><Data Name="Product">-</Data><Data Name="Company">-</Data><Data Name="OriginalFileName">-</Data><Data Name="CommandLine">-</Data><Data Name="CurrentDirectory">-</Data><Data Name="User">-</Data><Data Name="LogonGuid">{3c0b761a-0000-0000-ffff-ffffffffffff}</Data><Data Name="LogonId">65535</Data><Data Name="TerminalSessionId">0</Data><Data Name="IntegrityLevel">no level</Data><Data Name="Hashes">-</Data><Data Name="ParentProcessGuid">{00000000-0000-0000-0000-000000000000}</Data><Data Name="ParentProcessId">0</Data><Data Name="ParentImage">-</Data><Data Name="ParentCommandLine">-</Data><Data Name="ParentUser">-</Data></EventData></Event>
Sep 24 17:07:03 da12fb1ecfde sysmon: <Event><System><Provider Name="Linux-Sysmon" Guid="{ff032593-a8d3-4f13-b0d6-01fc615a0f97}"/><EventID>5</EventID><Version>3</Version><Level>4</Level><Task>5</Task><Opcode>0</Opcode><Keywords>0x8000000000000000</Keywords><TimeCreated SystemTime="2022-09-24T17:07:03.552517000Z"/><EventRecordID>1135</EventRecordID><Correlation/><Execution ProcessID="132" ThreadID="132"/><Channel>Linux-Sysmon/Operational</Channel><Computer>da12fb1ecfde</Computer><Security UserId="0"/></System><EventData><Data Name="RuleName">-</Data><Data Name="UtcTime">2022-09-24 17:07:03.558</Data><Data Name="ProcessGuid">{3c0b761a-0cbc-632f-0000-000000000000}</Data><Data Name="ProcessId">152144</Data><Data Name="Image">(null)</Data><Data Name="User">-</Data></EventData></Event>
Sep 24 17:07:03 da12fb1ecfde sysmon: <Event><System><Provider Name="Linux-Sysmon" Guid="{ff032593-a8d3-4f13-b0d6-01fc615a0f97}"/><EventID>5</EventID><Version>3</Version><Level>4</Level><Task>5</Task><Opcode>0</Opcode><Keywords>0x8000000000000000</Keywords><TimeCreated SystemTime="2022-09-24T17:07:03.590622000Z"/><EventRecordID>1136</EventRecordID><Correlation/><Execution ProcessID="132" ThreadID="132"/><Channel>Linux-Sysmon/Operational</Channel><Computer>da12fb1ecfde</Computer><Security UserId="0"/></System><EventData><Data Name="RuleName">-</Data><Data Name="UtcTime">2022-09-24 17:07:03.596</Data><Data Name="ProcessGuid">{00000000-0000-0000-0000-000000000000}</Data><Data Name="ProcessId">152143</Data><Data Name="Image">&lt;unknown process&gt;</Data><Data Name="User">root</Data></EventData></Event>
Sep 24 17:07:03 da12fb1ecfde sysmon: <Event><System><Provider Name="Linux-Sysmon" Guid="{ff032593-a8d3-4f13-b0d6-01fc615a0f97}"/><EventID>5</EventID><Version>3</Version><Level>4</Level><Task>5</Task><Opcode>0</Opcode><Keywords>0x8000000000000000</Keywords><TimeCreated SystemTime="2022-09-24T17:07:03.593477000Z"/><EventRecordID>1137</EventRecordID><Correlation/><Execution ProcessID="132" ThreadID="132"/><Channel>Linux-Sysmon/Operational</Channel><Computer>da12fb1ecfde</Computer><Security UserId="0"/></System><EventData><Data Name="RuleName">-</Data><Data Name="UtcTime">2022-09-24 17:07:03.599</Data><Data Name="ProcessGuid">{00000000-0000-0000-0000-000000000000}</Data><Data Name="ProcessId">152142</Data><Data Name="Image">&lt;unknown process&gt;</Data><Data Name="User">root</Data></EventData></Event>
Sep 24 17:07:07 da12fb1ecfde sysmon: <Event><System><Provider Name="Linux-Sysmon" Guid="{ff032593-a8d3-4f13-b0d6-01fc615a0f97}"/><EventID>1</EventID><Version>5</Version><Level>4</Level><Task>1</Task><Opcode>0</Opcode><Keywords>0x8000000000000000</Keywords><TimeCreated SystemTime="2022-09-24T17:07:07.392901000Z"/><EventRecordID>1138</EventRecordID><Correlation/><Execution ProcessID="132" ThreadID="132"/><Channel>Linux-Sysmon/Operational</Channel><Computer>da12fb1ecfde</Computer><Security UserId="0"/></System><EventData><Data Name="RuleName">-</Data><Data Name="UtcTime">2022-09-24 13:57:16.357</Data><Data Name="ProcessGuid">{3c0b761a-0cbc-632f-0000-000000000000}</Data><Data Name="ProcessId">152147</Data><Data Name="Image">-</Data><Data Name="FileVersion">-</Data><Data Name="Description">-</Data><Data Name="Product">-</Data><Data Name="Company">-</Data><Data Name="OriginalFileName">-</Data><Data Name="CommandLine">-</Data><Data Name="CurrentDirectory">-</Data><Data Name="User">-</Data><Data Name="LogonGuid">{3c0b761a-0000-0000-ffff-ffffffffffff}</Data><Data Name="LogonId">65535</Data><Data Name="TerminalSessionId">0</Data><Data Name="IntegrityLevel">no level</Data><Data Name="Hashes">-</Data><Data Name="ParentProcessGuid">{00000000-0000-0000-0000-000000000000}</Data><Data Name="ParentProcessId">0</Data><Data Name="ParentImage">-</Data><Data Name="ParentCommandLine">-</Data><Data Name="ParentUser">-</Data></EventData></Event>
Sep 24 17:07:07 da12fb1ecfde sysmon: <Event><System><Provider Name="Linux-Sysmon" Guid="{ff032593-a8d3-4f13-b0d6-01fc615a0f97}"/><EventID>1</EventID><Version>5</Version><Level>4</Level><Task>1</Task><Opcode>0</Opcode><Keywords>0x8000000000000000</Keywords><TimeCreated SystemTime="2022-09-24T17:07:07.393109000Z"/><EventRecordID>1139</EventRecordID><Correlation/><Execution ProcessID="132" ThreadID="132"/><Channel>Linux-Sysmon/Operational</Channel><Computer>da12fb1ecfde</Computer><Security UserId="0"/></System><EventData><Data Name="RuleName">-</Data><Data Name="UtcTime">2022-09-24 13:57:16.357</Data><Data Name="ProcessGuid">{3c0b761a-0cbc-632f-0000-000000000000}</Data><Data Name="ProcessId">152147</Data><Data Name="Image">-</Data><Data Name="FileVersion">-</Data><Data Name="Description">-</Data><Data Name="Product">-</Data><Data Name="Company">-</Data><Data Name="OriginalFileName">-</Data><Data Name="CommandLine">-</Data><Data Name="CurrentDirectory">-</Data><Data Name="User">-</Data><Data Name="LogonGuid">{3c0b761a-0000-0000-ffff-ffffffffffff}</Data><Data Name="LogonId">65535</Data><Data Name="TerminalSessionId">0</Data><Data Name="IntegrityLevel">no level</Data><Data Name="Hashes">-</Data><Data Name="ParentProcessGuid">{00000000-0000-0000-0000-000000000000}</Data><Data Name="ParentProcessId">0</Data><Data Name="ParentImage">-</Data><Data Name="ParentCommandLine">-</Data><Data Name="ParentUser">-</Data></EventData></Event>
Sep 24 17:07:07 da12fb1ecfde sysmon: <Event><System><Provider Name="Linux-Sysmon" Guid="{ff032593-a8d3-4f13-b0d6-01fc615a0f97}"/><EventID>5</EventID><Version>3</Version><Level>4</Level><Task>5</Task><Opcode>0</Opcode><Keywords>0x8000000000000000</Keywords><TimeCreated SystemTime="2022-09-24T17:07:07.393423000Z"/><EventRecordID>1140</EventRecordID><Correlation/><Execution ProcessID="132" ThreadID="132"/><Channel>Linux-Sysmon/Operational</Channel><Computer>da12fb1ecfde</Computer><Security UserId="0"/></System><EventData><Data Name="RuleName">-</Data><Data Name="UtcTime">2022-09-24 17:07:07.399</Data><Data Name="ProcessGuid">{3c0b761a-0cbc-632f-0000-000000000000}</Data><Data Name="ProcessId">152147</Data><Data Name="Image">(null)</Data><Data Name="User">-</Data></EventData></Event>
Sep 24 17:07:07 da12fb1ecfde sysmon: <Event><System><Provider Name="Linux-Sysmon" Guid="{ff032593-a8d3-4f13-b0d6-01fc615a0f97}"/><EventID>5</EventID><Version>3</Version><Level>4</Level><Task>5</Task><Opcode>0</Opcode><Keywords>0x8000000000000000</Keywords><TimeCreated SystemTime="2022-09-24T17:07:07.435895000Z"/><EventRecordID>1141</EventRecordID><Correlation/><Execution ProcessID="132" ThreadID="132"/><Channel>Linux-Sysmon/Operational</Channel><Computer>da12fb1ecfde</Computer><Security UserId="0"/></System><EventData><Data Name="RuleName">-</Data><Data Name="UtcTime">2022-09-24 17:07:07.442</Data><Data Name="ProcessGuid">{00000000-0000-0000-0000-000000000000}</Data><Data Name="ProcessId">152146</Data><Data Name="Image">&lt;unknown process&gt;</Data><Data Name="User">root</Data></EventData></Event>
Sep 24 17:07:07 da12fb1ecfde sysmon: <Event><System><Provider Name="Linux-Sysmon" Guid="{ff032593-a8d3-4f13-b0d6-01fc615a0f97}"/><EventID>5</EventID><Version>3</Version><Level>4</Level><Task>5</Task><Opcode>0</Opcode><Keywords>0x8000000000000000</Keywords><TimeCreated SystemTime="2022-09-24T17:07:07.438976000Z"/><EventRecordID>1142</EventRecordID><Correlation/><Execution ProcessID="132" ThreadID="132"/><Channel>Linux-Sysmon/Operational</Channel><Computer>da12fb1ecfde</Computer><Security UserId="0"/></System><EventData><Data Name="RuleName">-</Data><Data Name="UtcTime">2022-09-24 17:07:07.445</Data><Data Name="ProcessGuid">{00000000-0000-0000-0000-000000000000}</Data><Data Name="ProcessId">152145</Data><Data Name="Image">&lt;unknown process&gt;</Data><Data Name="User">-</Data></EventData></Event>
Sep 24 17:07:07 da12fb1ecfde sysmon: <Event><System><Provider Name="Linux-Sysmon" Guid="{ff032593-a8d3-4f13-b0d6-01fc615a0f97}"/><EventID>1</EventID><Version>5</Version><Level>4</Level><Task>1</Task><Opcode>0</Opcode><Keywords>0x8000000000000000</Keywords><TimeCreated SystemTime="2022-09-24T17:07:07.471652000Z"/><EventRecordID>1143</EventRecordID><Correlation/><Execution ProcessID="132" ThreadID="132"/><Channel>Linux-Sysmon/Operational</Channel><Computer>da12fb1ecfde</Computer><Security UserId="0"/></System><EventData><Data Name="RuleName">-</Data><Data Name="UtcTime">2022-09-24 13:57:16.357</Data><Data Name="ProcessGuid">{3c0b761a-0cbc-632f-0000-000000000000}</Data><Data Name="ProcessId">152150</Data><Data Name="Image">-</Data><Data Name="FileVersion">-</Data><Data Name="Description">-</Data><Data Name="Product">-</Data><Data Name="Company">-</Data><Data Name="OriginalFileName">-</Data><Data Name="CommandLine">-</Data><Data Name="CurrentDirectory">-</Data><Data Name="User">-</Data><Data Name="LogonGuid">{3c0b761a-0000-0000-ffff-ffffffffffff}</Data><Data Name="LogonId">65535</Data><Data Name="TerminalSessionId">0</Data><Data Name="IntegrityLevel">no level</Data><Data Name="Hashes">-</Data><Data Name="ParentProcessGuid">{00000000-0000-0000-0000-000000000000}</Data><Data Name="ParentProcessId">0</Data><Data Name="ParentImage">-</Data><Data Name="ParentCommandLine">-</Data><Data Name="ParentUser">-</Data></EventData></Event>
Sep 24 17:07:07 da12fb1ecfde sysmon: <Event><System><Provider Name="Linux-Sysmon" Guid="{ff032593-a8d3-4f13-b0d6-01fc615a0f97}"/><EventID>1</EventID><Version>5</Version><Level>4</Level><Task>1</Task><Opcode>0</Opcode><Keywords>0x8000000000000000</Keywords><TimeCreated SystemTime="2022-09-24T17:07:07.471863000Z"/><EventRecordID>1144</EventRecordID><Correlation/><Execution ProcessID="132" ThreadID="132"/><Channel>Linux-Sysmon/Operational</Channel><Computer>da12fb1ecfde</Computer><Security UserId="0"/></System><EventData><Data Name="RuleName">-</Data><Data Name="UtcTime">2022-09-24 13:57:16.357</Data><Data Name="ProcessGuid">{3c0b761a-0cbc-632f-0000-000000000000}</Data><Data Name="ProcessId">152150</Data><Data Name="Image">-</Data><Data Name="FileVersion">-</Data><Data Name="Description">-</Data><Data Name="Product">-</Data><Data Name="Company">-</Data><Data Name="OriginalFileName">-</Data><Data Name="CommandLine">-</Data><Data Name="CurrentDirectory">-</Data><Data Name="User">-</Data><Data Name="LogonGuid">{3c0b761a-0000-0000-ffff-ffffffffffff}</Data><Data Name="LogonId">65535</Data><Data Name="TerminalSessionId">0</Data><Data Name="IntegrityLevel">no level</Data><Data Name="Hashes">-</Data><Data Name="ParentProcessGuid">{00000000-0000-0000-0000-000000000000}</Data><Data Name="ParentProcessId">0</Data><Data Name="ParentImage">-</Data><Data Name="ParentCommandLine">-</Data><Data Name="ParentUser">-</Data></EventData></Event>
Sep 24 17:07:07 da12fb1ecfde sysmon: <Event><System><Provider Name="Linux-Sysmon" Guid="{ff032593-a8d3-4f13-b0d6-01fc615a0f97}"/><EventID>5</EventID><Version>3</Version><Level>4</Level><Task>5</Task><Opcode>0</Opcode><Keywords>0x8000000000000000</Keywords><TimeCreated SystemTime="2022-09-24T17:07:07.472043000Z"/><EventRecordID>1145</EventRecordID><Correlation/><Execution ProcessID="132" ThreadID="132"/><Channel>Linux-Sysmon/Operational</Channel><Computer>da12fb1ecfde</Computer><Security UserId="0"/></System><EventData><Data Name="RuleName">-</Data><Data Name="UtcTime">2022-09-24 17:07:07.478</Data><Data Name="ProcessGuid">{3c0b761a-0cbc-632f-0000-000000000000}</Data><Data Name="ProcessId">152150</Data><Data Name="Image">(null)</Data><Data Name="User">-</Data></EventData></Event>
Sep 24 17:07:07 da12fb1ecfde sysmon: <Event><System><Provider Name="Linux-Sysmon" Guid="{ff032593-a8d3-4f13-b0d6-01fc615a0f97}"/><EventID>5</EventID><Version>3</Version><Level>4</Level><Task>5</Task><Opcode>0</Opcode><Keywords>0x8000000000000000</Keywords><TimeCreated SystemTime="2022-09-24T17:07:07.514734000Z"/><EventRecordID>1146</EventRecordID><Correlation/><Execution ProcessID="132" ThreadID="132"/><Channel>Linux-Sysmon/Operational</Channel><Computer>da12fb1ecfde</Computer><Security UserId="0"/></System><EventData><Data Name="RuleName">-</Data><Data Name="UtcTime">2022-09-24 17:07:07.521</Data><Data Name="ProcessGuid">{00000000-0000-0000-0000-000000000000}</Data><Data Name="ProcessId">152149</Data><Data Name="Image">&lt;unknown process&gt;</Data><Data Name="User">root</Data></EventData></Event>
Sep 24 17:07:07 da12fb1ecfde sysmon: <Event><System><Provider Name="Linux-Sysmon" Guid="{ff032593-a8d3-4f13-b0d6-01fc615a0f97}"/><EventID>5</EventID><Version>3</Version><Level>4</Level><Task>5</Task><Opcode>0</Opcode><Keywords>0x8000000000000000</Keywords><TimeCreated SystemTime="2022-09-24T17:07:07.517189000Z"/><EventRecordID>1147</EventRecordID><Correlation/><Execution ProcessID="132" ThreadID="132"/><Channel>Linux-Sysmon/Operational</Channel><Computer>da12fb1ecfde</Computer><Security UserId="0"/></System><EventData><Data Name="RuleName">-</Data><Data Name="UtcTime">2022-09-24 17:07:07.523</Data><Data Name="ProcessGuid">{00000000-0000-0000-0000-000000000000}</Data><Data Name="ProcessId">152148</Data><Data Name="Image">&lt;unknown process&gt;</Data><Data Name="User">-</Data></EventData></Event>
Sep 24 17:07:08 da12fb1ecfde sysmon: <Event><System><Provider Name="Linux-Sysmon" Guid="{ff032593-a8d3-4f13-b0d6-01fc615a0f97}"/><EventID>1</EventID><Version>5</Version><Level>4</Level><Task>1</Task><Opcode>0</Opcode><Keywords>0x8000000000000000</Keywords><TimeCreated SystemTime="2022-09-24T17:07:08.548690000Z"/><EventRecordID>1148</EventRecordID><Correlation/><Execution ProcessID="132" ThreadID="132"/><Channel>Linux-Sysmon/Operational</Channel><Computer>da12fb1ecfde</Computer><Security UserId="0"/></System><EventData><Data Name="RuleName">-</Data><Data Name="UtcTime">2022-09-24 13:57:16.357</Data><Data Name="ProcessGuid">{3c0b761a-0cbc-632f-0000-000000000000}</Data><Data Name="ProcessId">152153</Data><Data Name="Image">-</Data><Data Name="FileVersion">-</Data><Data Name="Description">-</Data><Data Name="Product">-</Data><Data Name="Company">-</Data><Data Name="OriginalFileName">-</Data><Data Name="CommandLine">-</Data><Data Name="CurrentDirectory">-</Data><Data Name="User">-</Data><Data Name="LogonGuid">{3c0b761a-0000-0000-ffff-ffffffffffff}</Data><Data Name="LogonId">65535</Data><Data Name="TerminalSessionId">0</Data><Data Name="IntegrityLevel">no level</Data><Data Name="Hashes">-</Data><Data Name="ParentProcessGuid">{00000000-0000-0000-0000-000000000000}</Data><Data Name="ParentProcessId">0</Data><Data Name="ParentImage">-</Data><Data Name="ParentCommandLine">-</Data><Data Name="ParentUser">-</Data></EventData></Event>
Sep 24 17:07:08 da12fb1ecfde sysmon: <Event><System><Provider Name="Linux-Sysmon" Guid="{ff032593-a8d3-4f13-b0d6-01fc615a0f97}"/><EventID>1</EventID><Version>5</Version><Level>4</Level><Task>1</Task><Opcode>0</Opcode><Keywords>0x8000000000000000</Keywords><TimeCreated SystemTime="2022-09-24T17:07:08.548998000Z"/><EventRecordID>1149</EventRecordID><Correlation/><Execution ProcessID="132" ThreadID="132"/><Channel>Linux-Sysmon/Operational</Channel><Computer>da12fb1ecfde</Computer><Security UserId="0"/></System><EventData><Data Name="RuleName">-</Data><Data Name="UtcTime">2022-09-24 13:57:16.357</Data><Data Name="ProcessGuid">{3c0b761a-0cbc-632f-0000-000000000000}</Data><Data Name="ProcessId">152153</Data><Data Name="Image">-</Data><Data Name="FileVersion">-</Data><Data Name="Description">-</Data><Data Name="Product">-</Data><Data Name="Company">-</Data><Data Name="OriginalFileName">-</Data><Data Name="CommandLine">-</Data><Data Name="CurrentDirectory">-</Data><Data Name="User">-</Data><Data Name="LogonGuid">{3c0b761a-0000-0000-ffff-ffffffffffff}</Data><Data Name="LogonId">65535</Data><Data Name="TerminalSessionId">0</Data><Data Name="IntegrityLevel">no level</Data><Data Name="Hashes">-</Data><Data Name="ParentProcessGuid">{00000000-0000-0000-0000-000000000000}</Data><Data Name="ParentProcessId">0</Data><Data Name="ParentImage">-</Data><Data Name="ParentCommandLine">-</Data><Data Name="ParentUser">-</Data></EventData></Event>
Sep 24 17:07:08 da12fb1ecfde sysmon: <Event><System><Provider Name="Linux-Sysmon" Guid="{ff032593-a8d3-4f13-b0d6-01fc615a0f97}"/><EventID>5</EventID><Version>3</Version><Level>4</Level><Task>5</Task><Opcode>0</Opcode><Keywords>0x8000000000000000</Keywords><TimeCreated SystemTime="2022-09-24T17:07:08.549071000Z"/><EventRecordID>1150</EventRecordID><Correlation/><Execution ProcessID="132" ThreadID="132"/><Channel>Linux-Sysmon/Operational</Channel><Computer>da12fb1ecfde</Computer><Security UserId="0"/></System><EventData><Data Name="RuleName">-</Data><Data Name="UtcTime">2022-09-24 17:07:08.555</Data><Data Name="ProcessGuid">{3c0b761a-0cbc-632f-0000-000000000000}</Data><Data Name="ProcessId">152153</Data><Data Name="Image">(null)</Data><Data Name="User">-</Data></EventData></Event>
Sep 24 17:07:08 da12fb1ecfde sysmon: <Event><System><Provider Name="Linux-Sysmon" Guid="{ff032593-a8d3-4f13-b0d6-01fc615a0f97}"/><EventID>5</EventID><Version>3</Version><Level>4</Level><Task>5</Task><Opcode>0</Opcode><Keywords>0x8000000000000000</Keywords><TimeCreated SystemTime="2022-09-24T17:07:08.587528000Z"/><EventRecordID>1151</EventRecordID><Correlation/><Execution ProcessID="132" ThreadID="132"/><Channel>Linux-Sysmon/Operational</Channel><Computer>da12fb1ecfde</Computer><Security UserId="0"/></System><EventData><Data Name="RuleName">-</Data><Data Name="UtcTime">2022-09-24 17:07:08.593</Data><Data Name="ProcessGuid">{00000000-0000-0000-0000-000000000000}</Data><Data Name="ProcessId">152152</Data><Data Name="Image">&lt;unknown process&gt;</Data><Data Name="User">root</Data></EventData></Event>
Sep 24 17:07:08 da12fb1ecfde sysmon: <Event><System><Provider Name="Linux-Sysmon" Guid="{ff032593-a8d3-4f13-b0d6-01fc615a0f97}"/><EventID>5</EventID><Version>3</Version><Level>4</Level><Task>5</Task><Opcode>0</Opcode><Keywords>0x8000000000000000</Keywords><TimeCreated SystemTime="2022-09-24T17:07:08.590859000Z"/><EventRecordID>1152</EventRecordID><Correlation/><Execution ProcessID="132" ThreadID="132"/><Channel>Linux-Sysmon/Operational</Channel><Computer>da12fb1ecfde</Computer><Security UserId="0"/></System><EventData><Data Name="RuleName">-</Data><Data Name="UtcTime">2022-09-24 17:07:08.597</Data><Data Name="ProcessGuid">{00000000-0000-0000-0000-000000000000}</Data><Data Name="ProcessId">152151</Data><Data Name="Image">&lt;unknown process&gt;</Data><Data Name="User">-</Data></EventData></Event>
Sep 24 17:07:12 da12fb1ecfde sysmon: <Event><System><Provider Name="Linux-Sysmon" Guid="{ff032593-a8d3-4f13-b0d6-01fc615a0f97}"/><EventID>1</EventID><Version>5</Version><Level>4</Level><Task>1</Task><Opcode>0</Opcode><Keywords>0x8000000000000000</Keywords><TimeCreated SystemTime="2022-09-24T17:07:12.394460000Z"/><EventRecordID>1153</EventRecordID><Correlation/><Execution ProcessID="132" ThreadID="132"/><Channel>Linux-Sysmon/Operational</Channel><Computer>da12fb1ecfde</Computer><Security UserId="0"/></System><EventData><Data Name="RuleName">-</Data><Data Name="UtcTime">2022-09-24 13:57:16.357</Data><Data Name="ProcessGuid">{3c0b761a-0cbc-632f-0000-000000000000}</Data><Data Name="ProcessId">152156</Data><Data Name="Image">-</Data><Data Name="FileVersion">-</Data><Data Name="Description">-</Data><Data Name="Product">-</Data><Data Name="Company">-</Data><Data Name="OriginalFileName">-</Data><Data Name="CommandLine">-</Data><Data Name="CurrentDirectory">-</Data><Data Name="User">-</Data><Data Name="LogonGuid">{3c0b761a-0000-0000-ffff-ffffffffffff}</Data><Data Name="LogonId">65535</Data><Data Name="TerminalSessionId">0</Data><Data Name="IntegrityLevel">no level</Data><Data Name="Hashes">-</Data><Data Name="ParentProcessGuid">{00000000-0000-0000-0000-000000000000}</Data><Data Name="ParentProcessId">0</Data><Data Name="ParentImage">-</Data><Data Name="ParentCommandLine">-</Data><Data Name="ParentUser">-</Data></EventData></Event>
Sep 24 17:07:12 da12fb1ecfde sysmon: <Event><System><Provider Name="Linux-Sysmon" Guid="{ff032593-a8d3-4f13-b0d6-01fc615a0f97}"/><EventID>1</EventID><Version>5</Version><Level>4</Level><Task>1</Task><Opcode>0</Opcode><Keywords>0x8000000000000000</Keywords><TimeCreated SystemTime="2022-09-24T17:07:12.394674000Z"/><EventRecordID>1154</EventRecordID><Correlation/><Execution ProcessID="132" ThreadID="132"/><Channel>Linux-Sysmon/Operational</Channel><Computer>da12fb1ecfde</Computer><Security UserId="0"/></System><EventData><Data Name="RuleName">-</Data><Data Name="UtcTime">2022-09-24 13:57:16.357</Data><Data Name="ProcessGuid">{3c0b761a-0cbc-632f-0000-000000000000}</Data><Data Name="ProcessId">152156</Data><Data Name="Image">-</Data><Data Name="FileVersion">-</Data><Data Name="Description">-</Data><Data Name="Product">-</Data><Data Name="Company">-</Data><Data Name="OriginalFileName">-</Data><Data Name="CommandLine">-</Data><Data Name="CurrentDirectory">-</Data><Data Name="User">-</Data><Data Name="LogonGuid">{3c0b761a-0000-0000-ffff-ffffffffffff}</Data><Data Name="LogonId">65535</Data><Data Name="TerminalSessionId">0</Data><Data Name="IntegrityLevel">no level</Data><Data Name="Hashes">-</Data><Data Name="ParentProcessGuid">{00000000-0000-0000-0000-000000000000}</Data><Data Name="ParentProcessId">0</Data><Data Name="ParentImage">-</Data><Data Name="ParentCommandLine">-</Data><Data Name="ParentUser">-</Data></EventData></Event>
Sep 24 17:07:12 da12fb1ecfde sysmon: <Event><System><Provider Name="Linux-Sysmon" Guid="{ff032593-a8d3-4f13-b0d6-01fc615a0f97}"/><EventID>5</EventID><Version>3</Version><Level>4</Level><Task>5</Task><Opcode>0</Opcode><Keywords>0x8000000000000000</Keywords><TimeCreated SystemTime="2022-09-24T17:07:12.394834000Z"/><EventRecordID>1155</EventRecordID><Correlation/><Execution ProcessID="132" ThreadID="132"/><Channel>Linux-Sysmon/Operational</Channel><Computer>da12fb1ecfde</Computer><Security UserId="0"/></System><EventData><Data Name="RuleName">-</Data><Data Name="UtcTime">2022-09-24 17:07:12.401</Data><Data Name="ProcessGuid">{3c0b761a-0cbc-632f-0000-000000000000}</Data><Data Name="ProcessId">152156</Data><Data Name="Image">(null)</Data><Data Name="User">-</Data></EventData></Event>
Sep 24 17:07:12 da12fb1ecfde sysmon: <Event><System><Provider Name="Linux-Sysmon" Guid="{ff032593-a8d3-4f13-b0d6-01fc615a0f97}"/><EventID>5</EventID><Version>3</Version><Level>4</Level><Task>5</Task><Opcode>0</Opcode><Keywords>0x8000000000000000</Keywords><TimeCreated SystemTime="2022-09-24T17:07:12.434994000Z"/><EventRecordID>1156</EventRecordID><Correlation/><Execution ProcessID="132" ThreadID="132"/><Channel>Linux-Sysmon/Operational</Channel><Computer>da12fb1ecfde</Computer><Security UserId="0"/></System><EventData><Data Name="RuleName">-</Data><Data Name="UtcTime">2022-09-24 17:07:12.441</Data><Data Name="ProcessGuid">{00000000-0000-0000-0000-000000000000}</Data><Data Name="ProcessId">152155</Data><Data Name="Image">&lt;unknown process&gt;</Data><Data Name="User">root</Data></EventData></Event>
Sep 24 17:07:12 da12fb1ecfde sysmon: <Event><System><Provider Name="Linux-Sysmon" Guid="{ff032593-a8d3-4f13-b0d6-01fc615a0f97}"/><EventID>5</EventID><Version>3</Version><Level>4</Level><Task>5</Task><Opcode>0</Opcode><Keywords>0x8000000000000000</Keywords><TimeCreated SystemTime="2022-09-24T17:07:12.437570000Z"/><EventRecordID>1157</EventRecordID><Correlation/><Execution ProcessID="132" ThreadID="132"/><Channel>Linux-Sysmon/Operational</Channel><Computer>da12fb1ecfde</Computer><Security UserId="0"/></System><EventData><Data Name="RuleName">-</Data><Data Name="UtcTime">2022-09-24 17:07:12.443</Data><Data Name="ProcessGuid">{00000000-0000-0000-0000-000000000000}</Data><Data Name="ProcessId">152154</Data><Data Name="Image">&lt;unknown process&gt;</Data><Data Name="User">root</Data></EventData></Event>
Sep 24 17:07:12 da12fb1ecfde sysmon: <Event><System><Provider Name="Linux-Sysmon" Guid="{ff032593-a8d3-4f13-b0d6-01fc615a0f97}"/><EventID>1</EventID><Version>5</Version><Level>4</Level><Task>1</Task><Opcode>0</Opcode><Keywords>0x8000000000000000</Keywords><TimeCreated SystemTime="2022-09-24T17:07:12.467915000Z"/><EventRecordID>1158</EventRecordID><Correlation/><Execution ProcessID="132" ThreadID="132"/><Channel>Linux-Sysmon/Operational</Channel><Computer>da12fb1ecfde</Computer><Security UserId="0"/></System><EventData><Data Name="RuleName">-</Data><Data Name="UtcTime">2022-09-24 13:57:16.357</Data><Data Name="ProcessGuid">{3c0b761a-0cbc-632f-0000-000000000000}</Data><Data Name="ProcessId">152159</Data><Data Name="Image">-</Data><Data Name="FileVersion">-</Data><Data Name="Description">-</Data><Data Name="Product">-</Data><Data Name="Company">-</Data><Data Name="OriginalFileName">-</Data><Data Name="CommandLine">-</Data><Data Name="CurrentDirectory">-</Data><Data Name="User">-</Data><Data Name="LogonGuid">{3c0b761a-0000-0000-ffff-ffffffffffff}</Data><Data Name="LogonId">65535</Data><Data Name="TerminalSessionId">0</Data><Data Name="IntegrityLevel">no level</Data><Data Name="Hashes">-</Data><Data Name="ParentProcessGuid">{00000000-0000-0000-0000-000000000000}</Data><Data Name="ParentProcessId">0</Data><Data Name="ParentImage">-</Data><Data Name="ParentCommandLine">-</Data><Data Name="ParentUser">-</Data></EventData></Event>
Sep 24 17:07:12 da12fb1ecfde sysmon: <Event><System><Provider Name="Linux-Sysmon" Guid="{ff032593-a8d3-4f13-b0d6-01fc615a0f97}"/><EventID>1</EventID><Version>5</Version><Level>4</Level><Task>1</Task><Opcode>0</Opcode><Keywords>0x8000000000000000</Keywords><TimeCreated SystemTime="2022-09-24T17:07:12.468080000Z"/><EventRecordID>1159</EventRecordID><Correlation/><Execution ProcessID="132" ThreadID="132"/><Channel>Linux-Sysmon/Operational</Channel><Computer>da12fb1ecfde</Computer><Security UserId="0"/></System><EventData><Data Name="RuleName">-</Data><Data Name="UtcTime">2022-09-24 13:57:16.357</Data><Data Name="ProcessGuid">{3c0b761a-0cbc-632f-0000-000000000000}</Data><Data Name="ProcessId">152159</Data><Data Name="Image">-</Data><Data Name="FileVersion">-</Data><Data Name="Description">-</Data><Data Name="Product">-</Data><Data Name="Company">-</Data><Data Name="OriginalFileName">-</Data><Data Name="CommandLine">-</Data><Data Name="CurrentDirectory">-</Data><Data Name="User">-</Data><Data Name="LogonGuid">{3c0b761a-0000-0000-ffff-ffffffffffff}</Data><Data Name="LogonId">65535</Data><Data Name="TerminalSessionId">0</Data><Data Name="IntegrityLevel">no level</Data><Data Name="Hashes">-</Data><Data Name="ParentProcessGuid">{00000000-0000-0000-0000-000000000000}</Data><Data Name="ParentProcessId">0</Data><Data Name="ParentImage">-</Data><Data Name="ParentCommandLine">-</Data><Data Name="ParentUser">-</Data></EventData></Event>
Sep 24 17:07:12 da12fb1ecfde sysmon: <Event><System><Provider Name="Linux-Sysmon" Guid="{ff032593-a8d3-4f13-b0d6-01fc615a0f97}"/><EventID>5</EventID><Version>3</Version><Level>4</Level><Task>5</Task><Opcode>0</Opcode><Keywords>0x8000000000000000</Keywords><TimeCreated SystemTime="2022-09-24T17:07:12.468248000Z"/><EventRecordID>1160</EventRecordID><Correlation/><Execution ProcessID="132" ThreadID="132"/><Channel>Linux-Sysmon/Operational</Channel><Computer>da12fb1ecfde</Computer><Security UserId="0"/></System><EventData><Data Name="RuleName">-</Data><Data Name="UtcTime">2022-09-24 17:07:12.474</Data><Data Name="ProcessGuid">{3c0b761a-0cbc-632f-0000-000000000000}</Data><Data Name="ProcessId">152159</Data><Data Name="Image">(null)</Data><Data Name="User">-</Data></EventData></Event>
Sep 24 17:07:12 da12fb1ecfde sysmon: <Event><System><Provider Name="Linux-Sysmon" Guid="{ff032593-a8d3-4f13-b0d6-01fc615a0f97}"/><EventID>5</EventID><Version>3</Version><Level>4</Level><Task>5</Task><Opcode>0</Opcode><Keywords>0x8000000000000000</Keywords><TimeCreated SystemTime="2022-09-24T17:07:12.509166000Z"/><EventRecordID>1161</EventRecordID><Correlation/><Execution ProcessID="132" ThreadID="132"/><Channel>Linux-Sysmon/Operational</Channel><Computer>da12fb1ecfde</Computer><Security UserId="0"/></System><EventData><Data Name="RuleName">-</Data><Data Name="UtcTime">2022-09-24 17:07:12.515</Data><Data Name="ProcessGuid">{00000000-0000-0000-0000-000000000000}</Data><Data Name="ProcessId">152158</Data><Data Name="Image">&lt;unknown process&gt;</Data><Data Name="User">root</Data></EventData></Event>
Sep 24 17:07:12 da12fb1ecfde sysmon: <Event><System><Provider Name="Linux-Sysmon" Guid="{ff032593-a8d3-4f13-b0d6-01fc615a0f97}"/><EventID>5</EventID><Version>3</Version><Level>4</Level><Task>5</Task><Opcode>0</Opcode><Keywords>0x8000000000000000</Keywords><TimeCreated SystemTime="2022-09-24T17:07:12.512079000Z"/><EventRecordID>1162</EventRecordID><Correlation/><Execution ProcessID="132" ThreadID="132"/><Channel>Linux-Sysmon/Operational</Channel><Computer>da12fb1ecfde</Computer><Security UserId="0"/></System><EventData><Data Name="RuleName">-</Data><Data Name="UtcTime">2022-09-24 17:07:12.518</Data><Data Name="ProcessGuid">{00000000-0000-0000-0000-000000000000}</Data><Data Name="ProcessId">152157</Data><Data Name="Image">&lt;unknown process&gt;</Data><Data Name="User">root</Data></EventData></Event>
Sep 24 17:07:13 da12fb1ecfde sysmon: <Event><System><Provider Name="Linux-Sysmon" Guid="{ff032593-a8d3-4f13-b0d6-01fc615a0f97}"/><EventID>1</EventID><Version>5</Version><Level>4</Level><Task>1</Task><Opcode>0</Opcode><Keywords>0x8000000000000000</Keywords><TimeCreated SystemTime="2022-09-24T17:07:13.551067000Z"/><EventRecordID>1163</EventRecordID><Correlation/><Execution ProcessID="132" ThreadID="132"/><Channel>Linux-Sysmon/Operational</Channel><Computer>da12fb1ecfde</Computer><Security UserId="0"/></System><EventData><Data Name="RuleName">-</Data><Data Name="UtcTime">2022-09-24 13:57:16.357</Data><Data Name="ProcessGuid">{3c0b761a-0cbc-632f-0000-000000000000}</Data><Data Name="ProcessId">152162</Data><Data Name="Image">-</Data><Data Name="FileVersion">-</Data><Data Name="Description">-</Data><Data Name="Product">-</Data><Data Name="Company">-</Data><Data Name="OriginalFileName">-</Data><Data Name="CommandLine">-</Data><Data Name="CurrentDirectory">-</Data><Data Name="User">-</Data><Data Name="LogonGuid">{3c0b761a-0000-0000-ffff-ffffffffffff}</Data><Data Name="LogonId">65535</Data><Data Name="TerminalSessionId">0</Data><Data Name="IntegrityLevel">no level</Data><Data Name="Hashes">-</Data><Data Name="ParentProcessGuid">{00000000-0000-0000-0000-000000000000}</Data><Data Name="ParentProcessId">0</Data><Data Name="ParentImage">-</Data><Data Name="ParentCommandLine">-</Data><Data Name="ParentUser">-</Data></EventData></Event>
Sep 24 17:07:13 da12fb1ecfde sysmon: <Event><System><Provider Name="Linux-Sysmon" Guid="{ff032593-a8d3-4f13-b0d6-01fc615a0f97}"/><EventID>1</EventID><Version>5</Version><Level>4</Level><Task>1</Task><Opcode>0</Opcode><Keywords>0x8000000000000000</Keywords><TimeCreated SystemTime="2022-09-24T17:07:13.551436000Z"/><EventRecordID>1164</EventRecordID><Correlation/><Execution ProcessID="132" ThreadID="132"/><Channel>Linux-Sysmon/Operational</Channel><Computer>da12fb1ecfde</Computer><Security UserId="0"/></System><EventData><Data Name="RuleName">-</Data><Data Name="UtcTime">2022-09-24 13:57:16.357</Data><Data Name="ProcessGuid">{3c0b761a-0cbc-632f-0000-000000000000}</Data><Data Name="ProcessId">152162</Data><Data Name="Image">-</Data><Data Name="FileVersion">-</Data><Data Name="Description">-</Data><Data Name="Product">-</Data><Data Name="Company">-</Data><Data Name="OriginalFileName">-</Data><Data Name="CommandLine">-</Data><Data Name="CurrentDirectory">-</Data><Data Name="User">-</Data><Data Name="LogonGuid">{3c0b761a-0000-0000-ffff-ffffffffffff}</Data><Data Name="LogonId">65535</Data><Data Name="TerminalSessionId">0</Data><Data Name="IntegrityLevel">no level</Data><Data Name="Hashes">-</Data><Data Name="ParentProcessGuid">{00000000-0000-0000-0000-000000000000}</Data><Data Name="ParentProcessId">0</Data><Data Name="ParentImage">-</Data><Data Name="ParentCommandLine">-</Data><Data Name="ParentUser">-</Data></EventData></Event>
Sep 24 17:07:13 da12fb1ecfde sysmon: <Event><System><Provider Name="Linux-Sysmon" Guid="{ff032593-a8d3-4f13-b0d6-01fc615a0f97}"/><EventID>5</EventID><Version>3</Version><Level>4</Level><Task>5</Task><Opcode>0</Opcode><Keywords>0x8000000000000000</Keywords><TimeCreated SystemTime="2022-09-24T17:07:13.551656000Z"/><EventRecordID>1165</EventRecordID><Correlation/><Execution ProcessID="132" ThreadID="132"/><Channel>Linux-Sysmon/Operational</Channel><Computer>da12fb1ecfde</Computer><Security UserId="0"/></System><EventData><Data Name="RuleName">-</Data><Data Name="UtcTime">2022-09-24 17:07:13.558</Data><Data Name="ProcessGuid">{3c0b761a-0cbc-632f-0000-000000000000}</Data><Data Name="ProcessId">152162</Data><Data Name="Image">(null)</Data><Data Name="User">-</Data></EventData></Event>
