Sep 24 17:00:08 da12fb1ecfde systemd[24]: modprobe@drm.service: Executable /sbin/modprobe missing, skipping: No such file or directory
Sep 24 17:00:08 da12fb1ecfde kernel: [10649.784644] docker0: port 1(veth93b042c) entered disabled state
Sep 24 17:00:08 da12fb1ecfde kernel: [10649.784681] veth68eec52: renamed from eth0
Sep 24 17:00:08 da12fb1ecfde kernel: [10649.999464] docker0: port 1(veth93b042c) entered disabled state
Sep 24 17:00:08 da12fb1ecfde kernel: [10649.999660] device veth93b042c left promiscuous mode
Sep 24 17:00:08 da12fb1ecfde kernel: [10649.999662] docker0: port 1(veth93b042c) entered disabled state
Sep 24 17:00:08 da12fb1ecfde kernel: [10718.457495] docker0: port 1(vethe8165b6) entered blocking state
Sep 24 17:00:08 da12fb1ecfde kernel: [10718.457498] docker0: port 1(vethe8165b6) entered disabled state
Sep 24 17:00:08 da12fb1ecfde kernel: [10718.457530] device vethe8165b6 entered promiscuous mode
Sep 24 17:00:08 da12fb1ecfde kernel: [10718.736473] eth0: renamed from veth865f6a5
Sep 24 17:00:08 da12fb1ecfde kernel: [10718.796327] IPv6: ADDRCONF(NETDEV_CHANGE): vethe8165b6: link becomes ready
Sep 24 17:00:08 da12fb1ecfde kernel: [10718.796388] docker0: port 1(vethe8165b6) entered blocking state
Sep 24 17:00:08 da12fb1ecfde kernel: [10718.796390] docker0: port 1(vethe8165b6) entered forwarding state
Sep 24 17:00:08 da12fb1ecfde kernel: [10722.300462] docker0: port 1(vethe8165b6) entered disabled state
Sep 24 17:00:08 da12fb1ecfde kernel: [10722.300568] veth865f6a5: renamed from eth0
Sep 24 17:00:08 da12fb1ecfde kernel: [10722.476671] docker0: port 2(vethce1c8c4) entered blocking state
Sep 24 17:00:08 da12fb1ecfde kernel: [10722.476674] docker0: port 2(vethce1c8c4) entered disabled state
Sep 24 17:00:08 da12fb1ecfde kernel: [10722.476709] device vethce1c8c4 entered promiscuous mode
Sep 24 17:00:08 da12fb1ecfde kernel: [10722.476756] docker0: port 2(vethce1c8c4) entered blocking state
Sep 24 17:00:08 da12fb1ecfde kernel: [10722.476758] docker0: port 2(vethce1c8c4) entered forwarding state
Sep 24 17:00:08 da12fb1ecfde kernel: [10722.482296] docker0: port 1(vethe8165b6) entered disabled state
Sep 24 17:00:08 da12fb1ecfde kernel: [10722.482996] device vethe8165b6 left promiscuous mode
Sep 24 17:00:08 da12fb1ecfde kernel: [10722.483002] docker0: port 1(vethe8165b6) entered disabled state
Sep 24 17:00:08 da12fb1ecfde kernel: [10722.766722] eth0: renamed from veth54469ee
Sep 24 17:00:08 da12fb1ecfde kernel: [10722.816522] IPv6: ADDRCONF(NETDEV_CHANGE): vethce1c8c4: link becomes ready
Sep 24 17:00:08 da12fb1ecfde kernel: [10741.782535] docker0: port 2(vethce1c8c4) entered disabled state
Sep 24 17:00:08 da12fb1ecfde kernel: [10741.782580] veth54469ee: renamed from eth0
Sep 24 17:00:08 da12fb1ecfde kernel: [10741.886621] docker0: port 1(veth148a514) entered blocking state
Sep 24 17:00:08 da12fb1ecfde kernel: [10741.886624] docker0: port 1(veth148a514) entered disabled state
Sep 24 17:00:08 da12fb1ecfde kernel: [10741.886652] device veth148a514 entered promiscuous mode
Sep 24 17:00:08 da12fb1ecfde kernel: [10741.886692] docker0: port 1(veth148a514) entered blocking state
Sep 24 17:00:08 da12fb1ecfde kernel: [10741.886693] docker0: port 1(veth148a514) entered forwarding state
Sep 24 17:00:08 da12fb1ecfde kernel: [10741.888497] docker0: port 2(vethce1c8c4) entered disabled state
Sep 24 17:00:08 da12fb1ecfde kernel: [10741.888879] device vethce1c8c4 left promiscuous mode
Sep 24 17:00:08 da12fb1ecfde kernel: [10741.888896] docker0: port 2(vethce1c8c4) entered disabled state
Sep 24 17:00:08 da12fb1ecfde kernel: [10742.166374] eth0: renamed from veth03251d1
Sep 24 17:00:08 da12fb1ecfde kernel: [10742.226329] IPv6: ADDRCONF(NETDEV_CHANGE): veth148a514: link becomes ready
Sep 24 17:00:08 da12fb1ecfde kernel: [10852.439956] docker0: port 1(veth148a514) entered disabled state
Sep 24 17:00:08 da12fb1ecfde kernel: [10852.439998] veth03251d1: renamed from eth0
Sep 24 17:00:08 da12fb1ecfde kernel: [10852.596471] docker0: port 2(vethd8dbddc) entered blocking state
Sep 24 17:00:08 da12fb1ecfde kernel: [10852.596473] docker0: port 2(vethd8dbddc) entered disabled state
Sep 24 17:00:08 da12fb1ecfde kernel: [10852.596517] device vethd8dbddc entered promiscuous mode
Sep 24 17:00:08 da12fb1ecfde kernel: [10852.596564] docker0: port 2(vethd8dbddc) entered blocking state
Sep 24 17:00:08 da12fb1ecfde kernel: [10852.596565] docker0: port 2(vethd8dbddc) entered forwarding state
Sep 24 17:00:08 da12fb1ecfde kernel: [10852.598284] docker0: port 1(veth148a514) entered disabled state
Sep 24 17:00:08 da12fb1ecfde kernel: [10852.598835] device veth148a514 left promiscuous mode
Sep 24 17:00:08 da12fb1ecfde kernel: [10852.598855] docker0: port 1(veth148a514) entered disabled state
Sep 24 17:00:08 da12fb1ecfde kernel: [10852.866384] eth0: renamed from veth7dc74d7
Sep 24 17:00:08 da12fb1ecfde kernel: [10852.936299] IPv6: ADDRCONF(NETDEV_CHANGE): vethd8dbddc: link becomes ready
Sep 24 17:00:08 da12fb1ecfde kernel: [10852.964617] docker0: port 2(vethd8dbddc) entered disabled state
Sep 24 17:00:08 da12fb1ecfde systemd-sysctl[27]: Couldn't write '176' to 'kernel/sysrq', ignoring: No such file or directory
Sep 24 17:00:08 da12fb1ecfde kernel: [10852.964712] veth7dc74d7: renamed from eth0
Sep 24 17:00:08 da12fb1ecfde kernel: [10853.157194] docker0: port 1(vethab87bc3) entered blocking state
Sep 24 17:00:08 da12fb1ecfde kernel: [10853.157197] docker0: port 1(vethab87bc3) entered disabled state
Sep 24 17:00:08 da12fb1ecfde kernel: [10853.157261] device vethab87bc3 entered promiscuous mode
Sep 24 17:00:08 da12fb1ecfde systemd-sysctl[27]: Couldn't write '1' to 'kernel/yama/ptrace_scope', ignoring: No such file or directory
Sep 24 17:00:08 da12fb1ecfde systemd-sysctl[27]: Not setting net/ipv4/conf/all/promote_secondaries (explicit setting exists).
Sep 24 17:00:08 da12fb1ecfde systemd-sysctl[27]: Not setting net/ipv4/conf/default/promote_secondaries (explicit setting exists).
Sep 24 17:00:08 da12fb1ecfde systemd-sysctl[27]: Couldn't write 'fq_codel' to 'net/core/default_qdisc', ignoring: No such file or directory
Sep 24 17:00:08 da12fb1ecfde kernel: [10853.157317] docker0: port 1(vethab87bc3) entered blocking state
Sep 24 17:00:08 da12fb1ecfde kernel: [10853.157318] docker0: port 1(vethab87bc3) entered forwarding state
Sep 24 17:00:08 da12fb1ecfde kernel: [10853.161085] docker0: port 2(vethd8dbddc) entered disabled state
Sep 24 17:00:08 da12fb1ecfde kernel: [10853.161620] device vethd8dbddc left promiscuous mode
Sep 24 17:00:08 da12fb1ecfde kernel: [10853.161650] docker0: port 2(vethd8dbddc) entered disabled state
Sep 24 17:00:08 da12fb1ecfde kernel: [10853.546329] docker0: port 1(vethab87bc3) entered disabled state
Sep 24 17:00:08 da12fb1ecfde kernel: [10853.546529] eth0: renamed from vetha924f6a
Sep 24 17:00:08 da12fb1ecfde kernel: [10853.596334] IPv6: ADDRCONF(NETDEV_CHANGE): vethab87bc3: link becomes ready
Sep 24 17:00:08 da12fb1ecfde kernel: [10853.596399] docker0: port 1(vethab87bc3) entered blocking state
Sep 24 17:00:08 da12fb1ecfde kernel: [10853.596400] docker0: port 1(vethab87bc3) entered forwarding state
Sep 24 17:00:08 da12fb1ecfde kernel: [10853.632689] docker0: port 1(vethab87bc3) entered disabled state
Sep 24 17:00:08 da12fb1ecfde kernel: [10853.632797] vetha924f6a: renamed from eth0
Sep 24 17:00:08 da12fb1ecfde kernel: [10853.787416] docker0: port 2(veth0e77dc2) entered blocking state
Sep 24 17:00:08 da12fb1ecfde kernel: [10853.787419] docker0: port 2(veth0e77dc2) entered disabled state
Sep 24 17:00:08 da12fb1ecfde kernel: [10853.787451] device veth0e77dc2 entered promiscuous mode
Sep 24 17:00:08 da12fb1ecfde kernel: [10853.787508] docker0: port 2(veth0e77dc2) entered blocking state
Sep 24 17:00:08 da12fb1ecfde kernel: [10853.787509] docker0: port 2(veth0e77dc2) entered forwarding state
Sep 24 17:00:08 da12fb1ecfde kernel: [10853.791926] docker0: port 1(vethab87bc3) entered disabled state
Sep 24 17:00:08 da12fb1ecfde kernel: [10853.792447] device vethab87bc3 left promiscuous mode
Sep 24 17:00:08 da12fb1ecfde kernel: [10853.792474] docker0: port 1(vethab87bc3) entered disabled state
Sep 24 17:00:08 da12fb1ecfde kernel: [10854.116631] eth0: renamed from veth35d054b
Sep 24 17:00:08 da12fb1ecfde kernel: [10854.186519] IPv6: ADDRCONF(NETDEV_CHANGE): veth0e77dc2: link becomes ready
Sep 24 17:00:08 da12fb1ecfde kernel: [10857.936818] docker0: port 2(veth0e77dc2) entered disabled state
Sep 24 17:00:08 da12fb1ecfde kernel: [10857.936870] veth35d054b: renamed from eth0
Sep 24 17:00:08 da12fb1ecfde kernel: [10858.056701] docker0: port 1(vetha55f0df) entered blocking state
Sep 24 17:00:08 da12fb1ecfde kernel: [10858.056703] docker0: port 1(vetha55f0df) entered disabled state
Sep 24 17:00:08 da12fb1ecfde kernel: [10858.056744] device vetha55f0df entered promiscuous mode
Sep 24 17:00:08 da12fb1ecfde kernel: [10858.056796] docker0: port 1(vetha55f0df) entered blocking state
Sep 24 17:00:08 da12fb1ecfde kernel: [10858.056797] docker0: port 1(vetha55f0df) entered forwarding state
Sep 24 17:00:08 da12fb1ecfde kernel: [10858.060523] docker0: port 2(veth0e77dc2) entered disabled state
Sep 24 17:00:08 da12fb1ecfde kernel: [10858.060855] device veth0e77dc2 left promiscuous mode
Sep 24 17:00:08 da12fb1ecfde systemd-sysusers[28]: Creating group systemd-coredump with gid 999.
Sep 24 17:00:08 da12fb1ecfde kernel: [10858.060857] docker0: port 2(veth0e77dc2) entered disabled state
Sep 24 17:00:08 da12fb1ecfde kernel: [10858.356493] eth0: renamed from veth902d859
Sep 24 17:00:08 da12fb1ecfde kernel: [10858.416557] IPv6: ADDRCONF(NETDEV_CHANGE): vetha55f0df: link becomes ready
Sep 24 17:00:08 da12fb1ecfde kernel: [10865.227020] veth902d859: renamed from eth0
Sep 24 17:00:08 da12fb1ecfde kernel: [10865.306173] docker0: port 1(vetha55f0df) entered disabled state
Sep 24 17:00:08 da12fb1ecfde kernel: [10865.386624] docker0: port 2(vethca69eb9) entered blocking state
Sep 24 17:00:08 da12fb1ecfde kernel: [10865.386627] docker0: port 2(vethca69eb9) entered disabled state
Sep 24 17:00:08 da12fb1ecfde kernel: [10865.386659] device vethca69eb9 entered promiscuous mode
Sep 24 17:00:08 da12fb1ecfde systemd-sysusers[28]: Creating user systemd-coredump (systemd Core Dumper) with uid 999 and gid 999.
Sep 24 17:00:08 da12fb1ecfde kernel: [10865.386706] docker0: port 2(vethca69eb9) entered blocking state
Sep 24 17:00:08 da12fb1ecfde kernel: [10865.386707] docker0: port 2(vethca69eb9) entered forwarding state
Sep 24 17:00:08 da12fb1ecfde kernel: [10865.388850] docker0: port 1(vetha55f0df) entered disabled state
Sep 24 17:00:08 da12fb1ecfde kernel: [10865.389165] device vetha55f0df left promiscuous mode
Sep 24 17:00:08 da12fb1ecfde kernel: [10865.389167] docker0: port 1(vetha55f0df) entered disabled state
Sep 24 17:00:08 da12fb1ecfde systemd[1]: Starting Flush Journal to Persistent Storage...
Sep 24 17:00:08 da12fb1ecfde kernel: [10865.646302] eth0: renamed from veth39f0e53
Sep 24 17:00:08 da12fb1ecfde kernel: [10865.686246] IPv6: ADDRCONF(NETDEV_CHANGE): vethca69eb9: link becomes ready
Sep 24 17:00:08 da12fb1ecfde kernel: [10918.277296] docker0: port 2(vethca69eb9) entered disabled state
Sep 24 17:00:08 da12fb1ecfde kernel: [10918.277426] veth39f0e53: renamed from eth0
Sep 24 17:00:08 da12fb1ecfde kernel: [10918.396761] docker0: port 1(veth01fdba0) entered blocking state
Sep 24 17:00:08 da12fb1ecfde kernel: [10918.396764] docker0: port 1(veth01fdba0) entered disabled state
Sep 24 17:00:08 da12fb1ecfde kernel: [10918.396804] device veth01fdba0 entered promiscuous mode
Sep 24 17:00:08 da12fb1ecfde kernel: [10918.396853] docker0: port 1(veth01fdba0) entered blocking state
Sep 24 17:00:08 da12fb1ecfde kernel: [10918.396854] docker0: port 1(veth01fdba0) entered forwarding state
Sep 24 17:00:08 da12fb1ecfde kernel: [10918.400340] docker0: port 2(vethca69eb9) entered disabled state
Sep 24 17:00:08 da12fb1ecfde kernel: [10918.400650] device vethca69eb9 left promiscuous mode
Sep 24 17:00:08 da12fb1ecfde kernel: [10918.400652] docker0: port 2(vethca69eb9) entered disabled state
Sep 24 17:00:08 da12fb1ecfde systemd[1]: Finished Flush Journal to Persistent Storage.
Sep 24 17:00:08 da12fb1ecfde kernel: [10918.736487] eth0: renamed from veth181f05f
Sep 24 17:00:08 da12fb1ecfde kernel: [10918.796462] IPv6: ADDRCONF(NETDEV_CHANGE): veth01fdba0: link becomes ready
Sep 24 17:00:08 da12fb1ecfde kernel: [10919.011883] docker0: port 1(veth01fdba0) entered disabled state
Sep 24 17:00:08 da12fb1ecfde kernel: [10919.011954] veth181f05f: renamed from eth0
Sep 24 17:00:08 da12fb1ecfde kernel: [10919.166616] docker0: port 2(veth6bb5a97) entered blocking state
Sep 24 17:00:08 da12fb1ecfde kernel: [10919.166619] docker0: port 2(veth6bb5a97) entered disabled state
Sep 24 17:00:08 da12fb1ecfde kernel: [10919.166655] device veth6bb5a97 entered promiscuous mode
Sep 24 17:00:08 da12fb1ecfde kernel: [10919.166710] docker0: port 2(veth6bb5a97) entered blocking state
Sep 24 17:00:08 da12fb1ecfde systemd[1]: Starting Create Volatile Files and Directories...
Sep 24 17:00:08 da12fb1ecfde kernel: [10919.166711] docker0: port 2(veth6bb5a97) entered forwarding state
Sep 24 17:00:08 da12fb1ecfde kernel: [10919.175346] docker0: port 1(veth01fdba0) entered disabled state
Sep 24 17:00:08 da12fb1ecfde kernel: [10919.175639] device veth01fdba0 left promiscuous mode
Sep 24 17:00:08 da12fb1ecfde kernel: [10919.175641] docker0: port 1(veth01fdba0) entered disabled state
Sep 24 17:00:08 da12fb1ecfde systemd[1]: Finished Create Volatile Files and Directories.
Sep 24 17:00:08 da12fb1ecfde kernel: [10919.286042] docker0: port 2(veth6bb5a97) entered disabled state
Sep 24 17:00:08 da12fb1ecfde systemd[1]: Starting Update UTMP about System Boot/Shutdown...
Sep 24 17:00:08 da12fb1ecfde systemd[1]: Finished Update UTMP about System Boot/Shutdown.
Sep 24 17:00:08 da12fb1ecfde systemd[1]: Reached target System Initialization.
Sep 24 17:00:08 da12fb1ecfde systemd[1]: Started Daily rotation of log files.
Sep 24 17:00:08 da12fb1ecfde systemd[1]: Started Daily Cleanup of Temporary Directories.
Sep 24 17:00:08 da12fb1ecfde systemd[1]: Reached target Timers.
Sep 24 17:00:08 da12fb1ecfde systemd[1]: Listening on D-Bus System Message Bus Socket.
Sep 24 17:00:08 da12fb1ecfde systemd[1]: Reached target Sockets.
Sep 24 17:00:08 da12fb1ecfde systemd[1]: Reached target Basic System.
Sep 24 17:00:08 da12fb1ecfde systemd[1]: Started Save initial kernel messages after boot.
Sep 24 17:00:08 da12fb1ecfde kernel: [10919.476393] eth0: renamed from veth37f2a14
Sep 24 17:00:08 da12fb1ecfde systemd[1]: Condition check resulted in getty on tty2-tty6 if dbus and logind are not available being skipped.
Sep 24 17:00:08 da12fb1ecfde kernel: [10919.526264] IPv6: ADDRCONF(NETDEV_CHANGE): veth6bb5a97: link becomes ready
Sep 24 17:00:08 da12fb1ecfde kernel: [10919.526335] docker0: port 2(veth6bb5a97) entered blocking state
Sep 24 17:00:08 da12fb1ecfde kernel: [10919.526336] docker0: port 2(veth6bb5a97) entered forwarding state
Sep 24 17:00:08 da12fb1ecfde kernel: [10919.813826] docker0: port 2(veth6bb5a97) entered disabled state
Sep 24 17:00:08 da12fb1ecfde kernel: [10919.813939] veth37f2a14: renamed from eth0
Sep 24 17:00:08 da12fb1ecfde kernel: [10919.946894] docker0: port 1(vethea3e358) entered blocking state
Sep 24 17:00:08 da12fb1ecfde kernel: [10919.946897] docker0: port 1(vethea3e358) entered disabled state
Sep 24 17:00:08 da12fb1ecfde kernel: [10919.946930] device vethea3e358 entered promiscuous mode
Sep 24 17:00:08 da12fb1ecfde kernel: [10919.946977] docker0: port 1(vethea3e358) entered blocking state
Sep 24 17:00:08 da12fb1ecfde kernel: [10919.946978] docker0: port 1(vethea3e358) entered forwarding state
Sep 24 17:00:08 da12fb1ecfde kernel: [10919.958631] docker0: port 2(veth6bb5a97) entered disabled state
Sep 24 17:00:08 da12fb1ecfde kernel: [10919.958934] device veth6bb5a97 left promiscuous mode
Sep 24 17:00:08 da12fb1ecfde kernel: [10919.958936] docker0: port 2(veth6bb5a97) entered disabled state
Sep 24 17:00:08 da12fb1ecfde kernel: [10920.276441] eth0: renamed from veth03c6852
Sep 24 17:00:08 da12fb1ecfde kernel: [10920.336196] docker0: port 1(vethea3e358) entered disabled state
Sep 24 17:00:08 da12fb1ecfde kernel: [10920.336538] IPv6: ADDRCONF(NETDEV_CHANGE): vethea3e358: link becomes ready
Sep 24 17:00:08 da12fb1ecfde kernel: [10920.336611] docker0: port 1(vethea3e358) entered blocking state
Sep 24 17:00:08 da12fb1ecfde kernel: [10920.336613] docker0: port 1(vethea3e358) entered forwarding state
Sep 24 17:00:08 da12fb1ecfde kernel: [10921.772412] docker0: port 1(vethea3e358) entered disabled state
Sep 24 17:00:08 da12fb1ecfde systemd[1]: Starting System Logging Service...
Sep 24 17:00:08 da12fb1ecfde kernel: [10921.772462] veth03c6852: renamed from eth0
Sep 24 17:00:08 da12fb1ecfde kernel: [10921.926659] docker0: port 2(veth99c4f03) entered blocking state
Sep 24 17:00:08 da12fb1ecfde kernel: [10921.926662] docker0: port 2(veth99c4f03) entered disabled state
Sep 24 17:00:08 da12fb1ecfde kernel: [10921.926694] device veth99c4f03 entered promiscuous mode
Sep 24 17:00:08 da12fb1ecfde kernel: [10921.926750] docker0: port 2(veth99c4f03) entered blocking state
Sep 24 17:00:08 da12fb1ecfde systemd[1]: Starting Login Service...
Sep 24 17:00:08 da12fb1ecfde kernel: [10921.926751] docker0: port 2(veth99c4f03) entered forwarding state
Sep 24 17:00:08 da12fb1ecfde kernel: [10921.936344] docker0: port 1(vethea3e358) entered disabled state
Sep 24 17:00:08 da12fb1ecfde kernel: [10921.936848] device vethea3e358 left promiscuous mode
Sep 24 17:00:08 da12fb1ecfde kernel: [10921.936875] docker0: port 1(vethea3e358) entered disabled state
Sep 24 17:00:08 da12fb1ecfde kernel: [10922.256396] eth0: renamed from veth70a6ee8
Sep 24 17:00:08 da12fb1ecfde kernel: [10922.346309] IPv6: ADDRCONF(NETDEV_CHANGE): veth99c4f03: link becomes ready
Sep 24 17:00:08 da12fb1ecfde kernel: [10925.524513] docker0: port 2(veth99c4f03) entered disabled state
Sep 24 17:00:08 da12fb1ecfde systemd[1]: Starting Permit User Sessions...
Sep 24 17:00:08 da12fb1ecfde kernel: [10925.524549] veth70a6ee8: renamed from eth0
Sep 24 17:00:08 da12fb1ecfde kernel: [10925.696993] docker0: port 1(vethcb2d0c4) entered blocking state
Sep 24 17:00:08 da12fb1ecfde rsyslogd: imuxsock: Acquired UNIX socket '/run/systemd/journal/syslog' (fd 3) from systemd.  [v8.2001.0]
Sep 24 17:00:08 da12fb1ecfde kernel: [10925.696995] docker0: port 1(vethcb2d0c4) entered disabled state
Sep 24 17:00:08 da12fb1ecfde kernel: [10925.697023] device vethcb2d0c4 entered promiscuous mode
Sep 24 17:00:08 da12fb1ecfde kernel: [10925.697063] docker0: port 1(vethcb2d0c4) entered blocking state
Sep 24 17:00:08 da12fb1ecfde kernel: [10925.697064] docker0: port 1(vethcb2d0c4) entered forwarding state
Sep 24 17:00:08 da12fb1ecfde kernel: [10925.699360] docker0: port 2(veth99c4f03) entered disabled state
Sep 24 17:00:08 da12fb1ecfde kernel: [10925.699972] device veth99c4f03 left promiscuous mode
Sep 24 17:00:08 da12fb1ecfde kernel: [10925.699976] docker0: port 2(veth99c4f03) entered disabled state
Sep 24 17:00:08 da12fb1ecfde kernel: [10925.986282] eth0: renamed from vethd392494
Sep 24 17:00:08 da12fb1ecfde kernel: [10926.056231] IPv6: ADDRCONF(NETDEV_CHANGE): vethcb2d0c4: link becomes ready
Sep 24 17:00:08 da12fb1ecfde kernel: [10926.248770] docker0: port 1(vethcb2d0c4) entered disabled state
Sep 24 17:00:08 da12fb1ecfde kernel: [10926.248834] vethd392494: renamed from eth0
Sep 24 17:00:08 da12fb1ecfde kernel: [10926.396948] docker0: port 2(veth31597d4) entered blocking state
Sep 24 17:00:08 da12fb1ecfde kernel: [10926.396950] docker0: port 2(veth31597d4) entered disabled state
Sep 24 17:00:08 da12fb1ecfde kernel: [10926.396987] device veth31597d4 entered promiscuous mode
Sep 24 17:00:08 da12fb1ecfde kernel: [10926.397033] docker0: port 2(veth31597d4) entered blocking state
Sep 24 17:00:08 da12fb1ecfde kernel: [10926.397034] docker0: port 2(veth31597d4) entered forwarding state
Sep 24 17:00:08 da12fb1ecfde kernel: [10926.398809] docker0: port 1(vethcb2d0c4) entered disabled state
Sep 24 17:00:08 da12fb1ecfde kernel: [10926.399104] device vethcb2d0c4 left promiscuous mode
Sep 24 17:00:08 da12fb1ecfde kernel: [10926.399107] docker0: port 1(vethcb2d0c4) entered disabled state
Sep 24 17:00:08 da12fb1ecfde kernel: [10926.536109] docker0: port 2(veth31597d4) entered disabled state
Sep 24 17:00:08 da12fb1ecfde kernel: [10926.716403] eth0: renamed from veth5f294b2
Sep 24 17:00:08 da12fb1ecfde kernel: [10926.756291] IPv6: ADDRCONF(NETDEV_CHANGE): veth31597d4: link becomes ready
Sep 24 17:00:08 da12fb1ecfde kernel: [10926.756350] docker0: port 2(veth31597d4) entered blocking state
Sep 24 17:00:08 da12fb1ecfde kernel: [10926.756351] docker0: port 2(veth31597d4) entered forwarding state
Sep 24 17:00:08 da12fb1ecfde kernel: [10926.781301] docker0: port 2(veth31597d4) entered disabled state
Sep 24 17:00:08 da12fb1ecfde kernel: [10926.781340] veth5f294b2: renamed from eth0
Sep 24 17:00:08 da12fb1ecfde kernel: [10926.998497] docker0: port 2(veth31597d4) entered disabled state
Sep 24 17:00:08 da12fb1ecfde kernel: [10926.998941] device veth31597d4 left promiscuous mode
Sep 24 17:00:08 da12fb1ecfde kernel: [10926.998946] docker0: port 2(veth31597d4) entered disabled state
Sep 24 17:00:08 da12fb1ecfde kernel: [10971.478061] docker0: port 1(veth9bece5d) entered blocking state
Sep 24 17:00:08 da12fb1ecfde kernel: [10971.478064] docker0: port 1(veth9bece5d) entered disabled state
Sep 24 17:00:08 da12fb1ecfde kernel: [10971.478090] device veth9bece5d entered promiscuous mode
Sep 24 17:00:08 da12fb1ecfde kernel: [10971.696341] eth0: renamed from veth79685aa
Sep 24 17:00:08 da12fb1ecfde kernel: [10971.756254] IPv6: ADDRCONF(NETDEV_CHANGE): veth9bece5d: link becomes ready
Sep 24 17:00:08 da12fb1ecfde kernel: [10971.756318] docker0: port 1(veth9bece5d) entered blocking state
Sep 24 17:00:08 da12fb1ecfde kernel: [10971.756319] docker0: port 1(veth9bece5d) entered forwarding state
Sep 24 17:00:08 da12fb1ecfde kernel: [10971.873797] systemd-journald[23]: Received client request to flush runtime journal.
Sep 24 17:00:08 da12fb1ecfde rsyslogd: rsyslogd's groupid changed to 106
Sep 24 17:00:08 da12fb1ecfde systemd[1]: Started System Logging Service.
Sep 24 17:00:08 da12fb1ecfde rsyslogd: rsyslogd's userid changed to 105
Sep 24 17:00:08 da12fb1ecfde rsyslogd: [origin software="rsyslogd" swVersion="8.2001.0" x-pid="36" x-info="https://www.rsyslog.com"] start
Sep 24 17:00:08 da12fb1ecfde systemd[1]: Finished Permit User Sessions.
Sep 24 17:00:08 da12fb1ecfde systemd[1]: Condition check resulted in Console Getty being skipped.
Sep 24 17:00:08 da12fb1ecfde systemd[1]: Reached target Login Prompts.
Sep 24 17:00:08 da12fb1ecfde systemd[1]: Started D-Bus System Message Bus.
Sep 24 17:00:08 da12fb1ecfde systemd[1]: Started Login Service.
Sep 24 17:00:08 da12fb1ecfde systemd[1]: Reached target Multi-User System.
Sep 24 17:00:08 da12fb1ecfde dbus-daemon[42]: [system] Successfully activated service 'org.freedesktop.systemd1'
Sep 24 17:00:08 da12fb1ecfde systemd[1]: Reached target Graphical Interface.
Sep 24 17:00:08 da12fb1ecfde systemd[1]: Starting Update UTMP about System Runlevel Changes...
Sep 24 17:00:08 da12fb1ecfde systemd[1]: systemd-update-utmp-runlevel.service: Succeeded.
Sep 24 17:00:08 da12fb1ecfde systemd[1]: Finished Update UTMP about System Runlevel Changes.
Sep 24 17:00:08 da12fb1ecfde systemd[1]: Startup finished in 207ms.
Sep 24 17:00:08 da12fb1ecfde systemd[1]: dmesg.service: Succeeded.
Sep 24 17:01:18 da12fb1ecfde systemd[1]: Reloading.
Sep 24 17:01:18 da12fb1ecfde systemd[1]: Reloading.
Sep 24 17:01:18 da12fb1ecfde systemd[1]: Starting Sysmon event logger...
Sep 24 17:01:18 da12fb1ecfde systemd[1]: Reloading.
Sep 24 17:01:18 da12fb1ecfde systemd[1]: Reloading.
Sep 24 17:01:18 da12fb1ecfde sysmon[101]: Sysmon v1.0.2 - Monitors system events
Sep 24 17:01:18 da12fb1ecfde sysmon[101]: Sysinternals - www.sysinternals.com
Sep 24 17:01:18 da12fb1ecfde sysmon[101]: By Mark Russinovich, Thomas Garnier and Kevin Sheldrake
Sep 24 17:01:18 da12fb1ecfde sysmon[101]: Copyright (C) 2014-2021 Microsoft Corporation
Sep 24 17:01:18 da12fb1ecfde sysmon[101]: Using libxml2. libxml2 is Copyright (C) 1998-2012 Daniel Veillard. All Rights Reserved.
Sep 24 17:01:18 da12fb1ecfde sysmon[101]: Loading configuration file with schema version 4.70
Sep 24 17:01:18 da12fb1ecfde sysmon[101]: Sysmon schema version: 4.81
Sep 24 17:01:18 da12fb1ecfde sysmon[101]: Configuration file validated.
Sep 24 17:01:18 da12fb1ecfde sysmon[101]: Loading configuration file with schema version 4.70
Sep 24 17:01:18 da12fb1ecfde sysmon[101]: Sysmon schema version: 4.81
Sep 24 17:01:18 da12fb1ecfde sysmon[101]: Configuration file validated.
Sep 24 17:01:18 da12fb1ecfde sysmon[132]: Found Kernel version: 5.10
Sep 24 17:01:18 da12fb1ecfde sysmon[132]: Using EBPF object: .//sysmonEBPFkern5.6-.o
Sep 24 17:01:22 da12fb1ecfde sysmon[132]: Running...
Sep 24 17:01:22 da12fb1ecfde sysmon: <Event><System><Provider Name="Linux-Sysmon" Guid="{ff032593-a8d3-4f13-b0d6-01fc615a0f97}"/><EventID>16</EventID><Version>3</Version><Level>4</Level><Task>16</Task><Opcode>0</Opcode><Keywords>0x8000000000000000</Keywords><TimeCreated SystemTime="2022-09-24T17:01:22.642983000Z"/><EventRecordID>0</EventRecordID><Correlation/><Execution ProcessID="132" ThreadID="132"/><Channel>Linux-Sysmon/Operational</Channel><Computer>da12fb1ecfde</Computer><Security UserId="0"/></System><EventData><Data Name="UtcTime">2022-09-24 17:01:22.642</Data><Data Name="Configuration">SysmonForLinux-CollectAll-Config.xml</Data><Data Name="ConfigurationFileHash">-</Data></EventData></Event>
Sep 24 17:01:22 da12fb1ecfde sysmon: <Event><System><Provider Name="Linux-Sysmon" Guid="{ff032593-a8d3-4f13-b0d6-01fc615a0f97}"/><EventID>4</EventID><Version>3</Version><Level>4</Level><Task>4</Task><Opcode>0</Opcode><Keywords>0x8000000000000000</Keywords><TimeCreated SystemTime="2022-09-24T17:01:22.643055000Z"/><EventRecordID>1</EventRecordID><Correlation/><Execution ProcessID="132" ThreadID="132"/><Channel>Linux-Sysmon/Operational</Channel><Computer>da12fb1ecfde</Computer><Security UserId="0"/></System><EventData><Data Name="UtcTime">2022-09-24 17:01:22.643</Data><Data Name="State">Started</Data><Data Name="Version">1.0.2</Data><Data Name="SchemaVersion">4.81</Data></EventData></Event>
Sep 24 17:01:22 da12fb1ecfde sysmon: <Event><System><Provider Name="Linux-Sysmon" Guid="{ff032593-a8d3-4f13-b0d6-01fc615a0f97}"/><EventID>23</EventID><Version>5</Version><Level>4</Level><Task>23</Task><Opcode>0</Opcode><Keywords>0x8000000000000000</Keywords><TimeCreated SystemTime="2022-09-24T17:01:22.643260000Z"/><EventRecordID>2</EventRecordID><Correlation/><Execution ProcessID="132" ThreadID="132"/><Channel>Linux-Sysmon/Operational</Channel><Computer>da12fb1ecfde</Computer><Security UserId="0"/></System><EventData><Data Name="RuleName">-</Data><Data Name="UtcTime">2022-09-24 17:01:22.649</Data><Data Name="ProcessGuid">{00000000-0000-0000-0000-000000000000}</Data><Data Name="ProcessId">151475</Data><Data Name="User">-</Data><Data Name="Image">-</Data><Data Name="TargetFilename">/dev/shm/sem.sysmon-startup</Data><Data Name="Hashes">-</Data><Data Name="IsExecutable">-</Data><Data Name="Archived">-</Data></EventData></Event>
Sep 24 17:01:22 da12fb1ecfde sysmon: <Event><System><Provider Name="Linux-Sysmon" Guid="{ff032593-a8d3-4f13-b0d6-01fc615a0f97}"/><EventID>5</EventID><Version>3</Version><Level>4</Level><Task>5</Task><Opcode>0</Opcode><Keywords>0x8000000000000000</Keywords><TimeCreated SystemTime="2022-09-24T17:01:22.643874000Z"/><EventRecordID>3</EventRecordID><Correlation/><Execution ProcessID="132" ThreadID="132"/><Channel>Linux-Sysmon/Operational</Channel><Computer>da12fb1ecfde</Computer><Security UserId="0"/></System><EventData><Data Name="RuleName">-</Data><Data Name="UtcTime">2022-09-24 17:01:22.650</Data><Data Name="ProcessGuid">{00000000-0000-0000-0000-000000000000}</Data><Data Name="ProcessId">151475</Data><Data Name="Image">&lt;unknown process&gt;</Data><Data Name="User">-</Data></EventData></Event>
Sep 24 17:01:22 da12fb1ecfde systemd[1]: Started Sysmon event logger.
Sep 24 17:01:22 da12fb1ecfde sysmon: <Event><System><Provider Name="Linux-Sysmon" Guid="{ff032593-a8d3-4f13-b0d6-01fc615a0f97}"/><EventID>5</EventID><Version>3</Version><Level>4</Level><Task>5</Task><Opcode>0</Opcode><Keywords>0x8000000000000000</Keywords><TimeCreated SystemTime="2022-09-24T17:01:22.645019000Z"/><EventRecordID>4</EventRecordID><Correlation/><Execution ProcessID="132" ThreadID="132"/><Channel>Linux-Sysmon/Operational</Channel><Computer>da12fb1ecfde</Computer><Security UserId="0"/></System><EventData><Data Name="RuleName">-</Data><Data Name="UtcTime">2022-09-24 17:01:22.651</Data><Data Name="ProcessGuid">{00000000-0000-0000-0000-000000000000}</Data><Data Name="ProcessId">151474</Data><Data Name="Image">&lt;unknown process&gt;</Data><Data Name="User">-</Data></EventData></Event>
Sep 24 17:01:22 da12fb1ecfde sysmon: <Event><System><Provider Name="Linux-Sysmon" Guid="{ff032593-a8d3-4f13-b0d6-01fc615a0f97}"/><EventID>5</EventID><Version>3</Version><Level>4</Level><Task>5</Task><Opcode>0</Opcode><Keywords>0x8000000000000000</Keywords><TimeCreated SystemTime="2022-09-24T17:01:22.645230000Z"/><EventRecordID>5</EventRecordID><Correlation/><Execution ProcessID="132" ThreadID="132"/><Channel>Linux-Sysmon/Operational</Channel><Computer>da12fb1ecfde</Computer><Security UserId="0"/></System><EventData><Data Name="RuleName">-</Data><Data Name="UtcTime">2022-09-24 17:01:22.651</Data><Data Name="ProcessGuid">{00000000-0000-0000-0000-000000000000}</Data><Data Name="ProcessId">151473</Data><Data Name="Image">&lt;unknown process&gt;</Data><Data Name="User">-</Data></EventData></Event>
Sep 24 17:01:22 da12fb1ecfde sysmon: <Event><System><Provider Name="Linux-Sysmon" Guid="{ff032593-a8d3-4f13-b0d6-01fc615a0f97}"/><EventID>5</EventID><Version>3</Version><Level>4</Level><Task>5</Task><Opcode>0</Opcode><Keywords>0x8000000000000000</Keywords><TimeCreated SystemTime="2022-09-24T17:01:22.645378000Z"/><EventRecordID>6</EventRecordID><Correlation/><Execution ProcessID="132" ThreadID="132"/><Channel>Linux-Sysmon/Operational</Channel><Computer>da12fb1ecfde</Computer><Security UserId="0"/></System><EventData><Data Name="RuleName">-</Data><Data Name="UtcTime">2022-09-24 17:01:22.651</Data><Data Name="ProcessGuid">{00000000-0000-0000-0000-000000000000}</Data><Data Name="ProcessId">151442</Data><Data Name="Image">&lt;unknown process&gt;</Data><Data Name="User">-</Data></EventData></Event>
Sep 24 17:01:22 da12fb1ecfde sysmon: <Event><System><Provider Name="Linux-Sysmon" Guid="{ff032593-a8d3-4f13-b0d6-01fc615a0f97}"/><EventID>5</EventID><Version>3</Version><Level>4</Level><Task>5</Task><Opcode>0</Opcode><Keywords>0x8000000000000000</Keywords><TimeCreated SystemTime="2022-09-24T17:01:22.645844000Z"/><EventRecordID>7</EventRecordID><Correlation/><Execution ProcessID="132" ThreadID="132"/><Channel>Linux-Sysmon/Operational</Channel><Computer>da12fb1ecfde</Computer><Security UserId="0"/></System><EventData><Data Name="RuleName">-</Data><Data Name="UtcTime">2022-09-24 17:01:22.652</Data><Data Name="ProcessGuid">{00000000-0000-0000-0000-000000000000}</Data><Data Name="ProcessId">151441</Data><Data Name="Image">&lt;unknown process&gt;</Data><Data Name="User">-</Data></EventData></Event>
Sep 24 17:01:23 da12fb1ecfde sysmon: <Event><System><Provider Name="Linux-Sysmon" Guid="{ff032593-a8d3-4f13-b0d6-01fc615a0f97}"/><EventID>1</EventID><Version>5</Version><Level>4</Level><Task>1</Task><Opcode>0</Opcode><Keywords>0x8000000000000000</Keywords><TimeCreated SystemTime="2022-09-24T17:01:23.558875000Z"/><EventRecordID>8</EventRecordID><Correlation/><Execution ProcessID="132" ThreadID="132"/><Channel>Linux-Sysmon/Operational</Channel><Computer>da12fb1ecfde</Computer><Security UserId="0"/></System><EventData><Data Name="RuleName">-</Data><Data Name="UtcTime">2022-09-24 13:57:16.357</Data><Data Name="ProcessGuid">{3c0b761a-0cbc-632f-0000-000000000000}</Data><Data Name="ProcessId">151518</Data><Data Name="Image">-</Data><Data Name="FileVersion">-</Data><Data Name="Description">-</Data><Data Name="Product">-</Data><Data Name="Company">-</Data><Data Name="OriginalFileName">-</Data><Data Name="CommandLine">-</Data><Data Name="CurrentDirectory">-</Data><Data Name="User">-</Data><Data Name="LogonGuid">{3c0b761a-0000-0000-ffff-ffffffffffff}</Data><Data Name="LogonId">65535</Data><Data Name="TerminalSessionId">0</Data><Data Name="IntegrityLevel">no level</Data><Data Name="Hashes">-</Data><Data Name="ParentProcessGuid">{00000000-0000-0000-0000-000000000000}</Data><Data Name="ParentProcessId">0</Data><Data Name="ParentImage">-</Data><Data Name="ParentCommandLine">-</Data><Data Name="ParentUser">-</Data></EventData></Event>
Sep 24 17:01:23 da12fb1ecfde sysmon: <Event><System><Provider Name="Linux-Sysmon" Guid="{ff032593-a8d3-4f13-b0d6-01fc615a0f97}"/><EventID>1</EventID><Version>5</Version><Level>4</Level><Task>1</Task><Opcode>0</Opcode><Keywords>0x8000000000000000</Keywords><TimeCreated SystemTime="2022-09-24T17:01:23.559015000Z"/><EventRecordID>9</EventRecordID><Correlation/><Execution ProcessID="132" ThreadID="132"/><Channel>Linux-Sysmon/Operational</Channel><Computer>da12fb1ecfde</Computer><Security UserId="0"/></System><EventData><Data Name="RuleName">-</Data><Data Name="UtcTime">2022-09-24 13:57:16.357</Data><Data Name="ProcessGuid">{3c0b761a-0cbc-632f-0000-000000000000}</Data><Data Name="ProcessId">151518</Data><Data Name="Image">-</Data><Data Name="FileVersion">-</Data><Data Name="Description">-</Data><Data Name="Product">-</Data><Data Name="Company">-</Data><Data Name="OriginalFileName">-</Data><Data Name="CommandLine">-</Data><Data Name="CurrentDirectory">-</Data><Data Name="User">-</Data><Data Name="LogonGuid">{3c0b761a-0000-0000-ffff-ffffffffffff}</Data><Data Name="LogonId">65535</Data><Data Name="TerminalSessionId">0</Data><Data Name="IntegrityLevel">no level</Data><Data Name="Hashes">-</Data><Data Name="ParentProcessGuid">{00000000-0000-0000-0000-000000000000}</Data><Data Name="ParentProcessId">0</Data><Data Name="ParentImage">-</Data><Data Name="ParentCommandLine">-</Data><Data Name="ParentUser">-</Data></EventData></Event>
Sep 24 17:01:23 da12fb1ecfde sysmon: <Event><System><Provider Name="Linux-Sysmon" Guid="{ff032593-a8d3-4f13-b0d6-01fc615a0f97}"/><EventID>5</EventID><Version>3</Version><Level>4</Level><Task>5</Task><Opcode>0</Opcode><Keywords>0x8000000000000000</Keywords><TimeCreated SystemTime="2022-09-24T17:01:23.559053000Z"/><EventRecordID>10</EventRecordID><Correlation/><Execution ProcessID="132" ThreadID="132"/><Channel>Linux-Sysmon/Operational</Channel><Computer>da12fb1ecfde</Computer><Security UserId="0"/></System><EventData><Data Name="RuleName">-</Data><Data Name="UtcTime">2022-09-24 17:01:23.565</Data><Data Name="ProcessGuid">{3c0b761a-0cbc-632f-0000-000000000000}</Data><Data Name="ProcessId">151518</Data><Data Name="Image">(null)</Data><Data Name="User">-</Data></EventData></Event>
Sep 24 17:01:23 da12fb1ecfde sysmon: <Event><System><Provider Name="Linux-Sysmon" Guid="{ff032593-a8d3-4f13-b0d6-01fc615a0f97}"/><EventID>5</EventID><Version>3</Version><Level>4</Level><Task>5</Task><Opcode>0</Opcode><Keywords>0x8000000000000000</Keywords><TimeCreated SystemTime="2022-09-24T17:01:23.585715000Z"/><EventRecordID>11</EventRecordID><Correlation/><Execution ProcessID="132" ThreadID="132"/><Channel>Linux-Sysmon/Operational</Channel><Computer>da12fb1ecfde</Computer><Security UserId="0"/></System><EventData><Data Name="RuleName">-</Data><Data Name="UtcTime">2022-09-24 17:01:23.591</Data><Data Name="ProcessGuid">{00000000-0000-0000-0000-000000000000}</Data><Data Name="ProcessId">140816</Data><Data Name="Image">&lt;unknown process&gt;</Data><Data Name="User">root</Data></EventData></Event>
Sep 24 17:01:23 da12fb1ecfde sysmon: <Event><System><Provider Name="Linux-Sysmon" Guid="{ff032593-a8d3-4f13-b0d6-01fc615a0f97}"/><EventID>5</EventID><Version>3</Version><Level>4</Level><Task>5</Task><Opcode>0</Opcode><Keywords>0x8000000000000000</Keywords><TimeCreated SystemTime="2022-09-24T17:01:23.600226000Z"/><EventRecordID>12</EventRecordID><Correlation/><Execution ProcessID="132" ThreadID="132"/><Channel>Linux-Sysmon/Operational</Channel><Computer>da12fb1ecfde</Computer><Security UserId="0"/></System><EventData><Data Name="RuleName">-</Data><Data Name="UtcTime">2022-09-24 17:01:23.606</Data><Data Name="ProcessGuid">{00000000-0000-0000-0000-000000000000}</Data><Data Name="ProcessId">151517</Data><Data Name="Image">&lt;unknown process&gt;</Data><Data Name="User">root</Data></EventData></Event>
Sep 24 17:01:23 da12fb1ecfde sysmon: <Event><System><Provider Name="Linux-Sysmon" Guid="{ff032593-a8d3-4f13-b0d6-01fc615a0f97}"/><EventID>5</EventID><Version>3</Version><Level>4</Level><Task>5</Task><Opcode>0</Opcode><Keywords>0x8000000000000000</Keywords><TimeCreated SystemTime="2022-09-24T17:01:23.602834000Z"/><EventRecordID>13</EventRecordID><Correlation/><Execution ProcessID="132" ThreadID="132"/><Channel>Linux-Sysmon/Operational</Channel><Computer>da12fb1ecfde</Computer><Security UserId="0"/></System><EventData><Data Name="RuleName">-</Data><Data Name="UtcTime">2022-09-24 17:01:23.609</Data><Data Name="ProcessGuid">{00000000-0000-0000-0000-000000000000}</Data><Data Name="ProcessId">151516</Data><Data Name="Image">&lt;unknown process&gt;</Data><Data Name="User">-</Data></EventData></Event>
Sep 24 17:01:27 da12fb1ecfde sysmon: <Event><System><Provider Name="Linux-Sysmon" Guid="{ff032593-a8d3-4f13-b0d6-01fc615a0f97}"/><EventID>1</EventID><Version>5</Version><Level>4</Level><Task>1</Task><Opcode>0</Opcode><Keywords>0x8000000000000000</Keywords><TimeCreated SystemTime="2022-09-24T17:01:27.397149000Z"/><EventRecordID>14</EventRecordID><Correlation/><Execution ProcessID="132" ThreadID="132"/><Channel>Linux-Sysmon/Operational</Channel><Computer>da12fb1ecfde</Computer><Security UserId="0"/></System><EventData><Data Name="RuleName">-</Data><Data Name="UtcTime">2022-09-24 13:57:16.357</Data><Data Name="ProcessGuid">{3c0b761a-0cbc-632f-0000-000000000000}</Data><Data Name="ProcessId">151521</Data><Data Name="Image">-</Data><Data Name="FileVersion">-</Data><Data Name="Description">-</Data><Data Name="Product">-</Data><Data Name="Company">-</Data><Data Name="OriginalFileName">-</Data><Data Name="CommandLine">-</Data><Data Name="CurrentDirectory">-</Data><Data Name="User">-</Data><Data Name="LogonGuid">{3c0b761a-0000-0000-ffff-ffffffffffff}</Data><Data Name="LogonId">65535</Data><Data Name="TerminalSessionId">0</Data><Data Name="IntegrityLevel">no level</Data><Data Name="Hashes">-</Data><Data Name="ParentProcessGuid">{00000000-0000-0000-0000-000000000000}</Data><Data Name="ParentProcessId">0</Data><Data Name="ParentImage">-</Data><Data Name="ParentCommandLine">-</Data><Data Name="ParentUser">-</Data></EventData></Event>
Sep 24 17:01:27 da12fb1ecfde sysmon: <Event><System><Provider Name="Linux-Sysmon" Guid="{ff032593-a8d3-4f13-b0d6-01fc615a0f97}"/><EventID>1</EventID><Version>5</Version><Level>4</Level><Task>1</Task><Opcode>0</Opcode><Keywords>0x8000000000000000</Keywords><TimeCreated SystemTime="2022-09-24T17:01:27.397334000Z"/><EventRecordID>15</EventRecordID><Correlation/><Execution ProcessID="132" ThreadID="132"/><Channel>Linux-Sysmon/Operational</Channel><Computer>da12fb1ecfde</Computer><Security UserId="0"/></System><EventData><Data Name="RuleName">-</Data><Data Name="UtcTime">2022-09-24 13:57:16.357</Data><Data Name="ProcessGuid">{3c0b761a-0cbc-632f-0000-000000000000}</Data><Data Name="ProcessId">151521</Data><Data Name="Image">-</Data><Data Name="FileVersion">-</Data><Data Name="Description">-</Data><Data Name="Product">-</Data><Data Name="Company">-</Data><Data Name="OriginalFileName">-</Data><Data Name="CommandLine">-</Data><Data Name="CurrentDirectory">-</Data><Data Name="User">-</Data><Data Name="LogonGuid">{3c0b761a-0000-0000-ffff-ffffffffffff}</Data><Data Name="LogonId">65535</Data><Data Name="TerminalSessionId">0</Data><Data Name="IntegrityLevel">no level</Data><Data Name="Hashes">-</Data><Data Name="ParentProcessGuid">{00000000-0000-0000-0000-000000000000}</Data><Data Name="ParentProcessId">0</Data><Data Name="ParentImage">-</Data><Data Name="ParentCommandLine">-</Data><Data Name="ParentUser">-</Data></EventData></Event>
Sep 24 17:01:27 da12fb1ecfde sysmon: <Event><System><Provider Name="Linux-Sysmon" Guid="{ff032593-a8d3-4f13-b0d6-01fc615a0f97}"/><EventID>5</EventID><Version>3</Version><Level>4</Level><Task>5</Task><Opcode>0</Opcode><Keywords>0x8000000000000000</Keywords><TimeCreated SystemTime="2022-09-24T17:01:27.397457000Z"/><EventRecordID>16</EventRecordID><Correlation/><Execution ProcessID="132" ThreadID="132"/><Channel>Linux-Sysmon/Operational</Channel><Computer>da12fb1ecfde</Computer><Security UserId="0"/></System><EventData><Data Name="RuleName">-</Data><Data Name="UtcTime">2022-09-24 17:01:27.403</Data><Data Name="ProcessGuid">{3c0b761a-0cbc-632f-0000-000000000000}</Data><Data Name="ProcessId">151521</Data><Data Name="Image">(null)</Data><Data Name="User">-</Data></EventData></Event>
Sep 24 17:01:27 da12fb1ecfde sysmon: <Event><System><Provider Name="Linux-Sysmon" Guid="{ff032593-a8d3-4f13-b0d6-01fc615a0f97}"/><EventID>5</EventID><Version>3</Version><Level>4</Level><Task>5</Task><Opcode>0</Opcode><Keywords>0x8000000000000000</Keywords><TimeCreated SystemTime="2022-09-24T17:01:27.434354000Z"/><EventRecordID>17</EventRecordID><Correlation/><Execution ProcessID="132" ThreadID="132"/><Channel>Linux-Sysmon/Operational</Channel><Computer>da12fb1ecfde</Computer><Security UserId="0"/></System><EventData><Data Name="RuleName">-</Data><Data Name="UtcTime">2022-09-24 17:01:27.440</Data><Data Name="ProcessGuid">{00000000-0000-0000-0000-000000000000}</Data><Data Name="ProcessId">151520</Data><Data Name="Image">&lt;unknown process&gt;</Data><Data Name="User">root</Data></EventData></Event>
Sep 24 17:01:27 da12fb1ecfde sysmon: <Event><System><Provider Name="Linux-Sysmon" Guid="{ff032593-a8d3-4f13-b0d6-01fc615a0f97}"/><EventID>5</EventID><Version>3</Version><Level>4</Level><Task>5</Task><Opcode>0</Opcode><Keywords>0x8000000000000000</Keywords><TimeCreated SystemTime="2022-09-24T17:01:27.436897000Z"/><EventRecordID>18</EventRecordID><Correlation/><Execution ProcessID="132" ThreadID="132"/><Channel>Linux-Sysmon/Operational</Channel><Computer>da12fb1ecfde</Computer><Security UserId="0"/></System><EventData><Data Name="RuleName">-</Data><Data Name="UtcTime">2022-09-24 17:01:27.443</Data><Data Name="ProcessGuid">{00000000-0000-0000-0000-000000000000}</Data><Data Name="ProcessId">151519</Data><Data Name="Image">&lt;unknown process&gt;</Data><Data Name="User">-</Data></EventData></Event>
Sep 24 17:01:27 da12fb1ecfde sysmon: <Event><System><Provider Name="Linux-Sysmon" Guid="{ff032593-a8d3-4f13-b0d6-01fc615a0f97}"/><EventID>1</EventID><Version>5</Version><Level>4</Level><Task>1</Task><Opcode>0</Opcode><Keywords>0x8000000000000000</Keywords><TimeCreated SystemTime="2022-09-24T17:01:27.465716000Z"/><EventRecordID>19</EventRecordID><Correlation/><Execution ProcessID="132" ThreadID="132"/><Channel>Linux-Sysmon/Operational</Channel><Computer>da12fb1ecfde</Computer><Security UserId="0"/></System><EventData><Data Name="RuleName">-</Data><Data Name="UtcTime">2022-09-24 13:57:16.357</Data><Data Name="ProcessGuid">{3c0b761a-0cbc-632f-0000-000000000000}</Data><Data Name="ProcessId">151524</Data><Data Name="Image">-</Data><Data Name="FileVersion">-</Data><Data Name="Description">-</Data><Data Name="Product">-</Data><Data Name="Company">-</Data><Data Name="OriginalFileName">-</Data><Data Name="CommandLine">-</Data><Data Name="CurrentDirectory">-</Data><Data Name="User">-</Data><Data Name="LogonGuid">{3c0b761a-0000-0000-ffff-ffffffffffff}</Data><Data Name="LogonId">65535</Data><Data Name="TerminalSessionId">0</Data><Data Name="IntegrityLevel">no level</Data><Data Name="Hashes">-</Data><Data Name="ParentProcessGuid">{00000000-0000-0000-0000-000000000000}</Data><Data Name="ParentProcessId">0</Data><Data Name="ParentImage">-</Data><Data Name="ParentCommandLine">-</Data><Data Name="ParentUser">-</Data></EventData></Event>
Sep 24 17:01:27 da12fb1ecfde sysmon: <Event><System><Provider Name="Linux-Sysmon" Guid="{ff032593-a8d3-4f13-b0d6-01fc615a0f97}"/><EventID>1</EventID><Version>5</Version><Level>4</Level><Task>1</Task><Opcode>0</Opcode><Keywords>0x8000000000000000</Keywords><TimeCreated SystemTime="2022-09-24T17:01:27.466111000Z"/><EventRecordID>20</EventRecordID><Correlation/><Execution ProcessID="132" ThreadID="132"/><Channel>Linux-Sysmon/Operational</Channel><Computer>da12fb1ecfde</Computer><Security UserId="0"/></System><EventData><Data Name="RuleName">-</Data><Data Name="UtcTime">2022-09-24 13:57:16.357</Data><Data Name="ProcessGuid">{3c0b761a-0cbc-632f-0000-000000000000}</Data><Data Name="ProcessId">151524</Data><Data Name="Image">-</Data><Data Name="FileVersion">-</Data><Data Name="Description">-</Data><Data Name="Product">-</Data><Data Name="Company">-</Data><Data Name="OriginalFileName">-</Data><Data Name="CommandLine">-</Data><Data Name="CurrentDirectory">-</Data><Data Name="User">-</Data><Data Name="LogonGuid">{3c0b761a-0000-0000-ffff-ffffffffffff}</Data><Data Name="LogonId">65535</Data><Data Name="TerminalSessionId">0</Data><Data Name="IntegrityLevel">no level</Data><Data Name="Hashes">-</Data><Data Name="ParentProcessGuid">{00000000-0000-0000-0000-000000000000}</Data><Data Name="ParentProcessId">0</Data><Data Name="ParentImage">-</Data><Data Name="ParentCommandLine">-</Data><Data Name="ParentUser">-</Data></EventData></Event>
Sep 24 17:01:27 da12fb1ecfde sysmon: <Event><System><Provider Name="Linux-Sysmon" Guid="{ff032593-a8d3-4f13-b0d6-01fc615a0f97}"/><EventID>5</EventID><Version>3</Version><Level>4</Level><Task>5</Task><Opcode>0</Opcode><Keywords>0x8000000000000000</Keywords><TimeCreated SystemTime="2022-09-24T17:01:27.466232000Z"/><EventRecordID>21</EventRecordID><Correlation/><Execution ProcessID="132" ThreadID="132"/><Channel>Linux-Sysmon/Operational</Channel><Computer>da12fb1ecfde</Computer><Security UserId="0"/></System><EventData><Data Name="RuleName">-</Data><Data Name="UtcTime">2022-09-24 17:01:27.472</Data><Data Name="ProcessGuid">{3c0b761a-0cbc-632f-0000-000000000000}</Data><Data Name="ProcessId">151524</Data><Data Name="Image">(null)</Data><Data Name="User">-</Data></EventData></Event>
Sep 24 17:01:27 da12fb1ecfde sysmon: <Event><System><Provider Name="Linux-Sysmon" Guid="{ff032593-a8d3-4f13-b0d6-01fc615a0f97}"/><EventID>5</EventID><Version>3</Version><Level>4</Level><Task>5</Task><Opcode>0</Opcode><Keywords>0x8000000000000000</Keywords><TimeCreated SystemTime="2022-09-24T17:01:27.503168000Z"/><EventRecordID>22</EventRecordID><Correlation/><Execution ProcessID="132" ThreadID="132"/><Channel>Linux-Sysmon/Operational</Channel><Computer>da12fb1ecfde</Computer><Security UserId="0"/></System><EventData><Data Name="RuleName">-</Data><Data Name="UtcTime">2022-09-24 17:01:27.509</Data><Data Name="ProcessGuid">{00000000-0000-0000-0000-000000000000}</Data><Data Name="ProcessId">151523</Data><Data Name="Image">&lt;unknown process&gt;</Data><Data Name="User">root</Data></EventData></Event>
Sep 24 17:01:27 da12fb1ecfde sysmon: <Event><System><Provider Name="Linux-Sysmon" Guid="{ff032593-a8d3-4f13-b0d6-01fc615a0f97}"/><EventID>5</EventID><Version>3</Version><Level>4</Level><Task>5</Task><Opcode>0</Opcode><Keywords>0x8000000000000000</Keywords><TimeCreated SystemTime="2022-09-24T17:01:27.505692000Z"/><EventRecordID>23</EventRecordID><Correlation/><Execution ProcessID="132" ThreadID="132"/><Channel>Linux-Sysmon/Operational</Channel><Computer>da12fb1ecfde</Computer><Security UserId="0"/></System><EventData><Data Name="RuleName">-</Data><Data Name="UtcTime">2022-09-24 17:01:27.511</Data><Data Name="ProcessGuid">{00000000-0000-0000-0000-000000000000}</Data><Data Name="ProcessId">151522</Data><Data Name="Image">&lt;unknown process&gt;</Data><Data Name="User">-</Data></EventData></Event>
Sep 24 17:01:28 da12fb1ecfde sysmon: <Event><System><Provider Name="Linux-Sysmon" Guid="{ff032593-a8d3-4f13-b0d6-01fc615a0f97}"/><EventID>1</EventID><Version>5</Version><Level>4</Level><Task>1</Task><Opcode>0</Opcode><Keywords>0x8000000000000000</Keywords><TimeCreated SystemTime="2022-09-24T17:01:28.536567000Z"/><EventRecordID>24</EventRecordID><Correlation/><Execution ProcessID="132" ThreadID="132"/><Channel>Linux-Sysmon/Operational</Channel><Computer>da12fb1ecfde</Computer><Security UserId="0"/></System><EventData><Data Name="RuleName">-</Data><Data Name="UtcTime">2022-09-24 13:57:16.357</Data><Data Name="ProcessGuid">{3c0b761a-0cbc-632f-0000-000000000000}</Data><Data Name="ProcessId">151527</Data><Data Name="Image">-</Data><Data Name="FileVersion">-</Data><Data Name="Description">-</Data><Data Name="Product">-</Data><Data Name="Company">-</Data><Data Name="OriginalFileName">-</Data><Data Name="CommandLine">-</Data><Data Name="CurrentDirectory">-</Data><Data Name="User">-</Data><Data Name="LogonGuid">{3c0b761a-0000-0000-ffff-ffffffffffff}</Data><Data Name="LogonId">65535</Data><Data Name="TerminalSessionId">0</Data><Data Name="IntegrityLevel">no level</Data><Data Name="Hashes">-</Data><Data Name="ParentProcessGuid">{00000000-0000-0000-0000-000000000000}</Data><Data Name="ParentProcessId">0</Data><Data Name="ParentImage">-</Data><Data Name="ParentCommandLine">-</Data><Data Name="ParentUser">-</Data></EventData></Event>
